2024-07-21 16:05:24.1887|0|DEBUG|Program|init main |url: |action: 
2024-07-21 16:05:26.2835|14|INFO|Microsoft.Hosting.Lifetime|Now listening on: http://localhost:5148 |url: |action: 
2024-07-21 16:05:26.2835|0|INFO|Microsoft.Hosting.Lifetime|Application started. Press Ctrl+C to shut down. |url: |action: 
2024-07-21 16:05:26.2835|0|INFO|Microsoft.Hosting.Lifetime|Hosting environment: Development |url: |action: 
2024-07-21 16:05:26.2835|0|INFO|Microsoft.Hosting.Lifetime|Content root path: C:\Users\димон\Desktop\Я\РУСАЛ\SocialNet\SocialNetworkSystem\Goods.Social.Network\Goods.System.Social.Network.Microservice.Users |url: |action: 
2024-07-21 16:33:42.2510|0|DEBUG|Program|init main |url: |action: 
2024-07-21 16:33:43.8382|14|INFO|Microsoft.Hosting.Lifetime|Now listening on: http://localhost:5148 |url: |action: 
2024-07-21 16:33:43.8382|0|INFO|Microsoft.Hosting.Lifetime|Application started. Press Ctrl+C to shut down. |url: |action: 
2024-07-21 16:33:43.8382|0|INFO|Microsoft.Hosting.Lifetime|Hosting environment: Development |url: |action: 
2024-07-21 16:33:43.8382|0|INFO|Microsoft.Hosting.Lifetime|Content root path: C:\Users\димон\Desktop\Я\РУСАЛ\SocialNet\SocialNetworkSystem\Goods.Social.Network\Goods.System.Social.Network.Microservice.Users |url: |action: 
2024-07-21 16:34:53.8756|3|WARN|Microsoft.AspNetCore.HttpsPolicy.HttpsRedirectionMiddleware|Failed to determine the https port for redirect. |url: http://localhost/api/Avatar|action: Update
2024-07-21 16:35:32.5972|0|DEBUG|Program|init main |url: |action: 
2024-07-21 16:35:34.3077|14|INFO|Microsoft.Hosting.Lifetime|Now listening on: http://localhost:5148 |url: |action: 
2024-07-21 16:35:34.3077|0|INFO|Microsoft.Hosting.Lifetime|Application started. Press Ctrl+C to shut down. |url: |action: 
2024-07-21 16:35:34.3077|0|INFO|Microsoft.Hosting.Lifetime|Hosting environment: Development |url: |action: 
2024-07-21 16:35:34.3077|0|INFO|Microsoft.Hosting.Lifetime|Content root path: C:\Users\димон\Desktop\Я\РУСАЛ\SocialNet\SocialNetworkSystem\Goods.Social.Network\Goods.System.Social.Network.Microservice.Users |url: |action: 
2024-07-21 16:35:40.3770|3|WARN|Microsoft.AspNetCore.HttpsPolicy.HttpsRedirectionMiddleware|Failed to determine the https port for redirect. |url: http://localhost/api/Avatar|action: Update
2024-07-21 16:35:40.7526|0|INFO|Goods.System.Social.Network.Microservice.Users.Controllers.AvatarController|Вызван метод Update |url: http://localhost/api/Avatar|action: Update
2024-07-21 16:36:10.5283|0|DEBUG|Program|init main |url: |action: 
2024-07-21 16:36:12.3363|14|INFO|Microsoft.Hosting.Lifetime|Now listening on: http://localhost:5148 |url: |action: 
2024-07-21 16:36:12.3363|0|INFO|Microsoft.Hosting.Lifetime|Application started. Press Ctrl+C to shut down. |url: |action: 
2024-07-21 16:36:12.3363|0|INFO|Microsoft.Hosting.Lifetime|Hosting environment: Development |url: |action: 
2024-07-21 16:36:12.3363|0|INFO|Microsoft.Hosting.Lifetime|Content root path: C:\Users\димон\Desktop\Я\РУСАЛ\SocialNet\SocialNetworkSystem\Goods.Social.Network\Goods.System.Social.Network.Microservice.Users |url: |action: 
2024-07-21 16:36:16.1256|3|WARN|Microsoft.AspNetCore.HttpsPolicy.HttpsRedirectionMiddleware|Failed to determine the https port for redirect. |url: http://localhost/api/Avatar|action: Update
2024-07-21 16:36:16.4349|0|INFO|Goods.System.Social.Network.Microservice.Users.Controllers.AvatarController|Вызван метод Update |url: http://localhost/api/Avatar|action: Update
2024-07-21 16:36:16.4381|0|TRACE|Goods.System.Social.Network.DomainServices.Interface.GalleryService|Вызван метод UpdateAsync с параметрами: image: -, userId: 8 |url: http://localhost/api/Avatar|action: Update
2024-07-21 16:36:16.4542|0|TRACE|Goods.System.Social.Network.DAL.Repository.Realization.BackgroundRepository|Вызван метод UpdateAsync с параметрами: photo : -, userId: 8 |url: http://localhost/api/Avatar|action: Update
2024-07-21 16:36:16.4542|0|TRACE|Goods.System.Social.Network.DAL.Repository.Realization.BackgroundRepository|Вызван метод Delete с параметрами: userId: 8 |url: http://localhost/api/Avatar|action: Update
2024-07-21 16:36:16.4725|0|TRACE|Goods.System.Social.Network.DAL.Repository.Realization.BackgroundRepository|Вызван метод CreateAsync с параметрами: photo : -, userId: 8 |url: http://localhost/api/Avatar|action: Update
2024-07-21 16:36:17.4555|10400|WARN|Microsoft.EntityFrameworkCore.Model.Validation|Sensitive data logging is enabled. Log entries and exception messages may include sensitive application data; this mode should only be enabled during development. |url: http://localhost/api/Avatar|action: Update
2024-07-21 16:36:18.8283|0|TRACE|Goods.System.Social.Network.DomainServices.Realization.JWTService|Вызван метод UpdateTokenAsync с параметрами: userId : 8 |url: http://localhost/api/Avatar|action: Update
2024-07-21 16:36:18.8283|0|TRACE|Goods.System.Social.Network.DAL.Repository.Realization.UserRepository|Вызван метод GetAsync с параметрами: id : 8 |url: http://localhost/api/Avatar|action: Update
2024-07-21 16:36:18.8785|0|TRACE|Goods.System.Social.Network.DomainServices.Realization.JWTService|Вызван метод GetJWT с параметрами: user : Goods.System.Social.Network.DomainModel.Entities.User |url: http://localhost/api/Avatar|action: Update
2024-07-21 16:42:46.5104|0|DEBUG|Program|init main |url: |action: 
2024-07-21 16:42:48.0733|0|ERROR|Program|Stopped PostMicroservice because of exception System.AggregateException: Some services are not able to be constructed (Error while validating the service descriptor 'ServiceType: Goods.System.Social.Network.DomainServices.Interface.IAvatarService Lifetime: Scoped ImplementationType: Goods.System.Social.Network.DomainServices.Interface.AvatarService': Unable to resolve service for type 'Goods.System.Social.Network.DAL.Repository.Realization.AvatarRepository' while attempting to activate 'Goods.System.Social.Network.DomainServices.Interface.AvatarService'.) (Error while validating the service descriptor 'ServiceType: Goods.System.Social.Network.DomainServices.Interface.IBackgroundService Lifetime: Scoped ImplementationType: Goods.System.Social.Network.DomainServices.Interface.BackgroundService': Unable to resolve service for type 'Goods.System.Social.Network.DAL.Repository.Realization.AvatarRepository' while attempting to activate 'Goods.System.Social.Network.DomainServices.Interface.BackgroundService'.)
 ---> System.InvalidOperationException: Error while validating the service descriptor 'ServiceType: Goods.System.Social.Network.DomainServices.Interface.IAvatarService Lifetime: Scoped ImplementationType: Goods.System.Social.Network.DomainServices.Interface.AvatarService': Unable to resolve service for type 'Goods.System.Social.Network.DAL.Repository.Realization.AvatarRepository' while attempting to activate 'Goods.System.Social.Network.DomainServices.Interface.AvatarService'.
 ---> System.InvalidOperationException: Unable to resolve service for type 'Goods.System.Social.Network.DAL.Repository.Realization.AvatarRepository' while attempting to activate 'Goods.System.Social.Network.DomainServices.Interface.AvatarService'.
   at Microsoft.Extensions.DependencyInjection.ServiceLookup.CallSiteFactory.CreateArgumentCallSites(Type implementationType, CallSiteChain callSiteChain, ParameterInfo[] parameters, Boolean throwIfCallSiteNotFound)
   at Microsoft.Extensions.DependencyInjection.ServiceLookup.CallSiteFactory.CreateConstructorCallSite(ResultCache lifetime, Type serviceType, Type implementationType, CallSiteChain callSiteChain)
   at Microsoft.Extensions.DependencyInjection.ServiceLookup.CallSiteFactory.TryCreateExact(ServiceDescriptor descriptor, Type serviceType, CallSiteChain callSiteChain, Int32 slot)
   at Microsoft.Extensions.DependencyInjection.ServiceLookup.CallSiteFactory.GetCallSite(ServiceDescriptor serviceDescriptor, CallSiteChain callSiteChain)
   at Microsoft.Extensions.DependencyInjection.ServiceProvider.ValidateService(ServiceDescriptor descriptor)
   --- End of inner exception stack trace ---
   at Microsoft.Extensions.DependencyInjection.ServiceProvider.ValidateService(ServiceDescriptor descriptor)
   at Microsoft.Extensions.DependencyInjection.ServiceProvider..ctor(ICollection`1 serviceDescriptors, ServiceProviderOptions options)
   --- End of inner exception stack trace ---
 ---> (Inner Exception #1) System.InvalidOperationException: Error while validating the service descriptor 'ServiceType: Goods.System.Social.Network.DomainServices.Interface.IBackgroundService Lifetime: Scoped ImplementationType: Goods.System.Social.Network.DomainServices.Interface.BackgroundService': Unable to resolve service for type 'Goods.System.Social.Network.DAL.Repository.Realization.AvatarRepository' while attempting to activate 'Goods.System.Social.Network.DomainServices.Interface.BackgroundService'.
 ---> System.InvalidOperationException: Unable to resolve service for type 'Goods.System.Social.Network.DAL.Repository.Realization.AvatarRepository' while attempting to activate 'Goods.System.Social.Network.DomainServices.Interface.BackgroundService'.
   at Microsoft.Extensions.DependencyInjection.ServiceLookup.CallSiteFactory.CreateArgumentCallSites(Type implementationType, CallSiteChain callSiteChain, ParameterInfo[] parameters, Boolean throwIfCallSiteNotFound)
   at Microsoft.Extensions.DependencyInjection.ServiceLookup.CallSiteFactory.CreateConstructorCallSite(ResultCache lifetime, Type serviceType, Type implementationType, CallSiteChain callSiteChain)
   at Microsoft.Extensions.DependencyInjection.ServiceLookup.CallSiteFactory.TryCreateExact(ServiceDescriptor descriptor, Type serviceType, CallSiteChain callSiteChain, Int32 slot)
   at Microsoft.Extensions.DependencyInjection.ServiceLookup.CallSiteFactory.GetCallSite(ServiceDescriptor serviceDescriptor, CallSiteChain callSiteChain)
   at Microsoft.Extensions.DependencyInjection.ServiceProvider.ValidateService(ServiceDescriptor descriptor)
   --- End of inner exception stack trace ---
   at Microsoft.Extensions.DependencyInjection.ServiceProvider.ValidateService(ServiceDescriptor descriptor)
   at Microsoft.Extensions.DependencyInjection.ServiceProvider..ctor(ICollection`1 serviceDescriptors, ServiceProviderOptions options)<---
|url: |action: 
2024-07-21 17:12:37.8929|0|DEBUG|Program|init main |url: |action: 
2024-07-21 17:12:40.4438|14|INFO|Microsoft.Hosting.Lifetime|Now listening on: http://localhost:5148 |url: |action: 
2024-07-21 17:12:40.4438|0|INFO|Microsoft.Hosting.Lifetime|Application started. Press Ctrl+C to shut down. |url: |action: 
2024-07-21 17:12:40.4438|0|INFO|Microsoft.Hosting.Lifetime|Hosting environment: Development |url: |action: 
2024-07-21 17:12:40.4438|0|INFO|Microsoft.Hosting.Lifetime|Content root path: C:\Users\димон\Desktop\Я\РУСАЛ\SocialNet\SocialNetworkSystem\Goods.Social.Network\Goods.System.Social.Network.Microservice.Users |url: |action: 
2024-07-21 17:12:51.4383|3|WARN|Microsoft.AspNetCore.HttpsPolicy.HttpsRedirectionMiddleware|Failed to determine the https port for redirect. |url: http://localhost/api/Avatar|action: Update
2024-07-21 17:12:51.8624|0|INFO|Goods.System.Social.Network.Microservice.Users.Controllers.AvatarController|Вызван метод Update |url: http://localhost/api/Avatar|action: Update
2024-07-21 17:12:51.8624|0|TRACE|Goods.System.Social.Network.DomainServices.Interface.GalleryService|Вызван метод UpdateAsync с параметрами: image: -, userId: 8 |url: http://localhost/api/Avatar|action: Update
2024-07-21 17:12:51.8929|0|TRACE|Goods.System.Social.Network.DAL.Repository.Realization.AvatarRepository|Вызван метод UpdateAsync с параметрами: photo : -, userId: 8 |url: http://localhost/api/Avatar|action: Update
2024-07-21 17:12:51.8929|0|TRACE|Goods.System.Social.Network.DAL.Repository.Realization.AvatarRepository|Вызван метод Delete с параметрами: userId : 8 |url: http://localhost/api/Avatar|action: Update
2024-07-21 17:12:57.5451|0|TRACE|Goods.System.Social.Network.DAL.Repository.Realization.AvatarRepository|Вызван метод CreateAsync с параметрами: email : -, userId: 8 |url: http://localhost/api/Avatar|action: Update
2024-07-21 17:12:58.4470|10400|WARN|Microsoft.EntityFrameworkCore.Model.Validation|Sensitive data logging is enabled. Log entries and exception messages may include sensitive application data; this mode should only be enabled during development. |url: http://localhost/api/Avatar|action: Update
2024-07-21 17:12:59.9593|0|TRACE|Goods.System.Social.Network.DomainServices.Realization.JWTService|Вызван метод UpdateTokenAsync с параметрами: userId : 8 |url: http://localhost/api/Avatar|action: Update
2024-07-21 17:12:59.9692|0|TRACE|Goods.System.Social.Network.DAL.Repository.Realization.UserRepository|Вызван метод GetAsync с параметрами: id : 8 |url: http://localhost/api/Avatar|action: Update
2024-07-21 17:13:00.0167|0|TRACE|Goods.System.Social.Network.DomainServices.Realization.JWTService|Вызван метод GetJWT с параметрами: user : Goods.System.Social.Network.DomainModel.Entities.User |url: http://localhost/api/Avatar|action: Update
