2024-04-30 00:10:19.2162|0|TRACE|Goods.System.Social.Network.DomainServices.Realization.PostService|Вызван метод GetAllAsync с параметрами: search: , userId: 0, number: 0 |url: http://localhost/api/Post/All|action: GetAll
2024-04-30 00:10:19.2277|0|TRACE|Goods.System.Social.Network.DAL.Repository.Realization.PostRepository|Вызван метод GetAllAsync |url: http://localhost/api/Post/All|action: GetAll
2024-04-30 00:10:20.9475|0|TRACE|Goods.System.Social.Network.DomainServices.Realization.UserService|Вызван метод GetAsync с параметрами: id: 5 |url: http://localhost/api/Post/All|action: GetAll
2024-04-30 00:10:20.9475|0|TRACE|Goods.System.Social.Network.DAL.Repository.Realization.UserRepository|Вызван метод GetAsync с параметрами: id : 5 |url: http://localhost/api/Post/All|action: GetAll
2024-04-30 00:10:21.1407|0|TRACE|Goods.System.Social.Network.DomainServices.Realization.UserService|Вызван метод GetAsync с параметрами: id: 5 |url: http://localhost/api/Post/All|action: GetAll
2024-04-30 00:10:21.1407|0|TRACE|Goods.System.Social.Network.DAL.Repository.Realization.UserRepository|Вызван метод GetAsync с параметрами: id : 5 |url: http://localhost/api/Post/All|action: GetAll
2024-04-30 00:10:21.1509|0|TRACE|Goods.System.Social.Network.DomainServices.Realization.UserService|Вызван метод GetAsync с параметрами: id: 3 |url: http://localhost/api/Post/All|action: GetAll
2024-04-30 00:10:21.1509|0|TRACE|Goods.System.Social.Network.DAL.Repository.Realization.UserRepository|Вызван метод GetAsync с параметрами: id : 3 |url: http://localhost/api/Post/All|action: GetAll
2024-04-30 00:10:21.1509|0|TRACE|Goods.System.Social.Network.DomainServices.Realization.UserService|Вызван метод GetAsync с параметрами: id: 5 |url: http://localhost/api/Post/All|action: GetAll
2024-04-30 00:10:21.1509|0|TRACE|Goods.System.Social.Network.DAL.Repository.Realization.UserRepository|Вызван метод GetAsync с параметрами: id : 5 |url: http://localhost/api/Post/All|action: GetAll
2024-04-30 00:10:21.1509|0|TRACE|Goods.System.Social.Network.DomainServices.Realization.UserService|Вызван метод GetAsync с параметрами: id: 5 |url: http://localhost/api/Post/All|action: GetAll
2024-04-30 00:10:21.1509|0|TRACE|Goods.System.Social.Network.DAL.Repository.Realization.UserRepository|Вызван метод GetAsync с параметрами: id : 5 |url: http://localhost/api/Post/All|action: GetAll
2024-04-30 00:10:21.1509|0|TRACE|Goods.System.Social.Network.DomainServices.Interface.ReactionPostService|Вызван метод GetRatingForEntityAsync с параметрами: postId: 3 |url: http://localhost/api/Post/All|action: GetAll
2024-04-30 00:10:21.2603|0|TRACE|Goods.System.Social.Network.DomainServices.Interface.ReactionPostService|Вызван метод GetAllByEntityAsync с параметрами: postId: 3, number: -1 |url: http://localhost/api/Post/All|action: GetAll
2024-04-30 00:10:21.2900|0|TRACE|Goods.System.Social.Network.DomainServices.Interface.ReactionPostService|Вызван метод GetRatingForEntityAsync с параметрами: postId: 5 |url: http://localhost/api/Post/All|action: GetAll
2024-04-30 00:10:21.2900|0|TRACE|Goods.System.Social.Network.DomainServices.Interface.ReactionPostService|Вызван метод GetAllByEntityAsync с параметрами: postId: 5, number: -1 |url: http://localhost/api/Post/All|action: GetAll
2024-04-30 00:10:21.2900|0|TRACE|Goods.System.Social.Network.DomainServices.Interface.ReactionPostService|Вызван метод GetRatingForEntityAsync с параметрами: postId: 7 |url: http://localhost/api/Post/All|action: GetAll
2024-04-30 00:10:21.2900|0|TRACE|Goods.System.Social.Network.DomainServices.Interface.ReactionPostService|Вызван метод GetAllByEntityAsync с параметрами: postId: 7, number: -1 |url: http://localhost/api/Post/All|action: GetAll
2024-04-30 00:10:21.3056|0|TRACE|Goods.System.Social.Network.DomainServices.Interface.ReactionPostService|Вызван метод GetRatingForEntityAsync с параметрами: postId: 8 |url: http://localhost/api/Post/All|action: GetAll
2024-04-30 00:10:21.3056|0|TRACE|Goods.System.Social.Network.DomainServices.Interface.ReactionPostService|Вызван метод GetAllByEntityAsync с параметрами: postId: 8, number: -1 |url: http://localhost/api/Post/All|action: GetAll
2024-04-30 00:10:21.3206|0|TRACE|Goods.System.Social.Network.DomainServices.Interface.ReactionPostService|Вызван метод GetRatingForEntityAsync с параметрами: postId: 9 |url: http://localhost/api/Post/All|action: GetAll
2024-04-30 00:10:21.3206|0|TRACE|Goods.System.Social.Network.DomainServices.Interface.ReactionPostService|Вызван метод GetAllByEntityAsync с параметрами: postId: 9, number: -1 |url: http://localhost/api/Post/All|action: GetAll
