2024-05-02 16:19:28.0051|0|TRACE|Goods.System.Social.Network.DomainServices.Realization.UserService|Вызван метод GetAllAsync с параметрами: search: , numberPage: 1, id: 6, who: 0 |url: http://localhost/api/User/all|action: GetAll
2024-05-02 16:19:28.0051|0|TRACE|Goods.System.Social.Network.DAL.Repository.Realization.UserRepository|Вызван метод GetAllAsync |url: http://localhost/api/User/all|action: GetAll
2024-05-02 16:19:30.7789|0|TRACE|Goods.System.Social.Network.DomainServices.Realization.SubscribeService|Вызван метод GetCheckSubscriberAsync с параметрами: id: 6, idFriend: 3 |url: http://localhost/api/User/all|action: GetAll
2024-05-02 16:19:30.7789|0|TRACE|Goods.System.Social.Network.DAL.Repository.Realization.SubscribeRepository|Вызван метод GetCheckAsync с параметрами: id: 6, idFriend: 3 |url: http://localhost/api/User/all|action: GetAll
2024-05-02 16:19:30.9611|0|TRACE|Goods.System.Social.Network.DomainServices.Realization.SubscribeService|Вызван метод GetCheckSubscriberAsync с параметрами: id: 6, idFriend: 4 |url: http://localhost/api/User/all|action: GetAll
2024-05-02 16:19:30.9611|0|TRACE|Goods.System.Social.Network.DAL.Repository.Realization.SubscribeRepository|Вызван метод GetCheckAsync с параметрами: id: 6, idFriend: 4 |url: http://localhost/api/User/all|action: GetAll
2024-05-02 16:19:31.0254|0|TRACE|Goods.System.Social.Network.DomainServices.Realization.SubscribeService|Вызван метод GetCheckSubscriberAsync с параметрами: id: 6, idFriend: 5 |url: http://localhost/api/User/all|action: GetAll
2024-05-02 16:19:31.0254|0|TRACE|Goods.System.Social.Network.DAL.Repository.Realization.SubscribeRepository|Вызван метод GetCheckAsync с параметрами: id: 6, idFriend: 5 |url: http://localhost/api/User/all|action: GetAll
2024-05-02 16:19:31.0375|0|TRACE|Goods.System.Social.Network.DomainServices.Realization.SubscribeService|Вызван метод GetCheckSubscriberAsync с параметрами: id: 6, idFriend: 6 |url: http://localhost/api/User/all|action: GetAll
2024-05-02 16:19:31.0375|0|TRACE|Goods.System.Social.Network.DAL.Repository.Realization.SubscribeRepository|Вызван метод GetCheckAsync с параметрами: id: 6, idFriend: 6 |url: http://localhost/api/User/all|action: GetAll
2024-05-02 21:06:11.1062|0|TRACE|Goods.System.Social.Network.DomainServices.Realization.UserService|Вызван метод UpdateAsync с параметрами: changeUserViewModel: Goods.System.Social.Network.DomainModel.Entities.User |url: http://localhost/api/User|action: Update
2024-05-02 21:06:11.1062|0|TRACE|Goods.System.Social.Network.DAL.Repository.Realization.UserRepository|Вызван метод GetAsync с параметрами: id : 6 |url: http://localhost/api/User|action: Update
2024-05-02 21:07:34.1657|0|TRACE|Goods.System.Social.Network.DomainServices.Realization.UserService|Вызван метод UpdateAsync с параметрами: changeUserViewModel: Goods.System.Social.Network.DomainModel.Entities.User |url: http://localhost/api/User|action: Update
2024-05-02 21:07:34.1657|0|TRACE|Goods.System.Social.Network.DAL.Repository.Realization.UserRepository|Вызван метод GetAsync с параметрами: id : 6 |url: http://localhost/api/User|action: Update
2024-05-02 21:08:21.2262|0|TRACE|Goods.System.Social.Network.DomainServices.Realization.UserService|Вызван метод UpdateAsync с параметрами: changeUserViewModel: Goods.System.Social.Network.DomainModel.Entities.User |url: http://localhost/api/User|action: Update
2024-05-02 21:08:21.2262|0|TRACE|Goods.System.Social.Network.DAL.Repository.Realization.UserRepository|Вызван метод GetAsync с параметрами: id : 6 |url: http://localhost/api/User|action: Update
2024-05-02 21:08:29.9921|0|TRACE|Goods.System.Social.Network.DomainServices.Realization.UserService|Вызван метод UpdateAsync с параметрами: changeUserViewModel: Goods.System.Social.Network.DomainModel.Entities.User |url: http://localhost/api/User|action: Update
2024-05-02 21:08:29.9921|0|TRACE|Goods.System.Social.Network.DAL.Repository.Realization.UserRepository|Вызван метод GetAsync с параметрами: id : 6 |url: http://localhost/api/User|action: Update
2024-05-02 21:09:45.6251|0|TRACE|Goods.System.Social.Network.DomainServices.Realization.UserService|Вызван метод UpdateAsync с параметрами: changeUserViewModel: Goods.System.Social.Network.DomainModel.Entities.User |url: http://localhost/api/User|action: Update
2024-05-02 21:09:45.9911|0|TRACE|Goods.System.Social.Network.DAL.Repository.Realization.UserRepository|Вызван метод GetAsync с параметрами: id : 6 |url: http://localhost/api/User|action: Update
2024-05-02 21:11:00.8069|0|TRACE|Goods.System.Social.Network.DomainServices.Realization.UserService|Вызван метод UpdateAsync с параметрами: changeUserViewModel: Goods.System.Social.Network.DomainModel.Entities.User |url: http://localhost/api/User|action: Update
2024-05-02 21:11:00.8069|0|TRACE|Goods.System.Social.Network.DAL.Repository.Realization.UserRepository|Вызван метод GetAsync с параметрами: id : 6 |url: http://localhost/api/User|action: Update
2024-05-02 21:11:03.1068|0|TRACE|Goods.System.Social.Network.DomainServices.Realization.UserService|Вызван метод UpdateAsync с параметрами: changeUserViewModel: Goods.System.Social.Network.DomainModel.Entities.User |url: http://localhost/api/User|action: Update
2024-05-02 21:11:03.1068|0|TRACE|Goods.System.Social.Network.DAL.Repository.Realization.UserRepository|Вызван метод GetAsync с параметрами: id : 6 |url: http://localhost/api/User|action: Update
2024-05-02 21:11:32.2641|0|TRACE|Goods.System.Social.Network.DomainServices.Realization.UserService|Вызван метод UpdateAsync с параметрами: changeUserViewModel: Goods.System.Social.Network.DomainModel.Entities.User |url: http://localhost/api/User|action: Update
2024-05-02 21:11:32.2641|0|TRACE|Goods.System.Social.Network.DAL.Repository.Realization.UserRepository|Вызван метод GetAsync с параметрами: id : 6 |url: http://localhost/api/User|action: Update
2024-05-02 21:30:12.8331|0|TRACE|Goods.System.Social.Network.DomainServices.Realization.UserService|Вызван метод UpdateAsync с параметрами: changeUserViewModel: Goods.System.Social.Network.DomainModel.Entities.User |url: http://localhost/api/User|action: Update
2024-05-02 21:30:12.8350|0|TRACE|Goods.System.Social.Network.DAL.Repository.Realization.UserRepository|Вызван метод GetAsync с параметрами: id : 6 |url: http://localhost/api/User|action: Update
2024-05-02 21:56:42.4845|0|TRACE|Goods.System.Social.Network.DomainServices.Realization.UserService|Вызван метод UpdateAsync с параметрами: changeUserViewModel: Goods.System.Social.Network.DomainModel.Entities.User |url: http://localhost/api/User|action: Update
2024-05-02 21:56:42.4845|0|TRACE|Goods.System.Social.Network.DAL.Repository.Realization.UserRepository|Вызван метод GetAsync с параметрами: id : 6 |url: http://localhost/api/User|action: Update
