2024-06-04 18:28:36.7627|0|DEBUG|Program|init main |url: |action: 
2024-06-04 18:29:16.1384|0|DEBUG|Program|init main |url: |action: 
2024-06-04 18:30:20.8658|0|DEBUG|Program|init main |url: |action: 
2024-06-04 18:30:21.5760|0|ERROR|Program|Stopped PostMicroservice because of exception System.AggregateException: Some services are not able to be constructed (Error while validating the service descriptor 'ServiceType: Goods.System.Social.Network.DomainServices.Interface.IReactionEntityService`1[Goods.System.Social.Network.DomainModel.Entities.ReactionPost] Lifetime: Scoped ImplementationType: Goods.System.Social.Network.DomainServices.Interface.ReactionPostService`1[Goods.System.Social.Network.DomainModel.Entities.ReactionPost]': Unable to resolve service for type 'FluentValidation.IValidator`1[DomainServices.Validation.ReactionData]' while attempting to activate 'Goods.System.Social.Network.DomainServices.Interface.ReactionPostService`1[Goods.System.Social.Network.DomainModel.Entities.ReactionPost]'.) (Error while validating the service descriptor 'ServiceType: Goods.System.Social.Network.DomainServices.Interface.IUserService Lifetime: Scoped ImplementationType: Goods.System.Social.Network.DomainServices.Realization.UserService': Unable to resolve service for type 'FluentValidation.IValidator`1[Goods.System.Social.Network.DomainModel.Entities.User]' while attempting to activate 'Goods.System.Social.Network.DomainServices.Realization.UserService'.)
 ---> System.InvalidOperationException: Error while validating the service descriptor 'ServiceType: Goods.System.Social.Network.DomainServices.Interface.IReactionEntityService`1[Goods.System.Social.Network.DomainModel.Entities.ReactionPost] Lifetime: Scoped ImplementationType: Goods.System.Social.Network.DomainServices.Interface.ReactionPostService`1[Goods.System.Social.Network.DomainModel.Entities.ReactionPost]': Unable to resolve service for type 'FluentValidation.IValidator`1[DomainServices.Validation.ReactionData]' while attempting to activate 'Goods.System.Social.Network.DomainServices.Interface.ReactionPostService`1[Goods.System.Social.Network.DomainModel.Entities.ReactionPost]'.
 ---> System.InvalidOperationException: Unable to resolve service for type 'FluentValidation.IValidator`1[DomainServices.Validation.ReactionData]' while attempting to activate 'Goods.System.Social.Network.DomainServices.Interface.ReactionPostService`1[Goods.System.Social.Network.DomainModel.Entities.ReactionPost]'.
   at Microsoft.Extensions.DependencyInjection.ServiceLookup.CallSiteFactory.CreateArgumentCallSites(Type implementationType, CallSiteChain callSiteChain, ParameterInfo[] parameters, Boolean throwIfCallSiteNotFound)
   at Microsoft.Extensions.DependencyInjection.ServiceLookup.CallSiteFactory.CreateConstructorCallSite(ResultCache lifetime, Type serviceType, Type implementationType, CallSiteChain callSiteChain)
   at Microsoft.Extensions.DependencyInjection.ServiceLookup.CallSiteFactory.TryCreateExact(ServiceDescriptor descriptor, Type serviceType, CallSiteChain callSiteChain, Int32 slot)
   at Microsoft.Extensions.DependencyInjection.ServiceLookup.CallSiteFactory.GetCallSite(ServiceDescriptor serviceDescriptor, CallSiteChain callSiteChain)
   at Microsoft.Extensions.DependencyInjection.ServiceProvider.ValidateService(ServiceDescriptor descriptor)
   --- End of inner exception stack trace ---
   at Microsoft.Extensions.DependencyInjection.ServiceProvider.ValidateService(ServiceDescriptor descriptor)
   at Microsoft.Extensions.DependencyInjection.ServiceProvider..ctor(ICollection`1 serviceDescriptors, ServiceProviderOptions options)
   --- End of inner exception stack trace ---
 ---> (Inner Exception #1) System.InvalidOperationException: Error while validating the service descriptor 'ServiceType: Goods.System.Social.Network.DomainServices.Interface.IUserService Lifetime: Scoped ImplementationType: Goods.System.Social.Network.DomainServices.Realization.UserService': Unable to resolve service for type 'FluentValidation.IValidator`1[Goods.System.Social.Network.DomainModel.Entities.User]' while attempting to activate 'Goods.System.Social.Network.DomainServices.Realization.UserService'.
 ---> System.InvalidOperationException: Unable to resolve service for type 'FluentValidation.IValidator`1[Goods.System.Social.Network.DomainModel.Entities.User]' while attempting to activate 'Goods.System.Social.Network.DomainServices.Realization.UserService'.
   at Microsoft.Extensions.DependencyInjection.ServiceLookup.CallSiteFactory.CreateArgumentCallSites(Type implementationType, CallSiteChain callSiteChain, ParameterInfo[] parameters, Boolean throwIfCallSiteNotFound)
   at Microsoft.Extensions.DependencyInjection.ServiceLookup.CallSiteFactory.CreateConstructorCallSite(ResultCache lifetime, Type serviceType, Type implementationType, CallSiteChain callSiteChain)
   at Microsoft.Extensions.DependencyInjection.ServiceLookup.CallSiteFactory.TryCreateExact(ServiceDescriptor descriptor, Type serviceType, CallSiteChain callSiteChain, Int32 slot)
   at Microsoft.Extensions.DependencyInjection.ServiceLookup.CallSiteFactory.GetCallSite(ServiceDescriptor serviceDescriptor, CallSiteChain callSiteChain)
   at Microsoft.Extensions.DependencyInjection.ServiceProvider.ValidateService(ServiceDescriptor descriptor)
   --- End of inner exception stack trace ---
   at Microsoft.Extensions.DependencyInjection.ServiceProvider.ValidateService(ServiceDescriptor descriptor)
   at Microsoft.Extensions.DependencyInjection.ServiceProvider..ctor(ICollection`1 serviceDescriptors, ServiceProviderOptions options)<---
|url: |action: 
2024-06-04 18:32:34.0843|0|DEBUG|Program|init main |url: |action: 
2024-06-04 18:32:35.1317|0|ERROR|Program|Stopped PostMicroservice because of exception System.AggregateException: Some services are not able to be constructed (Error while validating the service descriptor 'ServiceType: Goods.System.Social.Network.DomainServices.Interface.IReactionEntityService`1[Goods.System.Social.Network.DomainModel.Entities.ReactionPost] Lifetime: Scoped ImplementationType: Goods.System.Social.Network.DomainServices.Interface.ReactionPostService`1[Goods.System.Social.Network.DomainModel.Entities.ReactionPost]': Unable to resolve service for type 'FluentValidation.IValidator`1[DomainServices.Validation.ReactionData]' while attempting to activate 'Goods.System.Social.Network.DomainServices.Interface.ReactionPostService`1[Goods.System.Social.Network.DomainModel.Entities.ReactionPost]'.) (Error while validating the service descriptor 'ServiceType: Goods.System.Social.Network.DomainServices.Interface.IUserService Lifetime: Scoped ImplementationType: Goods.System.Social.Network.DomainServices.Realization.UserService': Unable to resolve service for type 'FluentValidation.IValidator`1[Goods.System.Social.Network.DomainModel.Entities.User]' while attempting to activate 'Goods.System.Social.Network.DomainServices.Realization.UserService'.)
 ---> System.InvalidOperationException: Error while validating the service descriptor 'ServiceType: Goods.System.Social.Network.DomainServices.Interface.IReactionEntityService`1[Goods.System.Social.Network.DomainModel.Entities.ReactionPost] Lifetime: Scoped ImplementationType: Goods.System.Social.Network.DomainServices.Interface.ReactionPostService`1[Goods.System.Social.Network.DomainModel.Entities.ReactionPost]': Unable to resolve service for type 'FluentValidation.IValidator`1[DomainServices.Validation.ReactionData]' while attempting to activate 'Goods.System.Social.Network.DomainServices.Interface.ReactionPostService`1[Goods.System.Social.Network.DomainModel.Entities.ReactionPost]'.
 ---> System.InvalidOperationException: Unable to resolve service for type 'FluentValidation.IValidator`1[DomainServices.Validation.ReactionData]' while attempting to activate 'Goods.System.Social.Network.DomainServices.Interface.ReactionPostService`1[Goods.System.Social.Network.DomainModel.Entities.ReactionPost]'.
   at Microsoft.Extensions.DependencyInjection.ServiceLookup.CallSiteFactory.CreateArgumentCallSites(Type implementationType, CallSiteChain callSiteChain, ParameterInfo[] parameters, Boolean throwIfCallSiteNotFound)
   at Microsoft.Extensions.DependencyInjection.ServiceLookup.CallSiteFactory.CreateConstructorCallSite(ResultCache lifetime, Type serviceType, Type implementationType, CallSiteChain callSiteChain)
   at Microsoft.Extensions.DependencyInjection.ServiceLookup.CallSiteFactory.TryCreateExact(ServiceDescriptor descriptor, Type serviceType, CallSiteChain callSiteChain, Int32 slot)
   at Microsoft.Extensions.DependencyInjection.ServiceLookup.CallSiteFactory.GetCallSite(ServiceDescriptor serviceDescriptor, CallSiteChain callSiteChain)
   at Microsoft.Extensions.DependencyInjection.ServiceProvider.ValidateService(ServiceDescriptor descriptor)
   --- End of inner exception stack trace ---
   at Microsoft.Extensions.DependencyInjection.ServiceProvider.ValidateService(ServiceDescriptor descriptor)
   at Microsoft.Extensions.DependencyInjection.ServiceProvider..ctor(ICollection`1 serviceDescriptors, ServiceProviderOptions options)
   --- End of inner exception stack trace ---
 ---> (Inner Exception #1) System.InvalidOperationException: Error while validating the service descriptor 'ServiceType: Goods.System.Social.Network.DomainServices.Interface.IUserService Lifetime: Scoped ImplementationType: Goods.System.Social.Network.DomainServices.Realization.UserService': Unable to resolve service for type 'FluentValidation.IValidator`1[Goods.System.Social.Network.DomainModel.Entities.User]' while attempting to activate 'Goods.System.Social.Network.DomainServices.Realization.UserService'.
 ---> System.InvalidOperationException: Unable to resolve service for type 'FluentValidation.IValidator`1[Goods.System.Social.Network.DomainModel.Entities.User]' while attempting to activate 'Goods.System.Social.Network.DomainServices.Realization.UserService'.
   at Microsoft.Extensions.DependencyInjection.ServiceLookup.CallSiteFactory.CreateArgumentCallSites(Type implementationType, CallSiteChain callSiteChain, ParameterInfo[] parameters, Boolean throwIfCallSiteNotFound)
   at Microsoft.Extensions.DependencyInjection.ServiceLookup.CallSiteFactory.CreateConstructorCallSite(ResultCache lifetime, Type serviceType, Type implementationType, CallSiteChain callSiteChain)
   at Microsoft.Extensions.DependencyInjection.ServiceLookup.CallSiteFactory.TryCreateExact(ServiceDescriptor descriptor, Type serviceType, CallSiteChain callSiteChain, Int32 slot)
   at Microsoft.Extensions.DependencyInjection.ServiceLookup.CallSiteFactory.GetCallSite(ServiceDescriptor serviceDescriptor, CallSiteChain callSiteChain)
   at Microsoft.Extensions.DependencyInjection.ServiceProvider.ValidateService(ServiceDescriptor descriptor)
   --- End of inner exception stack trace ---
   at Microsoft.Extensions.DependencyInjection.ServiceProvider.ValidateService(ServiceDescriptor descriptor)
   at Microsoft.Extensions.DependencyInjection.ServiceProvider..ctor(ICollection`1 serviceDescriptors, ServiceProviderOptions options)<---
|url: |action: 
2024-06-04 18:38:10.5170|0|DEBUG|Program|init main |url: |action: 
2024-06-04 18:38:11.1080|0|ERROR|Program|Stopped PostMicroservice because of exception System.InvalidOperationException: Error while validating the service descriptor 'ServiceType: Goods.System.Social.Network.DomainServices.Interface.IUserService Lifetime: Scoped ImplementationType: Goods.System.Social.Network.DomainServices.Realization.UserService': Unable to resolve service for type 'FluentValidation.IValidator`1[Goods.System.Social.Network.DomainModel.Entities.User]' while attempting to activate 'Goods.System.Social.Network.DomainServices.Realization.UserService'.
 ---> System.InvalidOperationException: Unable to resolve service for type 'FluentValidation.IValidator`1[Goods.System.Social.Network.DomainModel.Entities.User]' while attempting to activate 'Goods.System.Social.Network.DomainServices.Realization.UserService'.
   at Microsoft.Extensions.DependencyInjection.ServiceLookup.CallSiteFactory.CreateArgumentCallSites(Type implementationType, CallSiteChain callSiteChain, ParameterInfo[] parameters, Boolean throwIfCallSiteNotFound)
   at Microsoft.Extensions.DependencyInjection.ServiceLookup.CallSiteFactory.CreateConstructorCallSite(ResultCache lifetime, Type serviceType, Type implementationType, CallSiteChain callSiteChain)
   at Microsoft.Extensions.DependencyInjection.ServiceLookup.CallSiteFactory.TryCreateExact(ServiceDescriptor descriptor, Type serviceType, CallSiteChain callSiteChain, Int32 slot)
   at Microsoft.Extensions.DependencyInjection.ServiceLookup.CallSiteFactory.GetCallSite(ServiceDescriptor serviceDescriptor, CallSiteChain callSiteChain)
   at Microsoft.Extensions.DependencyInjection.ServiceProvider.ValidateService(ServiceDescriptor descriptor)
   --- End of inner exception stack trace ---
   at Microsoft.Extensions.DependencyInjection.ServiceProvider.ValidateService(ServiceDescriptor descriptor)
   at Microsoft.Extensions.DependencyInjection.ServiceProvider..ctor(ICollection`1 serviceDescriptors, ServiceProviderOptions options)|url: |action: 
2024-06-04 18:41:27.1147|0|DEBUG|Program|init main |url: |action: 
2024-06-04 18:41:27.7228|0|ERROR|Program|Stopped PostMicroservice because of exception System.InvalidOperationException: Error while validating the service descriptor 'ServiceType: Goods.System.Social.Network.DomainServices.Interface.IUserService Lifetime: Scoped ImplementationType: Goods.System.Social.Network.DomainServices.Realization.UserService': Unable to resolve service for type 'FluentValidation.IValidator`1[Goods.System.Social.Network.DomainModel.Entities.User]' while attempting to activate 'Goods.System.Social.Network.DomainServices.Realization.UserService'.
 ---> System.InvalidOperationException: Unable to resolve service for type 'FluentValidation.IValidator`1[Goods.System.Social.Network.DomainModel.Entities.User]' while attempting to activate 'Goods.System.Social.Network.DomainServices.Realization.UserService'.
   at Microsoft.Extensions.DependencyInjection.ServiceLookup.CallSiteFactory.CreateArgumentCallSites(Type implementationType, CallSiteChain callSiteChain, ParameterInfo[] parameters, Boolean throwIfCallSiteNotFound)
   at Microsoft.Extensions.DependencyInjection.ServiceLookup.CallSiteFactory.CreateConstructorCallSite(ResultCache lifetime, Type serviceType, Type implementationType, CallSiteChain callSiteChain)
   at Microsoft.Extensions.DependencyInjection.ServiceLookup.CallSiteFactory.TryCreateExact(ServiceDescriptor descriptor, Type serviceType, CallSiteChain callSiteChain, Int32 slot)
   at Microsoft.Extensions.DependencyInjection.ServiceLookup.CallSiteFactory.GetCallSite(ServiceDescriptor serviceDescriptor, CallSiteChain callSiteChain)
   at Microsoft.Extensions.DependencyInjection.ServiceProvider.ValidateService(ServiceDescriptor descriptor)
   --- End of inner exception stack trace ---
   at Microsoft.Extensions.DependencyInjection.ServiceProvider.ValidateService(ServiceDescriptor descriptor)
   at Microsoft.Extensions.DependencyInjection.ServiceProvider..ctor(ICollection`1 serviceDescriptors, ServiceProviderOptions options)|url: |action: 
2024-06-04 18:42:18.9728|0|DEBUG|Program|init main |url: |action: 
2024-06-04 18:42:19.5690|0|ERROR|Program|Stopped PostMicroservice because of exception System.InvalidOperationException: Error while validating the service descriptor 'ServiceType: Goods.System.Social.Network.DomainServices.Interface.IUserService Lifetime: Scoped ImplementationType: Goods.System.Social.Network.DomainServices.Realization.UserService': Unable to resolve service for type 'FluentValidation.IValidator`1[Goods.System.Social.Network.DomainModel.Entities.User]' while attempting to activate 'Goods.System.Social.Network.DomainServices.Realization.UserService'.
 ---> System.InvalidOperationException: Unable to resolve service for type 'FluentValidation.IValidator`1[Goods.System.Social.Network.DomainModel.Entities.User]' while attempting to activate 'Goods.System.Social.Network.DomainServices.Realization.UserService'.
   at Microsoft.Extensions.DependencyInjection.ServiceLookup.CallSiteFactory.CreateArgumentCallSites(Type implementationType, CallSiteChain callSiteChain, ParameterInfo[] parameters, Boolean throwIfCallSiteNotFound)
   at Microsoft.Extensions.DependencyInjection.ServiceLookup.CallSiteFactory.CreateConstructorCallSite(ResultCache lifetime, Type serviceType, Type implementationType, CallSiteChain callSiteChain)
   at Microsoft.Extensions.DependencyInjection.ServiceLookup.CallSiteFactory.TryCreateExact(ServiceDescriptor descriptor, Type serviceType, CallSiteChain callSiteChain, Int32 slot)
   at Microsoft.Extensions.DependencyInjection.ServiceLookup.CallSiteFactory.GetCallSite(ServiceDescriptor serviceDescriptor, CallSiteChain callSiteChain)
   at Microsoft.Extensions.DependencyInjection.ServiceProvider.ValidateService(ServiceDescriptor descriptor)
   --- End of inner exception stack trace ---
   at Microsoft.Extensions.DependencyInjection.ServiceProvider.ValidateService(ServiceDescriptor descriptor)
   at Microsoft.Extensions.DependencyInjection.ServiceProvider..ctor(ICollection`1 serviceDescriptors, ServiceProviderOptions options)|url: |action: 
2024-06-04 18:45:05.1717|0|DEBUG|Program|init main |url: |action: 
2024-06-04 18:45:05.7373|0|ERROR|Program|Stopped PostMicroservice because of exception System.InvalidOperationException: Error while validating the service descriptor 'ServiceType: Goods.System.Social.Network.DomainServices.Interface.IUserService Lifetime: Scoped ImplementationType: Goods.System.Social.Network.DomainServices.Realization.UserService': Unable to resolve service for type 'FluentValidation.IValidator`1[Goods.System.Social.Network.DomainModel.Entities.SettingPrivacy]' while attempting to activate 'Goods.System.Social.Network.DomainServices.Realization.UserService'.
 ---> System.InvalidOperationException: Unable to resolve service for type 'FluentValidation.IValidator`1[Goods.System.Social.Network.DomainModel.Entities.SettingPrivacy]' while attempting to activate 'Goods.System.Social.Network.DomainServices.Realization.UserService'.
   at Microsoft.Extensions.DependencyInjection.ServiceLookup.CallSiteFactory.CreateArgumentCallSites(Type implementationType, CallSiteChain callSiteChain, ParameterInfo[] parameters, Boolean throwIfCallSiteNotFound)
   at Microsoft.Extensions.DependencyInjection.ServiceLookup.CallSiteFactory.CreateConstructorCallSite(ResultCache lifetime, Type serviceType, Type implementationType, CallSiteChain callSiteChain)
   at Microsoft.Extensions.DependencyInjection.ServiceLookup.CallSiteFactory.TryCreateExact(ServiceDescriptor descriptor, Type serviceType, CallSiteChain callSiteChain, Int32 slot)
   at Microsoft.Extensions.DependencyInjection.ServiceLookup.CallSiteFactory.GetCallSite(ServiceDescriptor serviceDescriptor, CallSiteChain callSiteChain)
   at Microsoft.Extensions.DependencyInjection.ServiceProvider.ValidateService(ServiceDescriptor descriptor)
   --- End of inner exception stack trace ---
   at Microsoft.Extensions.DependencyInjection.ServiceProvider.ValidateService(ServiceDescriptor descriptor)
   at Microsoft.Extensions.DependencyInjection.ServiceProvider..ctor(ICollection`1 serviceDescriptors, ServiceProviderOptions options)|url: |action: 
2024-06-04 18:45:41.0367|0|DEBUG|Program|init main |url: |action: 
2024-06-04 18:45:42.0287|14|INFO|Microsoft.Hosting.Lifetime|Now listening on: http://localhost:5037 |url: |action: 
2024-06-04 18:45:42.0287|0|INFO|Microsoft.Hosting.Lifetime|Application started. Press Ctrl+C to shut down. |url: |action: 
2024-06-04 18:45:42.0287|0|INFO|Microsoft.Hosting.Lifetime|Hosting environment: Development |url: |action: 
2024-06-04 18:45:42.0287|0|INFO|Microsoft.Hosting.Lifetime|Content root path: C:\Users\димон\Desktop\Я\РУСАЛ\SocialNet\SocialNetworkSystem\Goods.Social.Network\Goods.System.Social.Network.Microservice.Posts |url: |action: 
2024-06-04 18:46:29.4057|0|DEBUG|Program|init main |url: |action: 
2024-06-04 18:46:30.4118|14|INFO|Microsoft.Hosting.Lifetime|Now listening on: http://localhost:5037 |url: |action: 
2024-06-04 18:46:30.4118|0|INFO|Microsoft.Hosting.Lifetime|Application started. Press Ctrl+C to shut down. |url: |action: 
2024-06-04 18:46:30.4118|0|INFO|Microsoft.Hosting.Lifetime|Hosting environment: Development |url: |action: 
2024-06-04 18:46:30.4118|0|INFO|Microsoft.Hosting.Lifetime|Content root path: C:\Users\димон\Desktop\Я\РУСАЛ\SocialNet\SocialNetworkSystem\Goods.Social.Network\Goods.System.Social.Network.Microservice.Posts |url: |action: 
2024-06-04 18:47:57.1671|3|WARN|Microsoft.AspNetCore.HttpsPolicy.HttpsRedirectionMiddleware|Failed to determine the https port for redirect. |url: http://localhost/api/Post|action: CreatePost
2024-06-04 18:49:36.4915|0|DEBUG|Program|init main |url: |action: 
2024-06-04 18:49:37.6652|14|INFO|Microsoft.Hosting.Lifetime|Now listening on: http://localhost:5037 |url: |action: 
2024-06-04 18:49:37.6652|0|INFO|Microsoft.Hosting.Lifetime|Application started. Press Ctrl+C to shut down. |url: |action: 
2024-06-04 18:49:37.6652|0|INFO|Microsoft.Hosting.Lifetime|Hosting environment: Development |url: |action: 
2024-06-04 18:49:37.6652|0|INFO|Microsoft.Hosting.Lifetime|Content root path: C:\Users\димон\Desktop\Я\РУСАЛ\SocialNet\SocialNetworkSystem\Goods.Social.Network\Goods.System.Social.Network.Microservice.Posts |url: |action: 
2024-06-04 18:49:50.5515|3|WARN|Microsoft.AspNetCore.HttpsPolicy.HttpsRedirectionMiddleware|Failed to determine the https port for redirect. |url: http://localhost/api/Post|action: CreatePost
2024-06-04 18:50:16.5719|0|INFO|Goods.System.Social.Network.Microservice.Posts.Controllers.PostController|Вызван метод CreatePost |url: http://localhost/api/Post|action: CreatePost
2024-06-04 18:50:16.5865|0|TRACE|Goods.System.Social.Network.DomainServices.Realization.PostService|Вызван метод CreateAsync с параметрами: post: Goods.System.Social.Network.DomainModel.Entities.Post, image: Microsoft.AspNetCore.Http.FormFile |url: http://localhost/api/Post|action: CreatePost
2024-06-04 18:51:00.7788|0|INFO|Goods.System.Social.Network.Microservice.Posts.Controllers.PostController|Вызван метод CreatePost |url: http://localhost/api/Post|action: CreatePost
2024-06-04 18:51:00.7788|0|TRACE|Goods.System.Social.Network.DomainServices.Realization.PostService|Вызван метод CreateAsync с параметрами: post: Goods.System.Social.Network.DomainModel.Entities.Post, image: Microsoft.AspNetCore.Http.FormFile |url: http://localhost/api/Post|action: CreatePost
2024-06-04 19:33:32.2944|0|DEBUG|Program|init main |url: |action: 
2024-06-04 19:33:33.6170|14|INFO|Microsoft.Hosting.Lifetime|Now listening on: http://localhost:5037 |url: |action: 
2024-06-04 19:33:33.6170|0|INFO|Microsoft.Hosting.Lifetime|Application started. Press Ctrl+C to shut down. |url: |action: 
2024-06-04 19:33:33.6170|0|INFO|Microsoft.Hosting.Lifetime|Hosting environment: Development |url: |action: 
2024-06-04 19:33:33.6170|0|INFO|Microsoft.Hosting.Lifetime|Content root path: C:\Users\димон\Desktop\Я\РУСАЛ\SocialNet\SocialNetworkSystem\Goods.Social.Network\Goods.System.Social.Network.Microservice.Posts |url: |action: 
2024-06-04 19:33:49.3317|3|WARN|Microsoft.AspNetCore.HttpsPolicy.HttpsRedirectionMiddleware|Failed to determine the https port for redirect. |url: http://localhost/api/Post|action: CreatePost
2024-06-04 19:33:49.8818|0|INFO|Goods.System.Social.Network.Microservice.Posts.Controllers.PostController|Вызван метод CreatePost |url: http://localhost/api/Post|action: CreatePost
2024-06-04 19:33:49.8942|0|TRACE|Goods.System.Social.Network.DomainServices.Realization.PostService|Вызван метод CreateAsync с параметрами: post: Goods.System.Social.Network.DomainModel.Entities.Post, image: Microsoft.AspNetCore.Http.FormFile |url: http://localhost/api/Post|action: CreatePost
2024-06-04 19:33:49.8942|0|TRACE|Goods.System.Social.Network.DAL.Repository.Realization.PostRepository|Вызван метод Create с параметрами: item: Goods.System.Social.Network.DomainModel.Entities.Post |url: http://localhost/api/Post|action: CreatePost
2024-06-04 19:33:50.5497|10400|WARN|Microsoft.EntityFrameworkCore.Model.Validation|Sensitive data logging is enabled. Log entries and exception messages may include sensitive application data; this mode should only be enabled during development. |url: http://localhost/api/Post|action: CreatePost
2024-06-04 19:33:51.4665|0|TRACE|Goods.System.Social.Network.DAL.Repository.Realization.PostRepository|Вызван метод GetByUserAsync с параметрами: userId: 4 |url: http://localhost/api/Post|action: CreatePost
2024-06-04 19:33:51.7715|0|TRACE|Goods.System.Social.Network.DAL.Repository.Realization.ImagePostRepository|Вызван метод CreateAsync с параметрами: file: -, userId: 4, postId: 11 |url: http://localhost/api/Post|action: CreatePost
2024-06-04 19:33:51.7921|0|TRACE|Goods.System.Social.Network.DAL.Repository.Realization.ImagePostRepository|Вызван метод Get с параметрами: userId: 4, id: 11 |url: http://localhost/api/Post|action: CreatePost
2024-06-04 19:34:43.1600|0|INFO|Goods.System.Social.Network.Microservice.Posts.Controllers.PostController|Вызван метод CreatePost |url: http://localhost/api/Post|action: CreatePost
2024-06-04 19:35:07.8990|0|TRACE|Goods.System.Social.Network.DomainServices.Realization.PostService|Вызван метод CreateAsync с параметрами: post: Goods.System.Social.Network.DomainModel.Entities.Post, image: Microsoft.AspNetCore.Http.FormFile |url: http://localhost/api/Post|action: CreatePost
2024-06-04 19:35:07.8990|0|TRACE|Goods.System.Social.Network.DAL.Repository.Realization.PostRepository|Вызван метод Create с параметрами: item: Goods.System.Social.Network.DomainModel.Entities.Post |url: http://localhost/api/Post|action: CreatePost
2024-06-04 19:35:07.9426|0|TRACE|Goods.System.Social.Network.DAL.Repository.Realization.PostRepository|Вызван метод GetByUserAsync с параметрами: userId: 4 |url: http://localhost/api/Post|action: CreatePost
2024-06-04 19:35:07.9726|0|TRACE|Goods.System.Social.Network.DAL.Repository.Realization.ImagePostRepository|Вызван метод CreateAsync с параметрами: file: -, userId: 4, postId: 12 |url: http://localhost/api/Post|action: CreatePost
2024-06-04 19:35:07.9726|0|TRACE|Goods.System.Social.Network.DAL.Repository.Realization.ImagePostRepository|Вызван метод Get с параметрами: userId: 4, id: 12 |url: http://localhost/api/Post|action: CreatePost
2024-06-04 19:35:15.8537|0|INFO|Goods.System.Social.Network.Microservice.Posts.Controllers.PostController|Вызван метод CreatePost |url: http://localhost/api/Post|action: CreatePost
2024-06-04 19:35:20.9690|0|TRACE|Goods.System.Social.Network.DomainServices.Realization.PostService|Вызван метод CreateAsync с параметрами: post: Goods.System.Social.Network.DomainModel.Entities.Post, image: Microsoft.AspNetCore.Http.FormFile |url: http://localhost/api/Post|action: CreatePost
2024-06-04 19:35:20.9690|0|TRACE|Goods.System.Social.Network.DAL.Repository.Realization.PostRepository|Вызван метод Create с параметрами: item: Goods.System.Social.Network.DomainModel.Entities.Post |url: http://localhost/api/Post|action: CreatePost
2024-06-04 19:35:20.9751|0|TRACE|Goods.System.Social.Network.DAL.Repository.Realization.PostRepository|Вызван метод GetByUserAsync с параметрами: userId: 4 |url: http://localhost/api/Post|action: CreatePost
2024-06-04 19:35:20.9751|0|TRACE|Goods.System.Social.Network.DAL.Repository.Realization.ImagePostRepository|Вызван метод CreateAsync с параметрами: file: -, userId: 4, postId: 13 |url: http://localhost/api/Post|action: CreatePost
2024-06-04 19:35:21.0030|0|TRACE|Goods.System.Social.Network.DAL.Repository.Realization.ImagePostRepository|Вызван метод Get с параметрами: userId: 4, id: 13 |url: http://localhost/api/Post|action: CreatePost
2024-06-04 19:35:43.1583|0|INFO|Goods.System.Social.Network.Microservice.Posts.Controllers.PostController|Вызван метод CreatePost |url: http://localhost/api/Post|action: CreatePost
2024-06-04 19:35:46.2081|0|TRACE|Goods.System.Social.Network.DomainServices.Realization.PostService|Вызван метод CreateAsync с параметрами: post: Goods.System.Social.Network.DomainModel.Entities.Post, image: Microsoft.AspNetCore.Http.FormFile |url: http://localhost/api/Post|action: CreatePost
2024-06-04 19:35:46.2081|0|TRACE|Goods.System.Social.Network.DAL.Repository.Realization.PostRepository|Вызван метод Create с параметрами: item: Goods.System.Social.Network.DomainModel.Entities.Post |url: http://localhost/api/Post|action: CreatePost
2024-06-04 19:35:46.2081|0|TRACE|Goods.System.Social.Network.DAL.Repository.Realization.PostRepository|Вызван метод GetByUserAsync с параметрами: userId: 4 |url: http://localhost/api/Post|action: CreatePost
2024-06-04 19:35:46.2081|0|TRACE|Goods.System.Social.Network.DAL.Repository.Realization.ImagePostRepository|Вызван метод CreateAsync с параметрами: file: -, userId: 4, postId: 14 |url: http://localhost/api/Post|action: CreatePost
2024-06-04 19:35:46.2293|0|TRACE|Goods.System.Social.Network.DAL.Repository.Realization.ImagePostRepository|Вызван метод Get с параметрами: userId: 4, id: 14 |url: http://localhost/api/Post|action: CreatePost
2024-06-04 19:35:50.2689|0|INFO|Goods.System.Social.Network.Microservice.Posts.Controllers.PostController|Вызван метод CreatePost |url: http://localhost/api/Post|action: CreatePost
2024-06-04 19:35:56.6161|0|TRACE|Goods.System.Social.Network.DomainServices.Realization.PostService|Вызван метод CreateAsync с параметрами: post: Goods.System.Social.Network.DomainModel.Entities.Post, image: Microsoft.AspNetCore.Http.FormFile |url: http://localhost/api/Post|action: CreatePost
2024-06-04 19:36:01.2352|0|TRACE|Goods.System.Social.Network.DAL.Repository.Realization.PostRepository|Вызван метод Create с параметрами: item: Goods.System.Social.Network.DomainModel.Entities.Post |url: http://localhost/api/Post|action: CreatePost
2024-06-04 19:36:03.0340|0|TRACE|Goods.System.Social.Network.DAL.Repository.Realization.PostRepository|Вызван метод GetByUserAsync с параметрами: userId: 4 |url: http://localhost/api/Post|action: CreatePost
2024-06-04 19:36:22.9075|0|TRACE|Goods.System.Social.Network.DAL.Repository.Realization.ImagePostRepository|Вызван метод CreateAsync с параметрами: file: -, userId: 4, postId: 15 |url: http://localhost/api/Post|action: CreatePost
2024-06-04 19:37:23.4786|0|TRACE|Goods.System.Social.Network.DAL.Repository.Realization.ImagePostRepository|Вызван метод Get с параметрами: userId: 4, id: 15 |url: http://localhost/api/Post|action: CreatePost
2024-06-04 19:38:00.2190|0|INFO|Goods.System.Social.Network.Microservice.Posts.Controllers.PostController|Вызван метод CreatePost |url: http://localhost/api/Post|action: CreatePost
2024-06-04 19:38:00.2190|0|TRACE|Goods.System.Social.Network.DomainServices.Realization.PostService|Вызван метод CreateAsync с параметрами: post: Goods.System.Social.Network.DomainModel.Entities.Post, image: Microsoft.AspNetCore.Http.FormFile |url: http://localhost/api/Post|action: CreatePost
2024-06-04 19:38:00.2190|0|TRACE|Goods.System.Social.Network.DAL.Repository.Realization.PostRepository|Вызван метод Create с параметрами: item: Goods.System.Social.Network.DomainModel.Entities.Post |url: http://localhost/api/Post|action: CreatePost
2024-06-04 19:38:00.2250|0|TRACE|Goods.System.Social.Network.DAL.Repository.Realization.PostRepository|Вызван метод GetByUserAsync с параметрами: userId: 4 |url: http://localhost/api/Post|action: CreatePost
2024-06-04 19:38:00.2250|0|TRACE|Goods.System.Social.Network.DAL.Repository.Realization.ImagePostRepository|Вызван метод CreateAsync с параметрами: file: -, userId: 4, postId: 16 |url: http://localhost/api/Post|action: CreatePost
2024-06-04 19:38:06.8967|0|TRACE|Goods.System.Social.Network.DAL.Repository.Realization.ImagePostRepository|Вызван метод Get с параметрами: userId: 4, id: 16 |url: http://localhost/api/Post|action: CreatePost
2024-06-04 19:39:31.4926|0|DEBUG|Program|init main |url: |action: 
2024-06-04 19:39:35.5668|0|DEBUG|Program|init main |url: |action: 
2024-06-04 19:39:36.5501|14|INFO|Microsoft.Hosting.Lifetime|Now listening on: http://localhost:5037 |url: |action: 
2024-06-04 19:39:36.5501|0|INFO|Microsoft.Hosting.Lifetime|Application started. Press Ctrl+C to shut down. |url: |action: 
2024-06-04 19:39:36.5501|0|INFO|Microsoft.Hosting.Lifetime|Hosting environment: Development |url: |action: 
2024-06-04 19:39:36.5501|0|INFO|Microsoft.Hosting.Lifetime|Content root path: C:\Users\димон\Desktop\Я\РУСАЛ\SocialNet\SocialNetworkSystem\Goods.Social.Network\Goods.System.Social.Network.Microservice.Posts |url: |action: 
2024-06-04 19:39:45.4880|3|WARN|Microsoft.AspNetCore.HttpsPolicy.HttpsRedirectionMiddleware|Failed to determine the https port for redirect. |url: http://localhost/api/Post|action: CreatePost
2024-06-04 19:39:45.8664|0|INFO|Goods.System.Social.Network.Microservice.Posts.Controllers.PostController|Вызван метод CreatePost |url: http://localhost/api/Post|action: CreatePost
2024-06-04 19:39:45.8796|0|TRACE|Goods.System.Social.Network.DomainServices.Realization.PostService|Вызван метод CreateAsync с параметрами: post: Goods.System.Social.Network.DomainModel.Entities.Post, image: Microsoft.AspNetCore.Http.FormFile |url: http://localhost/api/Post|action: CreatePost
2024-06-04 19:39:45.8950|0|TRACE|Goods.System.Social.Network.DAL.Repository.Realization.PostRepository|Вызван метод Create с параметрами: item: Goods.System.Social.Network.DomainModel.Entities.Post |url: http://localhost/api/Post|action: CreatePost
2024-06-04 19:39:46.5446|10400|WARN|Microsoft.EntityFrameworkCore.Model.Validation|Sensitive data logging is enabled. Log entries and exception messages may include sensitive application data; this mode should only be enabled during development. |url: http://localhost/api/Post|action: CreatePost
2024-06-04 19:39:47.3876|0|TRACE|Goods.System.Social.Network.DAL.Repository.Realization.PostRepository|Вызван метод GetByUserAsync с параметрами: userId: 4 |url: http://localhost/api/Post|action: CreatePost
2024-06-04 19:39:47.7291|0|TRACE|Goods.System.Social.Network.DAL.Repository.Realization.ImagePostRepository|Вызван метод CreateAsync с параметрами: file: -, userId: 4, postId: 17 |url: http://localhost/api/Post|action: CreatePost
2024-06-04 19:39:51.5652|0|TRACE|Goods.System.Social.Network.DAL.Repository.Realization.ImagePostRepository|Вызван метод Get с параметрами: userId: 4, id: 17 |url: http://localhost/api/Post|action: CreatePost
2024-06-04 19:41:50.0837|0|DEBUG|Program|init main |url: |action: 
2024-06-04 19:41:51.2740|14|INFO|Microsoft.Hosting.Lifetime|Now listening on: http://localhost:5037 |url: |action: 
2024-06-04 19:41:51.2740|0|INFO|Microsoft.Hosting.Lifetime|Application started. Press Ctrl+C to shut down. |url: |action: 
2024-06-04 19:41:51.2740|0|INFO|Microsoft.Hosting.Lifetime|Hosting environment: Development |url: |action: 
2024-06-04 19:41:51.2740|0|INFO|Microsoft.Hosting.Lifetime|Content root path: C:\Users\димон\Desktop\Я\РУСАЛ\SocialNet\SocialNetworkSystem\Goods.Social.Network\Goods.System.Social.Network.Microservice.Posts |url: |action: 
2024-06-04 19:41:59.2621|3|WARN|Microsoft.AspNetCore.HttpsPolicy.HttpsRedirectionMiddleware|Failed to determine the https port for redirect. |url: http://localhost/api/Post|action: CreatePost
2024-06-04 19:41:59.7611|0|INFO|Goods.System.Social.Network.Microservice.Posts.Controllers.PostController|Вызван метод CreatePost |url: http://localhost/api/Post|action: CreatePost
2024-06-04 19:41:59.7740|0|TRACE|Goods.System.Social.Network.DomainServices.Realization.PostService|Вызван метод CreateAsync с параметрами: post: Goods.System.Social.Network.DomainModel.Entities.Post, image: Microsoft.AspNetCore.Http.FormFile |url: http://localhost/api/Post|action: CreatePost
2024-06-04 19:41:59.7932|0|TRACE|Goods.System.Social.Network.DAL.Repository.Realization.PostRepository|Вызван метод Create с параметрами: item: Goods.System.Social.Network.DomainModel.Entities.Post |url: http://localhost/api/Post|action: CreatePost
2024-06-04 19:42:00.4335|10400|WARN|Microsoft.EntityFrameworkCore.Model.Validation|Sensitive data logging is enabled. Log entries and exception messages may include sensitive application data; this mode should only be enabled during development. |url: http://localhost/api/Post|action: CreatePost
2024-06-04 19:42:01.2749|0|TRACE|Goods.System.Social.Network.DAL.Repository.Realization.PostRepository|Вызван метод GetByUserAsync с параметрами: userId: 4 |url: http://localhost/api/Post|action: CreatePost
2024-06-04 19:42:01.5893|0|TRACE|Goods.System.Social.Network.DAL.Repository.Realization.ImagePostRepository|Вызван метод CreateAsync с параметрами: file: -, userId: 4, postId: 18 |url: http://localhost/api/Post|action: CreatePost
2024-06-04 19:42:01.6041|0|TRACE|Goods.System.Social.Network.DAL.Repository.Realization.ImagePostRepository|Вызван метод Get с параметрами: userId: 4, id: 18 |url: http://localhost/api/Post|action: CreatePost
2024-06-04 19:42:01.6041|0|TRACE|Goods.System.Social.Network.DAL.Repository.Realization.PostRepository|Вызван метод Update с параметрами: item: Goods.System.Social.Network.DomainModel.Entities.Post |url: http://localhost/api/Post|action: CreatePost
2024-06-04 19:42:01.6127|0|TRACE|Goods.System.Social.Network.DomainServices.Realization.UserService|Вызван метод GetAllAsync с параметрами: search: , numberPage: -1, id: 4, who: 1 |url: http://localhost/api/Post|action: CreatePost
2024-06-04 19:42:01.6127|0|TRACE|Goods.System.Social.Network.DAL.Repository.Realization.UserRepository|Вызван метод GetAllAsync |url: http://localhost/api/Post|action: CreatePost
2024-06-04 19:42:01.6571|0|TRACE|Goods.System.Social.Network.DAL.Repository.Realization.SubscribeRepository|Вызван метод GetCheckAsync с параметрами: id: 3, idFriend: 4 |url: http://localhost/api/Post|action: CreatePost
2024-06-04 19:42:01.6605|0|TRACE|Goods.System.Social.Network.DAL.Repository.Realization.SubscribeRepository|Вызван метод GetCheckAsync с параметрами: id: 4, idFriend: 4 |url: http://localhost/api/Post|action: CreatePost
2024-06-04 19:42:01.6758|0|TRACE|Goods.System.Social.Network.DAL.Repository.Realization.SubscribeRepository|Вызван метод GetCheckAsync с параметрами: id: 5, idFriend: 4 |url: http://localhost/api/Post|action: CreatePost
2024-06-04 19:42:01.6758|0|TRACE|Goods.System.Social.Network.DAL.Repository.Realization.SubscribeRepository|Вызван метод GetCheckAsync с параметрами: id: 6, idFriend: 4 |url: http://localhost/api/Post|action: CreatePost
2024-06-04 19:42:19.2900|0|INFO|Goods.System.Social.Network.Microservice.Posts.Controllers.PostController|Вызван метод CreatePost |url: http://localhost/api/Post|action: CreatePost
2024-06-04 19:42:19.2900|0|TRACE|Goods.System.Social.Network.DomainServices.Realization.PostService|Вызван метод CreateAsync с параметрами: post: Goods.System.Social.Network.DomainModel.Entities.Post, image: Microsoft.AspNetCore.Http.FormFile |url: http://localhost/api/Post|action: CreatePost
2024-06-04 19:42:19.2900|0|TRACE|Goods.System.Social.Network.DAL.Repository.Realization.PostRepository|Вызван метод Create с параметрами: item: Goods.System.Social.Network.DomainModel.Entities.Post |url: http://localhost/api/Post|action: CreatePost
2024-06-04 19:42:19.2900|0|TRACE|Goods.System.Social.Network.DAL.Repository.Realization.PostRepository|Вызван метод GetByUserAsync с параметрами: userId: 4 |url: http://localhost/api/Post|action: CreatePost
2024-06-04 19:42:19.2900|0|TRACE|Goods.System.Social.Network.DAL.Repository.Realization.ImagePostRepository|Вызван метод CreateAsync с параметрами: file: -, userId: 4, postId: 19 |url: http://localhost/api/Post|action: CreatePost
2024-06-04 19:42:19.3027|0|TRACE|Goods.System.Social.Network.DAL.Repository.Realization.ImagePostRepository|Вызван метод Get с параметрами: userId: 4, id: 19 |url: http://localhost/api/Post|action: CreatePost
2024-06-04 19:42:53.5828|0|TRACE|Goods.System.Social.Network.DAL.Repository.Realization.PostRepository|Вызван метод Update с параметрами: item: Goods.System.Social.Network.DomainModel.Entities.Post |url: http://localhost/api/Post|action: CreatePost
2024-06-04 19:43:05.5540|0|TRACE|Goods.System.Social.Network.DomainServices.Realization.UserService|Вызван метод GetAllAsync с параметрами: search: , numberPage: -1, id: 4, who: 1 |url: http://localhost/api/Post|action: CreatePost
2024-06-04 19:43:05.5540|0|TRACE|Goods.System.Social.Network.DAL.Repository.Realization.UserRepository|Вызван метод GetAllAsync |url: http://localhost/api/Post|action: CreatePost
2024-06-04 19:43:05.5540|0|TRACE|Goods.System.Social.Network.DAL.Repository.Realization.SubscribeRepository|Вызван метод GetCheckAsync с параметрами: id: 3, idFriend: 4 |url: http://localhost/api/Post|action: CreatePost
2024-06-04 19:43:05.5702|0|TRACE|Goods.System.Social.Network.DAL.Repository.Realization.SubscribeRepository|Вызван метод GetCheckAsync с параметрами: id: 4, idFriend: 4 |url: http://localhost/api/Post|action: CreatePost
2024-06-04 19:43:05.5702|0|TRACE|Goods.System.Social.Network.DAL.Repository.Realization.SubscribeRepository|Вызван метод GetCheckAsync с параметрами: id: 5, idFriend: 4 |url: http://localhost/api/Post|action: CreatePost
2024-06-04 19:43:05.5702|0|TRACE|Goods.System.Social.Network.DAL.Repository.Realization.SubscribeRepository|Вызван метод GetCheckAsync с параметрами: id: 6, idFriend: 4 |url: http://localhost/api/Post|action: CreatePost
2024-06-04 19:45:21.1991|0|DEBUG|Program|init main |url: |action: 
2024-06-04 19:45:22.1675|14|INFO|Microsoft.Hosting.Lifetime|Now listening on: http://localhost:5037 |url: |action: 
2024-06-04 19:45:22.1675|0|INFO|Microsoft.Hosting.Lifetime|Application started. Press Ctrl+C to shut down. |url: |action: 
2024-06-04 19:45:22.1675|0|INFO|Microsoft.Hosting.Lifetime|Hosting environment: Development |url: |action: 
2024-06-04 19:45:22.1675|0|INFO|Microsoft.Hosting.Lifetime|Content root path: C:\Users\димон\Desktop\Я\РУСАЛ\SocialNet\SocialNetworkSystem\Goods.Social.Network\Goods.System.Social.Network.Microservice.Posts |url: |action: 
2024-06-04 19:45:34.0054|3|WARN|Microsoft.AspNetCore.HttpsPolicy.HttpsRedirectionMiddleware|Failed to determine the https port for redirect. |url: http://localhost/api/Post|action: CreatePost
2024-06-04 19:45:34.4026|0|INFO|Goods.System.Social.Network.Microservice.Posts.Controllers.PostController|Вызван метод CreatePost |url: http://localhost/api/Post|action: CreatePost
2024-06-04 19:45:34.4171|0|TRACE|Goods.System.Social.Network.DomainServices.Realization.PostService|Вызван метод CreateAsync с параметрами: post: Goods.System.Social.Network.DomainModel.Entities.Post, image: Microsoft.AspNetCore.Http.FormFile |url: http://localhost/api/Post|action: CreatePost
2024-06-04 19:45:34.4342|0|TRACE|Goods.System.Social.Network.DAL.Repository.Realization.PostRepository|Вызван метод Create с параметрами: item: Goods.System.Social.Network.DomainModel.Entities.Post |url: http://localhost/api/Post|action: CreatePost
2024-06-04 19:45:35.0654|10400|WARN|Microsoft.EntityFrameworkCore.Model.Validation|Sensitive data logging is enabled. Log entries and exception messages may include sensitive application data; this mode should only be enabled during development. |url: http://localhost/api/Post|action: CreatePost
2024-06-04 19:45:35.8792|0|TRACE|Goods.System.Social.Network.DAL.Repository.Realization.PostRepository|Вызван метод GetByUserAsync с параметрами: userId: 4 |url: http://localhost/api/Post|action: CreatePost
2024-06-04 19:45:36.2380|0|TRACE|Goods.System.Social.Network.DAL.Repository.Realization.ImagePostRepository|Вызван метод CreateAsync с параметрами: file: -, userId: 4, postId: 20 |url: http://localhost/api/Post|action: CreatePost
2024-06-04 19:45:36.2380|0|TRACE|Goods.System.Social.Network.DAL.Repository.Realization.ImagePostRepository|Вызван метод Get с параметрами: userId: 4, id: 20 |url: http://localhost/api/Post|action: CreatePost
2024-06-04 19:45:43.5282|0|TRACE|Goods.System.Social.Network.DAL.Repository.Realization.PostRepository|Вызван метод Update с параметрами: item: Goods.System.Social.Network.DomainModel.Entities.Post |url: http://localhost/api/Post|action: CreatePost
2024-06-04 19:45:43.5506|0|TRACE|Goods.System.Social.Network.DomainServices.Realization.UserService|Вызван метод GetAllAsync с параметрами: search: , numberPage: -1, id: 4, who: 1 |url: http://localhost/api/Post|action: CreatePost
2024-06-04 19:45:43.5506|0|TRACE|Goods.System.Social.Network.DAL.Repository.Realization.UserRepository|Вызван метод GetAllAsync |url: http://localhost/api/Post|action: CreatePost
2024-06-04 19:45:43.5870|0|TRACE|Goods.System.Social.Network.DAL.Repository.Realization.SubscribeRepository|Вызван метод GetCheckAsync с параметрами: id: 3, idFriend: 4 |url: http://localhost/api/Post|action: CreatePost
2024-06-04 19:45:43.5976|0|TRACE|Goods.System.Social.Network.DAL.Repository.Realization.SubscribeRepository|Вызван метод GetCheckAsync с параметрами: id: 4, idFriend: 4 |url: http://localhost/api/Post|action: CreatePost
2024-06-04 19:45:43.5976|0|TRACE|Goods.System.Social.Network.DAL.Repository.Realization.SubscribeRepository|Вызван метод GetCheckAsync с параметрами: id: 5, idFriend: 4 |url: http://localhost/api/Post|action: CreatePost
2024-06-04 19:45:43.5976|0|TRACE|Goods.System.Social.Network.DAL.Repository.Realization.SubscribeRepository|Вызван метод GetCheckAsync с параметрами: id: 6, idFriend: 4 |url: http://localhost/api/Post|action: CreatePost
2024-06-04 19:46:21.3888|0|INFO|Goods.System.Social.Network.Microservice.Posts.Controllers.PostController|Вызван метод CreatePost |url: http://localhost/api/Post|action: CreatePost
2024-06-04 19:46:21.3888|0|TRACE|Goods.System.Social.Network.DomainServices.Realization.PostService|Вызван метод CreateAsync с параметрами: post: Goods.System.Social.Network.DomainModel.Entities.Post, image: Microsoft.AspNetCore.Http.FormFile |url: http://localhost/api/Post|action: CreatePost
2024-06-04 19:46:21.3888|0|TRACE|Goods.System.Social.Network.DAL.Repository.Realization.PostRepository|Вызван метод Create с параметрами: item: Goods.System.Social.Network.DomainModel.Entities.Post |url: http://localhost/api/Post|action: CreatePost
2024-06-04 19:46:21.3970|0|TRACE|Goods.System.Social.Network.DAL.Repository.Realization.PostRepository|Вызван метод GetByUserAsync с параметрами: userId: 4 |url: http://localhost/api/Post|action: CreatePost
2024-06-04 19:46:21.3970|0|TRACE|Goods.System.Social.Network.DAL.Repository.Realization.ImagePostRepository|Вызван метод CreateAsync с параметрами: file: -, userId: 4, postId: 21 |url: http://localhost/api/Post|action: CreatePost
2024-06-04 19:46:21.3970|0|TRACE|Goods.System.Social.Network.DAL.Repository.Realization.ImagePostRepository|Вызван метод Get с параметрами: userId: 4, id: 21 |url: http://localhost/api/Post|action: CreatePost
2024-06-04 19:46:21.3970|0|TRACE|Goods.System.Social.Network.DAL.Repository.Realization.PostRepository|Вызван метод Update с параметрами: item: Goods.System.Social.Network.DomainModel.Entities.Post |url: http://localhost/api/Post|action: CreatePost
2024-06-04 19:46:21.4097|0|TRACE|Goods.System.Social.Network.DomainServices.Realization.UserService|Вызван метод GetAllAsync с параметрами: search: , numberPage: -1, id: 4, who: 1 |url: http://localhost/api/Post|action: CreatePost
2024-06-04 19:46:21.4097|0|TRACE|Goods.System.Social.Network.DAL.Repository.Realization.UserRepository|Вызван метод GetAllAsync |url: http://localhost/api/Post|action: CreatePost
2024-06-04 19:46:21.4097|0|TRACE|Goods.System.Social.Network.DAL.Repository.Realization.SubscribeRepository|Вызван метод GetCheckAsync с параметрами: id: 3, idFriend: 4 |url: http://localhost/api/Post|action: CreatePost
2024-06-04 19:46:21.4097|0|TRACE|Goods.System.Social.Network.DAL.Repository.Realization.SubscribeRepository|Вызван метод GetCheckAsync с параметрами: id: 4, idFriend: 4 |url: http://localhost/api/Post|action: CreatePost
2024-06-04 19:46:21.4097|0|TRACE|Goods.System.Social.Network.DAL.Repository.Realization.SubscribeRepository|Вызван метод GetCheckAsync с параметрами: id: 5, idFriend: 4 |url: http://localhost/api/Post|action: CreatePost
2024-06-04 19:46:27.1738|0|TRACE|Goods.System.Social.Network.DAL.Repository.Realization.SubscribeRepository|Вызван метод GetCheckAsync с параметрами: id: 6, idFriend: 4 |url: http://localhost/api/Post|action: CreatePost
2024-06-04 19:49:30.0541|0|DEBUG|Program|init main |url: |action: 
2024-06-04 19:49:31.0974|14|INFO|Microsoft.Hosting.Lifetime|Now listening on: http://localhost:5037 |url: |action: 
2024-06-04 19:49:31.0974|0|INFO|Microsoft.Hosting.Lifetime|Application started. Press Ctrl+C to shut down. |url: |action: 
2024-06-04 19:49:31.0974|0|INFO|Microsoft.Hosting.Lifetime|Hosting environment: Development |url: |action: 
2024-06-04 19:49:31.0974|0|INFO|Microsoft.Hosting.Lifetime|Content root path: C:\Users\димон\Desktop\Я\РУСАЛ\SocialNet\SocialNetworkSystem\Goods.Social.Network\Goods.System.Social.Network.Microservice.Posts |url: |action: 
2024-06-04 19:49:46.0663|3|WARN|Microsoft.AspNetCore.HttpsPolicy.HttpsRedirectionMiddleware|Failed to determine the https port for redirect. |url: http://localhost/api/Post|action: CreatePost
2024-06-04 19:49:46.5679|0|INFO|Goods.System.Social.Network.Microservice.Posts.Controllers.PostController|Вызван метод CreatePost |url: http://localhost/api/Post|action: CreatePost
2024-06-04 19:49:46.5822|0|TRACE|Goods.System.Social.Network.DomainServices.Realization.PostService|Вызван метод CreateAsync с параметрами: post: Goods.System.Social.Network.DomainModel.Entities.Post, image: Microsoft.AspNetCore.Http.FormFile |url: http://localhost/api/Post|action: CreatePost
2024-06-04 19:49:46.6019|0|TRACE|Goods.System.Social.Network.DAL.Repository.Realization.PostRepository|Вызван метод Create с параметрами: item: Goods.System.Social.Network.DomainModel.Entities.Post |url: http://localhost/api/Post|action: CreatePost
2024-06-04 19:49:47.5533|10400|WARN|Microsoft.EntityFrameworkCore.Model.Validation|Sensitive data logging is enabled. Log entries and exception messages may include sensitive application data; this mode should only be enabled during development. |url: http://localhost/api/Post|action: CreatePost
2024-06-04 19:49:48.7763|0|TRACE|Goods.System.Social.Network.DAL.Repository.Realization.PostRepository|Вызван метод GetByUserAsync с параметрами: userId: 4 |url: http://localhost/api/Post|action: CreatePost
2024-06-04 19:49:49.9311|0|TRACE|Goods.System.Social.Network.DAL.Repository.Realization.ImagePostRepository|Вызван метод CreateAsync с параметрами: file: -, userId: 4, postId: 22 |url: http://localhost/api/Post|action: CreatePost
2024-06-04 19:49:49.9535|0|TRACE|Goods.System.Social.Network.DAL.Repository.Realization.ImagePostRepository|Вызван метод Get с параметрами: userId: 4, id: 22 |url: http://localhost/api/Post|action: CreatePost
2024-06-04 19:49:49.9535|0|TRACE|Goods.System.Social.Network.DAL.Repository.Realization.PostRepository|Вызван метод Update с параметрами: item: Goods.System.Social.Network.DomainModel.Entities.Post |url: http://localhost/api/Post|action: CreatePost
2024-06-04 19:49:49.9740|0|TRACE|Goods.System.Social.Network.DomainServices.Realization.UserService|Вызван метод GetAllAsync с параметрами: search: , numberPage: -1, id: 4, who: 1 |url: http://localhost/api/Post|action: CreatePost
2024-06-04 19:49:49.9740|0|TRACE|Goods.System.Social.Network.DAL.Repository.Realization.UserRepository|Вызван метод GetAllAsync |url: http://localhost/api/Post|action: CreatePost
2024-06-04 19:49:50.0193|0|TRACE|Goods.System.Social.Network.DAL.Repository.Realization.SubscribeRepository|Вызван метод GetCheckAsync с параметрами: id: 3, idFriend: 4 |url: http://localhost/api/Post|action: CreatePost
2024-06-04 19:49:50.0355|0|TRACE|Goods.System.Social.Network.DAL.Repository.Realization.SubscribeRepository|Вызван метод GetCheckAsync с параметрами: id: 4, idFriend: 4 |url: http://localhost/api/Post|action: CreatePost
2024-06-04 19:49:50.0355|0|TRACE|Goods.System.Social.Network.DAL.Repository.Realization.SubscribeRepository|Вызван метод GetCheckAsync с параметрами: id: 5, idFriend: 4 |url: http://localhost/api/Post|action: CreatePost
2024-06-04 19:49:50.0511|0|TRACE|Goods.System.Social.Network.DAL.Repository.Realization.SubscribeRepository|Вызван метод GetCheckAsync с параметрами: id: 6, idFriend: 4 |url: http://localhost/api/Post|action: CreatePost
