2024-07-04 18:54:58.7879|0|DEBUG|Program|init main |url: |action: 
2024-07-04 18:55:01.4128|14|INFO|Microsoft.Hosting.Lifetime|Now listening on: http://localhost:5289 |url: |action: 
2024-07-04 18:55:01.4128|0|INFO|Microsoft.Hosting.Lifetime|Application started. Press Ctrl+C to shut down. |url: |action: 
2024-07-04 18:55:01.4128|0|INFO|Microsoft.Hosting.Lifetime|Hosting environment: Development |url: |action: 
2024-07-04 18:55:01.4128|0|INFO|Microsoft.Hosting.Lifetime|Content root path: C:\Users\димон\Desktop\Я\РУСАЛ\SocialNet\SocialNetworkSystem\Goods.Social.Network\Goods.System.Social.Network.Microservice.Chats |url: |action: 
2024-07-04 18:59:30.1754|3|WARN|Microsoft.AspNetCore.HttpsPolicy.HttpsRedirectionMiddleware|Failed to determine the https port for redirect. |url: http://localhost/api/Message|action: AddNewMessage
2024-07-04 18:59:31.0679|0|INFO|Goods.System.Social.Network.Microservice.Chats.Controllers.MessageController|Вызван метод AddNewMessage |url: http://localhost/api/Message|action: AddNewMessage
2024-07-04 18:59:31.0679|0|TRACE|DomainServices.Chat.Realization.ChatService|Вызван метод CreateAsync с параметрами: message: Goods.System.Social.Network.DomainModel.Entities.Message |url: http://localhost/api/Message|action: AddNewMessage
2024-07-04 18:59:31.1071|0|TRACE|Goods.System.Social.Network.DAL.Repository.Realization.ChatRepository|Вызван метод GetAsync с параметрами: id : 1 |url: http://localhost/api/Message|action: AddNewMessage
2024-07-04 18:59:32.4406|10400|WARN|Microsoft.EntityFrameworkCore.Model.Validation|Sensitive data logging is enabled. Log entries and exception messages may include sensitive application data; this mode should only be enabled during development. |url: http://localhost/api/Message|action: AddNewMessage
2024-07-04 18:59:34.6606|0|TRACE|Goods.System.Social.Network.DAL.Repository.Realization.ChatRepository|Вызван метод Update с параметрами: chatRoom : Goods.System.Social.Network.DomainModel.Entities.ChatRoom |url: http://localhost/api/Message|action: AddNewMessage
2024-07-04 18:59:34.9619|0|TRACE|Goods.System.Social.Network.DAL.Repository.Realization.MessageRepository|Вызван метод Create с параметрами: message : Goods.System.Social.Network.DomainModel.Entities.Message |url: http://localhost/api/Message|action: AddNewMessage
2024-07-04 18:59:35.1824|0|TRACE|DomainServices.Chat.Realization.InviteService|Вызван метод GetUsersInChatAsync с параметрами: chatId: 1 |url: http://localhost/api/Message|action: AddNewMessage
2024-07-04 18:59:35.2416|0|TRACE|Goods.System.Social.Network.DAL.Repository.Realization.UserRepository|Вызван метод GetAsync с параметрами: id : 5 |url: http://localhost/api/Message|action: AddNewMessage
2024-07-04 18:59:35.3340|0|TRACE|Goods.System.Social.Network.DAL.Repository.Realization.UserRepository|Вызван метод GetAsync с параметрами: id : 6 |url: http://localhost/api/Message|action: AddNewMessage
2024-07-04 18:59:50.2940|0|INFO|Goods.System.Social.Network.Microservice.Chats.Controllers.MessageController|Вызван метод AddNewMessage |url: http://localhost/api/Message|action: AddNewMessage
2024-07-04 18:59:50.2940|0|TRACE|DomainServices.Chat.Realization.ChatService|Вызван метод CreateAsync с параметрами: message: Goods.System.Social.Network.DomainModel.Entities.Message |url: http://localhost/api/Message|action: AddNewMessage
2024-07-04 18:59:50.2940|0|TRACE|Goods.System.Social.Network.DAL.Repository.Realization.ChatRepository|Вызван метод GetAsync с параметрами: id : 1 |url: http://localhost/api/Message|action: AddNewMessage
2024-07-04 18:59:50.3018|0|TRACE|Goods.System.Social.Network.DAL.Repository.Realization.ChatRepository|Вызван метод Update с параметрами: chatRoom : Goods.System.Social.Network.DomainModel.Entities.ChatRoom |url: http://localhost/api/Message|action: AddNewMessage
2024-07-04 18:59:50.3018|0|TRACE|Goods.System.Social.Network.DAL.Repository.Realization.MessageRepository|Вызван метод Create с параметрами: message : Goods.System.Social.Network.DomainModel.Entities.Message |url: http://localhost/api/Message|action: AddNewMessage
2024-07-04 18:59:50.3018|0|TRACE|DomainServices.Chat.Realization.InviteService|Вызван метод GetUsersInChatAsync с параметрами: chatId: 1 |url: http://localhost/api/Message|action: AddNewMessage
2024-07-04 18:59:50.3164|0|TRACE|Goods.System.Social.Network.DAL.Repository.Realization.UserRepository|Вызван метод GetAsync с параметрами: id : 5 |url: http://localhost/api/Message|action: AddNewMessage
2024-07-04 18:59:50.3164|0|TRACE|Goods.System.Social.Network.DAL.Repository.Realization.UserRepository|Вызван метод GetAsync с параметрами: id : 6 |url: http://localhost/api/Message|action: AddNewMessage
2024-07-04 19:17:24.3759|0|INFO|Goods.System.Social.Network.Microservice.Chats.Controllers.MessageController|Вызван метод AddNewMessage |url: http://localhost/api/Message|action: AddNewMessage
2024-07-04 19:17:24.3759|0|TRACE|DomainServices.Chat.Realization.ChatService|Вызван метод CreateAsync с параметрами: message: Goods.System.Social.Network.DomainModel.Entities.Message |url: http://localhost/api/Message|action: AddNewMessage
2024-07-04 19:17:24.3759|0|TRACE|Goods.System.Social.Network.DAL.Repository.Realization.ChatRepository|Вызван метод GetAsync с параметрами: id : 1 |url: http://localhost/api/Message|action: AddNewMessage
2024-07-04 19:17:24.3985|0|TRACE|Goods.System.Social.Network.DAL.Repository.Realization.ChatRepository|Вызван метод Update с параметрами: chatRoom : Goods.System.Social.Network.DomainModel.Entities.ChatRoom |url: http://localhost/api/Message|action: AddNewMessage
2024-07-04 19:17:24.3985|0|TRACE|Goods.System.Social.Network.DAL.Repository.Realization.MessageRepository|Вызван метод Create с параметрами: message : Goods.System.Social.Network.DomainModel.Entities.Message |url: http://localhost/api/Message|action: AddNewMessage
2024-07-04 19:17:24.4104|0|TRACE|DomainServices.Chat.Realization.InviteService|Вызван метод GetUsersInChatAsync с параметрами: chatId: 1 |url: http://localhost/api/Message|action: AddNewMessage
2024-07-04 19:17:24.4104|0|TRACE|Goods.System.Social.Network.DAL.Repository.Realization.UserRepository|Вызван метод GetAsync с параметрами: id : 5 |url: http://localhost/api/Message|action: AddNewMessage
2024-07-04 19:17:24.4255|0|TRACE|Goods.System.Social.Network.DAL.Repository.Realization.UserRepository|Вызван метод GetAsync с параметрами: id : 6 |url: http://localhost/api/Message|action: AddNewMessage
2024-07-04 19:17:25.1939|0|INFO|Goods.System.Social.Network.Microservice.Chats.Controllers.MessageController|Вызван метод AddNewMessage |url: http://localhost/api/Message|action: AddNewMessage
2024-07-04 19:17:25.1939|0|TRACE|DomainServices.Chat.Realization.ChatService|Вызван метод CreateAsync с параметрами: message: Goods.System.Social.Network.DomainModel.Entities.Message |url: http://localhost/api/Message|action: AddNewMessage
2024-07-04 19:17:25.1939|0|TRACE|Goods.System.Social.Network.DAL.Repository.Realization.ChatRepository|Вызван метод GetAsync с параметрами: id : 1 |url: http://localhost/api/Message|action: AddNewMessage
2024-07-04 19:17:25.1939|0|TRACE|Goods.System.Social.Network.DAL.Repository.Realization.ChatRepository|Вызван метод Update с параметрами: chatRoom : Goods.System.Social.Network.DomainModel.Entities.ChatRoom |url: http://localhost/api/Message|action: AddNewMessage
2024-07-04 19:17:25.1939|0|TRACE|Goods.System.Social.Network.DAL.Repository.Realization.MessageRepository|Вызван метод Create с параметрами: message : Goods.System.Social.Network.DomainModel.Entities.Message |url: http://localhost/api/Message|action: AddNewMessage
2024-07-04 19:17:25.1939|0|TRACE|DomainServices.Chat.Realization.InviteService|Вызван метод GetUsersInChatAsync с параметрами: chatId: 1 |url: http://localhost/api/Message|action: AddNewMessage
2024-07-04 19:17:25.2067|0|TRACE|Goods.System.Social.Network.DAL.Repository.Realization.UserRepository|Вызван метод GetAsync с параметрами: id : 5 |url: http://localhost/api/Message|action: AddNewMessage
2024-07-04 19:17:25.2067|0|TRACE|Goods.System.Social.Network.DAL.Repository.Realization.UserRepository|Вызван метод GetAsync с параметрами: id : 6 |url: http://localhost/api/Message|action: AddNewMessage
2024-07-04 19:17:43.5202|0|INFO|Goods.System.Social.Network.Microservice.Chats.Controllers.MessageController|Вызван метод AddNewMessage |url: http://localhost/api/Message|action: AddNewMessage
2024-07-04 19:17:43.5202|0|TRACE|DomainServices.Chat.Realization.ChatService|Вызван метод CreateAsync с параметрами: message: Goods.System.Social.Network.DomainModel.Entities.Message |url: http://localhost/api/Message|action: AddNewMessage
2024-07-04 19:17:43.5202|0|TRACE|Goods.System.Social.Network.DAL.Repository.Realization.ChatRepository|Вызван метод GetAsync с параметрами: id : 1 |url: http://localhost/api/Message|action: AddNewMessage
2024-07-04 19:17:43.5202|0|TRACE|Goods.System.Social.Network.DAL.Repository.Realization.ChatRepository|Вызван метод Update с параметрами: chatRoom : Goods.System.Social.Network.DomainModel.Entities.ChatRoom |url: http://localhost/api/Message|action: AddNewMessage
2024-07-04 19:17:43.5202|0|TRACE|Goods.System.Social.Network.DAL.Repository.Realization.MessageRepository|Вызван метод Create с параметрами: message : Goods.System.Social.Network.DomainModel.Entities.Message |url: http://localhost/api/Message|action: AddNewMessage
2024-07-04 19:17:43.5202|0|TRACE|DomainServices.Chat.Realization.InviteService|Вызван метод GetUsersInChatAsync с параметрами: chatId: 1 |url: http://localhost/api/Message|action: AddNewMessage
2024-07-04 19:17:43.5347|0|TRACE|Goods.System.Social.Network.DAL.Repository.Realization.UserRepository|Вызван метод GetAsync с параметрами: id : 5 |url: http://localhost/api/Message|action: AddNewMessage
2024-07-04 19:17:43.5347|0|TRACE|Goods.System.Social.Network.DAL.Repository.Realization.UserRepository|Вызван метод GetAsync с параметрами: id : 6 |url: http://localhost/api/Message|action: AddNewMessage
2024-07-04 19:26:44.1120|0|DEBUG|Program|init main |url: |action: 
2024-07-04 19:26:46.5911|14|INFO|Microsoft.Hosting.Lifetime|Now listening on: http://localhost:5289 |url: |action: 
2024-07-04 19:26:46.6256|0|INFO|Microsoft.Hosting.Lifetime|Application started. Press Ctrl+C to shut down. |url: |action: 
2024-07-04 19:26:46.6256|0|INFO|Microsoft.Hosting.Lifetime|Hosting environment: Development |url: |action: 
2024-07-04 19:26:46.6256|0|INFO|Microsoft.Hosting.Lifetime|Content root path: C:\Users\димон\Desktop\Я\РУСАЛ\SocialNet\SocialNetworkSystem\Goods.Social.Network\Goods.System.Social.Network.Microservice.Chats |url: |action: 
2024-07-04 19:28:39.0387|3|WARN|Microsoft.AspNetCore.HttpsPolicy.HttpsRedirectionMiddleware|Failed to determine the https port for redirect. |url: http://localhost/api/Message|action: AddNewMessage
2024-07-04 19:28:39.4754|0|INFO|Goods.System.Social.Network.Microservice.Chats.Controllers.MessageController|Вызван метод AddNewMessage |url: http://localhost/api/Message|action: AddNewMessage
2024-07-04 19:28:39.4754|0|TRACE|DomainServices.Chat.Realization.ChatService|Вызван метод CreateAsync с параметрами: message: Goods.System.Social.Network.DomainModel.Entities.Message |url: http://localhost/api/Message|action: AddNewMessage
2024-07-04 19:28:39.5036|0|TRACE|Goods.System.Social.Network.DAL.Repository.Realization.ChatRepository|Вызван метод GetAsync с параметрами: id : 1 |url: http://localhost/api/Message|action: AddNewMessage
2024-07-04 19:28:40.3267|10400|WARN|Microsoft.EntityFrameworkCore.Model.Validation|Sensitive data logging is enabled. Log entries and exception messages may include sensitive application data; this mode should only be enabled during development. |url: http://localhost/api/Message|action: AddNewMessage
2024-07-04 19:28:41.6136|0|TRACE|Goods.System.Social.Network.DAL.Repository.Realization.ChatRepository|Вызван метод Update с параметрами: chatRoom : Goods.System.Social.Network.DomainModel.Entities.ChatRoom |url: http://localhost/api/Message|action: AddNewMessage
2024-07-04 19:28:41.7873|0|TRACE|Goods.System.Social.Network.DAL.Repository.Realization.MessageRepository|Вызван метод Create с параметрами: message : Goods.System.Social.Network.DomainModel.Entities.Message |url: http://localhost/api/Message|action: AddNewMessage
2024-07-04 19:28:41.9144|0|TRACE|DomainServices.Chat.Realization.InviteService|Вызван метод GetUsersInChatAsync с параметрами: chatId: 1 |url: http://localhost/api/Message|action: AddNewMessage
2024-07-04 19:28:41.9478|0|TRACE|Goods.System.Social.Network.DAL.Repository.Realization.UserRepository|Вызван метод GetAsync с параметрами: id : 5 |url: http://localhost/api/Message|action: AddNewMessage
2024-07-04 19:28:41.9994|0|TRACE|Goods.System.Social.Network.DAL.Repository.Realization.UserRepository|Вызван метод GetAsync с параметрами: id : 6 |url: http://localhost/api/Message|action: AddNewMessage
2024-07-04 19:30:20.6010|0|DEBUG|Program|init main |url: |action: 
2024-07-04 19:30:44.8951|0|DEBUG|Program|init main |url: |action: 
2024-07-04 19:30:47.4671|14|INFO|Microsoft.Hosting.Lifetime|Now listening on: http://localhost:5289 |url: |action: 
2024-07-04 19:30:47.4736|0|INFO|Microsoft.Hosting.Lifetime|Application started. Press Ctrl+C to shut down. |url: |action: 
2024-07-04 19:30:47.4736|0|INFO|Microsoft.Hosting.Lifetime|Hosting environment: Development |url: |action: 
2024-07-04 19:30:47.4736|0|INFO|Microsoft.Hosting.Lifetime|Content root path: C:\Users\димон\Desktop\Я\РУСАЛ\SocialNet\SocialNetworkSystem\Goods.Social.Network\Goods.System.Social.Network.Microservice.Chats |url: |action: 
2024-07-04 19:34:52.6919|3|WARN|Microsoft.AspNetCore.HttpsPolicy.HttpsRedirectionMiddleware|Failed to determine the https port for redirect. |url: http://localhost/api/Message|action: AddNewMessage
2024-07-04 19:34:53.1877|0|INFO|Goods.System.Social.Network.Microservice.Chats.Controllers.MessageController|Вызван метод AddNewMessage |url: http://localhost/api/Message|action: AddNewMessage
2024-07-04 19:34:53.2021|0|TRACE|DomainServices.Chat.Realization.ChatService|Вызван метод CreateAsync с параметрами: message: Goods.System.Social.Network.DomainModel.Entities.Message |url: http://localhost/api/Message|action: AddNewMessage
2024-07-04 19:34:53.2230|0|TRACE|Goods.System.Social.Network.DAL.Repository.Realization.ChatRepository|Вызван метод GetAsync с параметрами: id : 1 |url: http://localhost/api/Message|action: AddNewMessage
2024-07-04 19:34:54.0590|10400|WARN|Microsoft.EntityFrameworkCore.Model.Validation|Sensitive data logging is enabled. Log entries and exception messages may include sensitive application data; this mode should only be enabled during development. |url: http://localhost/api/Message|action: AddNewMessage
2024-07-04 19:34:55.3498|0|TRACE|Goods.System.Social.Network.DAL.Repository.Realization.ChatRepository|Вызван метод Update с параметрами: chatRoom : Goods.System.Social.Network.DomainModel.Entities.ChatRoom |url: http://localhost/api/Message|action: AddNewMessage
2024-07-04 19:34:55.5352|0|TRACE|Goods.System.Social.Network.DAL.Repository.Realization.MessageRepository|Вызван метод Create с параметрами: message : Goods.System.Social.Network.DomainModel.Entities.Message |url: http://localhost/api/Message|action: AddNewMessage
2024-07-04 19:34:55.6909|0|TRACE|DomainServices.Chat.Realization.InviteService|Вызван метод GetUsersInChatAsync с параметрами: chatId: 1 |url: http://localhost/api/Message|action: AddNewMessage
2024-07-04 19:34:55.7388|0|TRACE|Goods.System.Social.Network.DAL.Repository.Realization.UserRepository|Вызван метод GetAsync с параметрами: id : 5 |url: http://localhost/api/Message|action: AddNewMessage
2024-07-04 19:34:55.7841|0|TRACE|Goods.System.Social.Network.DAL.Repository.Realization.UserRepository|Вызван метод GetAsync с параметрами: id : 6 |url: http://localhost/api/Message|action: AddNewMessage
2024-07-04 20:36:20.1165|0|INFO|Goods.System.Social.Network.Microservice.Chats.Controllers.MessageController|Вызван метод AddNewMessage |url: http://localhost/api/Message|action: AddNewMessage
2024-07-04 20:36:20.1165|0|TRACE|DomainServices.Chat.Realization.ChatService|Вызван метод CreateAsync с параметрами: message: Goods.System.Social.Network.DomainModel.Entities.Message |url: http://localhost/api/Message|action: AddNewMessage
2024-07-04 20:36:20.1165|0|TRACE|Goods.System.Social.Network.DAL.Repository.Realization.ChatRepository|Вызван метод GetAsync с параметрами: id : 1 |url: http://localhost/api/Message|action: AddNewMessage
2024-07-04 20:36:20.1481|0|TRACE|Goods.System.Social.Network.DAL.Repository.Realization.ChatRepository|Вызван метод Update с параметрами: chatRoom : Goods.System.Social.Network.DomainModel.Entities.ChatRoom |url: http://localhost/api/Message|action: AddNewMessage
2024-07-04 20:36:20.1604|0|TRACE|Goods.System.Social.Network.DAL.Repository.Realization.MessageRepository|Вызван метод Create с параметрами: message : Goods.System.Social.Network.DomainModel.Entities.Message |url: http://localhost/api/Message|action: AddNewMessage
2024-07-04 20:36:20.1756|0|TRACE|DomainServices.Chat.Realization.InviteService|Вызван метод GetUsersInChatAsync с параметрами: chatId: 1 |url: http://localhost/api/Message|action: AddNewMessage
2024-07-04 20:36:20.1756|0|TRACE|Goods.System.Social.Network.DAL.Repository.Realization.UserRepository|Вызван метод GetAsync с параметрами: id : 5 |url: http://localhost/api/Message|action: AddNewMessage
2024-07-04 20:36:20.1756|0|TRACE|Goods.System.Social.Network.DAL.Repository.Realization.UserRepository|Вызван метод GetAsync с параметрами: id : 6 |url: http://localhost/api/Message|action: AddNewMessage
