2024-05-15 20:58:29.2812|0|DEBUG|Program|init main |url: |action: 
2024-05-15 20:58:31.3429|0|ERROR|Program|Stopped ChatMicroservice because of exception System.InvalidOperationException: Error while validating the service descriptor 'ServiceType: Goods.System.Social.Network.DomainServices.Interface.IReactionEntityService`1[Goods.System.Social.Network.DomainModel.Entities.ReactionMessage] Lifetime: Scoped ImplementationType: Goods.System.Social.Network.DomainServices.Interface.ReactionMessageService`1[Goods.System.Social.Network.DomainModel.Entities.ReactionMessage]': Unable to resolve service for type 'Goods.System.Social.Network.DAL.Repository.Interface.IReactionEntityRepository`1[Goods.System.Social.Network.DomainModel.Entities.ReactionMessage]' while attempting to activate 'Goods.System.Social.Network.DomainServices.Interface.ReactionMessageService`1[Goods.System.Social.Network.DomainModel.Entities.ReactionMessage]'.
 ---> System.InvalidOperationException: Unable to resolve service for type 'Goods.System.Social.Network.DAL.Repository.Interface.IReactionEntityRepository`1[Goods.System.Social.Network.DomainModel.Entities.ReactionMessage]' while attempting to activate 'Goods.System.Social.Network.DomainServices.Interface.ReactionMessageService`1[Goods.System.Social.Network.DomainModel.Entities.ReactionMessage]'.
   at Microsoft.Extensions.DependencyInjection.ServiceLookup.CallSiteFactory.CreateArgumentCallSites(Type implementationType, CallSiteChain callSiteChain, ParameterInfo[] parameters, Boolean throwIfCallSiteNotFound)
   at Microsoft.Extensions.DependencyInjection.ServiceLookup.CallSiteFactory.CreateConstructorCallSite(ResultCache lifetime, Type serviceType, Type implementationType, CallSiteChain callSiteChain)
   at Microsoft.Extensions.DependencyInjection.ServiceLookup.CallSiteFactory.TryCreateExact(ServiceDescriptor descriptor, Type serviceType, CallSiteChain callSiteChain, Int32 slot)
   at Microsoft.Extensions.DependencyInjection.ServiceLookup.CallSiteFactory.GetCallSite(ServiceDescriptor serviceDescriptor, CallSiteChain callSiteChain)
   at Microsoft.Extensions.DependencyInjection.ServiceProvider.ValidateService(ServiceDescriptor descriptor)
   --- End of inner exception stack trace ---
   at Microsoft.Extensions.DependencyInjection.ServiceProvider.ValidateService(ServiceDescriptor descriptor)
   at Microsoft.Extensions.DependencyInjection.ServiceProvider..ctor(ICollection`1 serviceDescriptors, ServiceProviderOptions options)|url: |action: 
2024-05-15 20:59:42.2048|0|DEBUG|Program|init main |url: |action: 
2024-05-15 20:59:43.2831|0|ERROR|Program|Stopped ChatMicroservice because of exception System.AggregateException: Some services are not able to be constructed (Error while validating the service descriptor 'ServiceType: Goods.System.Social.Network.DomainServices.Interface.ITypeReactionService Lifetime: Scoped ImplementationType: Goods.System.Social.Network.DomainServices.Interface.TypeReactionService': Unable to resolve service for type 'FluentValidation.IValidator`1[Goods.System.Social.Network.DomainModel.Entities.ReactionType]' while attempting to activate 'Goods.System.Social.Network.DomainServices.Interface.TypeReactionService'.) (Error while validating the service descriptor 'ServiceType: Goods.System.Social.Network.DomainServices.Interface.IReactionEntityService`1[Goods.System.Social.Network.DomainModel.Entities.ReactionMessage] Lifetime: Scoped ImplementationType: Goods.System.Social.Network.DomainServices.Interface.ReactionMessageService`1[Goods.System.Social.Network.DomainModel.Entities.ReactionMessage]': Unable to resolve service for type 'FluentValidation.IValidator`1[DomainServices.Validation.ReactionData]' while attempting to activate 'Goods.System.Social.Network.DomainServices.Interface.ReactionMessageService`1[Goods.System.Social.Network.DomainModel.Entities.ReactionMessage]'.)
 ---> System.InvalidOperationException: Error while validating the service descriptor 'ServiceType: Goods.System.Social.Network.DomainServices.Interface.ITypeReactionService Lifetime: Scoped ImplementationType: Goods.System.Social.Network.DomainServices.Interface.TypeReactionService': Unable to resolve service for type 'FluentValidation.IValidator`1[Goods.System.Social.Network.DomainModel.Entities.ReactionType]' while attempting to activate 'Goods.System.Social.Network.DomainServices.Interface.TypeReactionService'.
 ---> System.InvalidOperationException: Unable to resolve service for type 'FluentValidation.IValidator`1[Goods.System.Social.Network.DomainModel.Entities.ReactionType]' while attempting to activate 'Goods.System.Social.Network.DomainServices.Interface.TypeReactionService'.
   at Microsoft.Extensions.DependencyInjection.ServiceLookup.CallSiteFactory.CreateArgumentCallSites(Type implementationType, CallSiteChain callSiteChain, ParameterInfo[] parameters, Boolean throwIfCallSiteNotFound)
   at Microsoft.Extensions.DependencyInjection.ServiceLookup.CallSiteFactory.CreateConstructorCallSite(ResultCache lifetime, Type serviceType, Type implementationType, CallSiteChain callSiteChain)
   at Microsoft.Extensions.DependencyInjection.ServiceLookup.CallSiteFactory.TryCreateExact(ServiceDescriptor descriptor, Type serviceType, CallSiteChain callSiteChain, Int32 slot)
   at Microsoft.Extensions.DependencyInjection.ServiceLookup.CallSiteFactory.GetCallSite(ServiceDescriptor serviceDescriptor, CallSiteChain callSiteChain)
   at Microsoft.Extensions.DependencyInjection.ServiceProvider.ValidateService(ServiceDescriptor descriptor)
   --- End of inner exception stack trace ---
   at Microsoft.Extensions.DependencyInjection.ServiceProvider.ValidateService(ServiceDescriptor descriptor)
   at Microsoft.Extensions.DependencyInjection.ServiceProvider..ctor(ICollection`1 serviceDescriptors, ServiceProviderOptions options)
   --- End of inner exception stack trace ---
 ---> (Inner Exception #1) System.InvalidOperationException: Error while validating the service descriptor 'ServiceType: Goods.System.Social.Network.DomainServices.Interface.IReactionEntityService`1[Goods.System.Social.Network.DomainModel.Entities.ReactionMessage] Lifetime: Scoped ImplementationType: Goods.System.Social.Network.DomainServices.Interface.ReactionMessageService`1[Goods.System.Social.Network.DomainModel.Entities.ReactionMessage]': Unable to resolve service for type 'FluentValidation.IValidator`1[DomainServices.Validation.ReactionData]' while attempting to activate 'Goods.System.Social.Network.DomainServices.Interface.ReactionMessageService`1[Goods.System.Social.Network.DomainModel.Entities.ReactionMessage]'.
 ---> System.InvalidOperationException: Unable to resolve service for type 'FluentValidation.IValidator`1[DomainServices.Validation.ReactionData]' while attempting to activate 'Goods.System.Social.Network.DomainServices.Interface.ReactionMessageService`1[Goods.System.Social.Network.DomainModel.Entities.ReactionMessage]'.
   at Microsoft.Extensions.DependencyInjection.ServiceLookup.CallSiteFactory.CreateArgumentCallSites(Type implementationType, CallSiteChain callSiteChain, ParameterInfo[] parameters, Boolean throwIfCallSiteNotFound)
   at Microsoft.Extensions.DependencyInjection.ServiceLookup.CallSiteFactory.CreateConstructorCallSite(ResultCache lifetime, Type serviceType, Type implementationType, CallSiteChain callSiteChain)
   at Microsoft.Extensions.DependencyInjection.ServiceLookup.CallSiteFactory.TryCreateExact(ServiceDescriptor descriptor, Type serviceType, CallSiteChain callSiteChain, Int32 slot)
   at Microsoft.Extensions.DependencyInjection.ServiceLookup.CallSiteFactory.GetCallSite(ServiceDescriptor serviceDescriptor, CallSiteChain callSiteChain)
   at Microsoft.Extensions.DependencyInjection.ServiceProvider.ValidateService(ServiceDescriptor descriptor)
   --- End of inner exception stack trace ---
   at Microsoft.Extensions.DependencyInjection.ServiceProvider.ValidateService(ServiceDescriptor descriptor)
   at Microsoft.Extensions.DependencyInjection.ServiceProvider..ctor(ICollection`1 serviceDescriptors, ServiceProviderOptions options)<---
|url: |action: 
2024-05-15 21:00:47.6795|0|DEBUG|Program|init main |url: |action: 
2024-05-15 21:00:48.7226|0|ERROR|Program|Stopped ChatMicroservice because of exception System.InvalidOperationException: Error while validating the service descriptor 'ServiceType: Goods.System.Social.Network.DomainServices.Interface.ITypeReactionService Lifetime: Scoped ImplementationType: Goods.System.Social.Network.DomainServices.Interface.TypeReactionService': Unable to resolve service for type 'FluentValidation.IValidator`1[Goods.System.Social.Network.DomainModel.Entities.ReactionType]' while attempting to activate 'Goods.System.Social.Network.DomainServices.Interface.TypeReactionService'.
 ---> System.InvalidOperationException: Unable to resolve service for type 'FluentValidation.IValidator`1[Goods.System.Social.Network.DomainModel.Entities.ReactionType]' while attempting to activate 'Goods.System.Social.Network.DomainServices.Interface.TypeReactionService'.
   at Microsoft.Extensions.DependencyInjection.ServiceLookup.CallSiteFactory.CreateArgumentCallSites(Type implementationType, CallSiteChain callSiteChain, ParameterInfo[] parameters, Boolean throwIfCallSiteNotFound)
   at Microsoft.Extensions.DependencyInjection.ServiceLookup.CallSiteFactory.CreateConstructorCallSite(ResultCache lifetime, Type serviceType, Type implementationType, CallSiteChain callSiteChain)
   at Microsoft.Extensions.DependencyInjection.ServiceLookup.CallSiteFactory.TryCreateExact(ServiceDescriptor descriptor, Type serviceType, CallSiteChain callSiteChain, Int32 slot)
   at Microsoft.Extensions.DependencyInjection.ServiceLookup.CallSiteFactory.GetCallSite(ServiceDescriptor serviceDescriptor, CallSiteChain callSiteChain)
   at Microsoft.Extensions.DependencyInjection.ServiceProvider.ValidateService(ServiceDescriptor descriptor)
   --- End of inner exception stack trace ---
   at Microsoft.Extensions.DependencyInjection.ServiceProvider.ValidateService(ServiceDescriptor descriptor)
   at Microsoft.Extensions.DependencyInjection.ServiceProvider..ctor(ICollection`1 serviceDescriptors, ServiceProviderOptions options)|url: |action: 
2024-05-15 21:02:41.9997|0|DEBUG|Program|init main |url: |action: 
2024-05-15 21:02:43.6636|14|INFO|Microsoft.Hosting.Lifetime|Now listening on: http://localhost:5289 |url: |action: 
2024-05-15 21:02:43.6636|0|INFO|Microsoft.Hosting.Lifetime|Application started. Press Ctrl+C to shut down. |url: |action: 
2024-05-15 21:02:43.6636|0|INFO|Microsoft.Hosting.Lifetime|Hosting environment: Development |url: |action: 
2024-05-15 21:02:43.6636|0|INFO|Microsoft.Hosting.Lifetime|Content root path: C:\Users\димон\Desktop\Я\РУСАЛ\SocialNet\SocialNetworkSystem\Goods.Social.Network\Goods.System.Social.Network.Microservice.Chats |url: |action: 
2024-05-15 21:03:29.4661|3|WARN|Microsoft.AspNetCore.HttpsPolicy.HttpsRedirectionMiddleware|Failed to determine the https port for redirect. |url: http://localhost/api/Message/all|action: 
2024-05-15 21:03:30.0147|0|INFO|Goods.System.Social.Network.Microservice.Chats.Controllers.MessageController|Вызван метод GetMessageByChat |url: http://localhost/api/Message/all|action: GetMessageByChat
2024-05-15 21:03:30.0147|0|TRACE|DomainServices.Chat.Realization.ChatService|Вызван метод GetMessagesAsync с параметрами: chatId: 1, number: 0 |url: http://localhost/api/Message/all|action: GetMessageByChat
2024-05-15 21:03:30.0458|0|TRACE|Goods.System.Social.Network.DAL.Repository.Realization.MessageRepository|Вызван метод GetAllByChatAsync с параметрами: chatId : 1 |url: http://localhost/api/Message/all|action: GetMessageByChat
2024-05-15 21:03:30.6836|10400|WARN|Microsoft.EntityFrameworkCore.Model.Validation|Sensitive data logging is enabled. Log entries and exception messages may include sensitive application data; this mode should only be enabled during development. |url: http://localhost/api/Message/all|action: GetMessageByChat
2024-05-15 21:04:35.7178|0|DEBUG|Program|init main |url: |action: 
2024-05-15 21:04:37.3595|14|INFO|Microsoft.Hosting.Lifetime|Now listening on: http://localhost:5289 |url: |action: 
2024-05-15 21:04:37.3635|0|INFO|Microsoft.Hosting.Lifetime|Application started. Press Ctrl+C to shut down. |url: |action: 
2024-05-15 21:04:37.3635|0|INFO|Microsoft.Hosting.Lifetime|Hosting environment: Development |url: |action: 
2024-05-15 21:04:37.3635|0|INFO|Microsoft.Hosting.Lifetime|Content root path: C:\Users\димон\Desktop\Я\РУСАЛ\SocialNet\SocialNetworkSystem\Goods.Social.Network\Goods.System.Social.Network.Microservice.Chats |url: |action: 
2024-05-15 21:04:44.2699|3|WARN|Microsoft.AspNetCore.HttpsPolicy.HttpsRedirectionMiddleware|Failed to determine the https port for redirect. |url: http://localhost/api/Message/all|action: 
2024-05-15 21:04:44.6138|0|INFO|Goods.System.Social.Network.Microservice.Chats.Controllers.MessageController|Вызван метод GetMessageByChat |url: http://localhost/api/Message/all|action: GetMessageByChat
2024-05-15 21:04:44.6138|0|TRACE|DomainServices.Chat.Realization.ChatService|Вызван метод GetMessagesAsync с параметрами: chatId: 1, number: 0 |url: http://localhost/api/Message/all|action: GetMessageByChat
2024-05-15 21:04:44.6407|0|TRACE|Goods.System.Social.Network.DAL.Repository.Realization.MessageRepository|Вызван метод GetAllByChatAsync с параметрами: chatId : 1 |url: http://localhost/api/Message/all|action: GetMessageByChat
2024-05-15 21:04:45.2768|10400|WARN|Microsoft.EntityFrameworkCore.Model.Validation|Sensitive data logging is enabled. Log entries and exception messages may include sensitive application data; this mode should only be enabled during development. |url: http://localhost/api/Message/all|action: GetMessageByChat
2024-05-15 21:04:46.3801|0|TRACE|Goods.System.Social.Network.DomainServices.Interface.ReactionMessageService|Вызван метод GetAllByEntityAsync с параметрами: messageId: 18, number: -1 |url: http://localhost/api/Message/all|action: GetMessageByChat
2024-05-15 21:04:46.3946|0|TRACE|Goods.System.Social.Network.DomainServices.Interface.ReactionMessageService|Вызван метод GetAllByEntityAsync с параметрами: messageId: 20, number: -1 |url: http://localhost/api/Message/all|action: GetMessageByChat
2024-05-15 21:04:46.4464|0|TRACE|Goods.System.Social.Network.DomainServices.Interface.ReactionMessageService|Вызван метод GetAllByEntityAsync с параметрами: messageId: 21, number: -1 |url: http://localhost/api/Message/all|action: GetMessageByChat
2024-05-15 21:04:46.4464|0|TRACE|Goods.System.Social.Network.DomainServices.Interface.ReactionMessageService|Вызван метод GetAllByEntityAsync с параметрами: messageId: 22, number: -1 |url: http://localhost/api/Message/all|action: GetMessageByChat
2024-05-15 21:04:46.4565|0|TRACE|Goods.System.Social.Network.DomainServices.Interface.ReactionMessageService|Вызван метод GetAllByEntityAsync с параметрами: messageId: 23, number: -1 |url: http://localhost/api/Message/all|action: GetMessageByChat
2024-05-15 21:04:46.4565|0|TRACE|Goods.System.Social.Network.DomainServices.Interface.ReactionMessageService|Вызван метод GetAllByEntityAsync с параметрами: messageId: 24, number: -1 |url: http://localhost/api/Message/all|action: GetMessageByChat
2024-05-15 21:04:46.4787|0|TRACE|Goods.System.Social.Network.DomainServices.Interface.ReactionMessageService|Вызван метод GetAllByEntityAsync с параметрами: messageId: 25, number: -1 |url: http://localhost/api/Message/all|action: GetMessageByChat
2024-05-15 21:04:46.4893|0|TRACE|Goods.System.Social.Network.DomainServices.Interface.ReactionMessageService|Вызван метод GetAllByEntityAsync с параметрами: messageId: 26, number: -1 |url: http://localhost/api/Message/all|action: GetMessageByChat
2024-05-15 21:04:46.4893|0|TRACE|Goods.System.Social.Network.DomainServices.Interface.ReactionMessageService|Вызван метод GetAllByEntityAsync с параметрами: messageId: 27, number: -1 |url: http://localhost/api/Message/all|action: GetMessageByChat
2024-05-15 21:04:46.5047|0|TRACE|Goods.System.Social.Network.DomainServices.Interface.ReactionMessageService|Вызван метод GetAllByEntityAsync с параметрами: messageId: 28, number: -1 |url: http://localhost/api/Message/all|action: GetMessageByChat
2024-05-15 21:04:46.5047|0|TRACE|Goods.System.Social.Network.DomainServices.Interface.ReactionMessageService|Вызван метод GetAllByEntityAsync с параметрами: messageId: 29, number: -1 |url: http://localhost/api/Message/all|action: GetMessageByChat
2024-05-15 21:04:46.5047|0|TRACE|Goods.System.Social.Network.DomainServices.Interface.ReactionMessageService|Вызван метод GetAllByEntityAsync с параметрами: messageId: 30, number: -1 |url: http://localhost/api/Message/all|action: GetMessageByChat
2024-05-15 21:04:46.5047|0|TRACE|Goods.System.Social.Network.DomainServices.Interface.ReactionMessageService|Вызван метод GetAllByEntityAsync с параметрами: messageId: 31, number: -1 |url: http://localhost/api/Message/all|action: GetMessageByChat
2024-05-15 21:04:46.5047|0|TRACE|Goods.System.Social.Network.DomainServices.Interface.ReactionMessageService|Вызван метод GetAllByEntityAsync с параметрами: messageId: 32, number: -1 |url: http://localhost/api/Message/all|action: GetMessageByChat
2024-05-15 21:04:46.5206|0|TRACE|Goods.System.Social.Network.DomainServices.Interface.ReactionMessageService|Вызван метод GetAllByEntityAsync с параметрами: messageId: 33, number: -1 |url: http://localhost/api/Message/all|action: GetMessageByChat
2024-05-15 21:04:46.5206|0|TRACE|Goods.System.Social.Network.DomainServices.Interface.ReactionMessageService|Вызван метод GetAllByEntityAsync с параметрами: messageId: 34, number: -1 |url: http://localhost/api/Message/all|action: GetMessageByChat
2024-05-15 21:04:46.5206|0|TRACE|Goods.System.Social.Network.DomainServices.Interface.ReactionMessageService|Вызван метод GetAllByEntityAsync с параметрами: messageId: 35, number: -1 |url: http://localhost/api/Message/all|action: GetMessageByChat
2024-05-15 21:04:46.5206|0|TRACE|Goods.System.Social.Network.DomainServices.Interface.ReactionMessageService|Вызван метод GetAllByEntityAsync с параметрами: messageId: 36, number: -1 |url: http://localhost/api/Message/all|action: GetMessageByChat
2024-05-15 21:04:46.5206|0|TRACE|Goods.System.Social.Network.DomainServices.Interface.ReactionMessageService|Вызван метод GetAllByEntityAsync с параметрами: messageId: 37, number: -1 |url: http://localhost/api/Message/all|action: GetMessageByChat
2024-05-15 21:04:46.5206|0|TRACE|Goods.System.Social.Network.DomainServices.Interface.ReactionMessageService|Вызван метод GetAllByEntityAsync с параметрами: messageId: 38, number: -1 |url: http://localhost/api/Message/all|action: GetMessageByChat
2024-05-15 21:05:04.8013|0|INFO|Goods.System.Social.Network.Microservice.Chats.Controllers.MessageController|Вызван метод GetMessageByChat |url: http://localhost/api/Message/all|action: GetMessageByChat
2024-05-15 21:05:04.8013|0|TRACE|DomainServices.Chat.Realization.ChatService|Вызван метод GetMessagesAsync с параметрами: chatId: 1, number: 1 |url: http://localhost/api/Message/all|action: GetMessageByChat
2024-05-15 21:05:04.8013|0|TRACE|Goods.System.Social.Network.DAL.Repository.Realization.MessageRepository|Вызван метод GetAllByChatAsync с параметрами: chatId : 1 |url: http://localhost/api/Message/all|action: GetMessageByChat
2024-05-15 21:05:04.8013|0|TRACE|Goods.System.Social.Network.DomainServices.Interface.ReactionMessageService|Вызван метод GetAllByEntityAsync с параметрами: messageId: 2, number: -1 |url: http://localhost/api/Message/all|action: GetMessageByChat
2024-05-15 21:05:04.8013|0|TRACE|Goods.System.Social.Network.DomainServices.Interface.ReactionMessageService|Вызван метод GetAllByEntityAsync с параметрами: messageId: 3, number: -1 |url: http://localhost/api/Message/all|action: GetMessageByChat
2024-05-15 21:05:04.8013|0|TRACE|Goods.System.Social.Network.DomainServices.Interface.ReactionMessageService|Вызван метод GetAllByEntityAsync с параметрами: messageId: 4, number: -1 |url: http://localhost/api/Message/all|action: GetMessageByChat
2024-05-15 21:05:04.8167|0|TRACE|Goods.System.Social.Network.DomainServices.Interface.ReactionMessageService|Вызван метод GetAllByEntityAsync с параметрами: messageId: 8, number: -1 |url: http://localhost/api/Message/all|action: GetMessageByChat
2024-05-15 21:05:04.8167|0|TRACE|Goods.System.Social.Network.DomainServices.Interface.ReactionMessageService|Вызван метод GetAllByEntityAsync с параметрами: messageId: 9, number: -1 |url: http://localhost/api/Message/all|action: GetMessageByChat
2024-05-15 21:05:04.8167|0|TRACE|Goods.System.Social.Network.DomainServices.Interface.ReactionMessageService|Вызван метод GetAllByEntityAsync с параметрами: messageId: 11, number: -1 |url: http://localhost/api/Message/all|action: GetMessageByChat
2024-05-15 21:05:04.8167|0|TRACE|Goods.System.Social.Network.DomainServices.Interface.ReactionMessageService|Вызван метод GetAllByEntityAsync с параметрами: messageId: 14, number: -1 |url: http://localhost/api/Message/all|action: GetMessageByChat
2024-05-15 21:05:04.8167|0|TRACE|Goods.System.Social.Network.DomainServices.Interface.ReactionMessageService|Вызван метод GetAllByEntityAsync с параметрами: messageId: 15, number: -1 |url: http://localhost/api/Message/all|action: GetMessageByChat
2024-05-15 21:05:04.8327|0|TRACE|Goods.System.Social.Network.DomainServices.Interface.ReactionMessageService|Вызван метод GetAllByEntityAsync с параметрами: messageId: 17, number: -1 |url: http://localhost/api/Message/all|action: GetMessageByChat
2024-05-15 21:05:15.5704|0|INFO|Goods.System.Social.Network.Microservice.Chats.Controllers.MessageController|Вызван метод GetMessageByChat |url: http://localhost/api/Message/all|action: GetMessageByChat
2024-05-15 21:05:15.5704|0|TRACE|DomainServices.Chat.Realization.ChatService|Вызван метод GetMessagesAsync с параметрами: chatId: 1, number: 2 |url: http://localhost/api/Message/all|action: GetMessageByChat
2024-05-15 21:05:15.5704|0|TRACE|Goods.System.Social.Network.DAL.Repository.Realization.MessageRepository|Вызван метод GetAllByChatAsync с параметрами: chatId : 1 |url: http://localhost/api/Message/all|action: GetMessageByChat
2024-05-15 21:05:19.1121|0|INFO|Goods.System.Social.Network.Microservice.Chats.Controllers.MessageController|Вызван метод GetMessageByChat |url: http://localhost/api/Message/all|action: GetMessageByChat
2024-05-15 21:05:19.1121|0|TRACE|DomainServices.Chat.Realization.ChatService|Вызван метод GetMessagesAsync с параметрами: chatId: 1, number: 0 |url: http://localhost/api/Message/all|action: GetMessageByChat
2024-05-15 21:05:19.1128|0|TRACE|Goods.System.Social.Network.DAL.Repository.Realization.MessageRepository|Вызван метод GetAllByChatAsync с параметрами: chatId : 1 |url: http://localhost/api/Message/all|action: GetMessageByChat
2024-05-15 21:05:19.1128|0|TRACE|Goods.System.Social.Network.DomainServices.Interface.ReactionMessageService|Вызван метод GetAllByEntityAsync с параметрами: messageId: 18, number: -1 |url: http://localhost/api/Message/all|action: GetMessageByChat
2024-05-15 21:05:19.1128|0|TRACE|Goods.System.Social.Network.DomainServices.Interface.ReactionMessageService|Вызван метод GetAllByEntityAsync с параметрами: messageId: 20, number: -1 |url: http://localhost/api/Message/all|action: GetMessageByChat
2024-05-15 21:05:19.1128|0|TRACE|Goods.System.Social.Network.DomainServices.Interface.ReactionMessageService|Вызван метод GetAllByEntityAsync с параметрами: messageId: 21, number: -1 |url: http://localhost/api/Message/all|action: GetMessageByChat
2024-05-15 21:05:19.1128|0|TRACE|Goods.System.Social.Network.DomainServices.Interface.ReactionMessageService|Вызван метод GetAllByEntityAsync с параметрами: messageId: 22, number: -1 |url: http://localhost/api/Message/all|action: GetMessageByChat
2024-05-15 21:05:19.1128|0|TRACE|Goods.System.Social.Network.DomainServices.Interface.ReactionMessageService|Вызван метод GetAllByEntityAsync с параметрами: messageId: 23, number: -1 |url: http://localhost/api/Message/all|action: GetMessageByChat
2024-05-15 21:05:19.1288|0|TRACE|Goods.System.Social.Network.DomainServices.Interface.ReactionMessageService|Вызван метод GetAllByEntityAsync с параметрами: messageId: 24, number: -1 |url: http://localhost/api/Message/all|action: GetMessageByChat
2024-05-15 21:05:19.1288|0|TRACE|Goods.System.Social.Network.DomainServices.Interface.ReactionMessageService|Вызван метод GetAllByEntityAsync с параметрами: messageId: 25, number: -1 |url: http://localhost/api/Message/all|action: GetMessageByChat
2024-05-15 21:05:19.1288|0|TRACE|Goods.System.Social.Network.DomainServices.Interface.ReactionMessageService|Вызван метод GetAllByEntityAsync с параметрами: messageId: 26, number: -1 |url: http://localhost/api/Message/all|action: GetMessageByChat
2024-05-15 21:05:19.1288|0|TRACE|Goods.System.Social.Network.DomainServices.Interface.ReactionMessageService|Вызван метод GetAllByEntityAsync с параметрами: messageId: 27, number: -1 |url: http://localhost/api/Message/all|action: GetMessageByChat
2024-05-15 21:05:19.1288|0|TRACE|Goods.System.Social.Network.DomainServices.Interface.ReactionMessageService|Вызван метод GetAllByEntityAsync с параметрами: messageId: 28, number: -1 |url: http://localhost/api/Message/all|action: GetMessageByChat
2024-05-15 21:05:19.1446|0|TRACE|Goods.System.Social.Network.DomainServices.Interface.ReactionMessageService|Вызван метод GetAllByEntityAsync с параметрами: messageId: 29, number: -1 |url: http://localhost/api/Message/all|action: GetMessageByChat
2024-05-15 21:05:19.1446|0|TRACE|Goods.System.Social.Network.DomainServices.Interface.ReactionMessageService|Вызван метод GetAllByEntityAsync с параметрами: messageId: 30, number: -1 |url: http://localhost/api/Message/all|action: GetMessageByChat
2024-05-15 21:05:19.1446|0|TRACE|Goods.System.Social.Network.DomainServices.Interface.ReactionMessageService|Вызван метод GetAllByEntityAsync с параметрами: messageId: 31, number: -1 |url: http://localhost/api/Message/all|action: GetMessageByChat
2024-05-15 21:05:19.1446|0|TRACE|Goods.System.Social.Network.DomainServices.Interface.ReactionMessageService|Вызван метод GetAllByEntityAsync с параметрами: messageId: 32, number: -1 |url: http://localhost/api/Message/all|action: GetMessageByChat
2024-05-15 21:05:19.1446|0|TRACE|Goods.System.Social.Network.DomainServices.Interface.ReactionMessageService|Вызван метод GetAllByEntityAsync с параметрами: messageId: 33, number: -1 |url: http://localhost/api/Message/all|action: GetMessageByChat
2024-05-15 21:05:19.1446|0|TRACE|Goods.System.Social.Network.DomainServices.Interface.ReactionMessageService|Вызван метод GetAllByEntityAsync с параметрами: messageId: 34, number: -1 |url: http://localhost/api/Message/all|action: GetMessageByChat
2024-05-15 21:05:19.1603|0|TRACE|Goods.System.Social.Network.DomainServices.Interface.ReactionMessageService|Вызван метод GetAllByEntityAsync с параметрами: messageId: 35, number: -1 |url: http://localhost/api/Message/all|action: GetMessageByChat
2024-05-15 21:05:19.1603|0|TRACE|Goods.System.Social.Network.DomainServices.Interface.ReactionMessageService|Вызван метод GetAllByEntityAsync с параметрами: messageId: 36, number: -1 |url: http://localhost/api/Message/all|action: GetMessageByChat
2024-05-15 21:05:19.1603|0|TRACE|Goods.System.Social.Network.DomainServices.Interface.ReactionMessageService|Вызван метод GetAllByEntityAsync с параметрами: messageId: 37, number: -1 |url: http://localhost/api/Message/all|action: GetMessageByChat
2024-05-15 21:05:19.1603|0|TRACE|Goods.System.Social.Network.DomainServices.Interface.ReactionMessageService|Вызван метод GetAllByEntityAsync с параметрами: messageId: 38, number: -1 |url: http://localhost/api/Message/all|action: GetMessageByChat
2024-05-15 21:06:24.7862|0|DEBUG|Program|init main |url: |action: 
2024-05-15 21:06:26.3567|14|INFO|Microsoft.Hosting.Lifetime|Now listening on: http://localhost:5289 |url: |action: 
2024-05-15 21:06:26.3567|0|INFO|Microsoft.Hosting.Lifetime|Application started. Press Ctrl+C to shut down. |url: |action: 
2024-05-15 21:06:26.3567|0|INFO|Microsoft.Hosting.Lifetime|Hosting environment: Development |url: |action: 
2024-05-15 21:06:26.3567|0|INFO|Microsoft.Hosting.Lifetime|Content root path: C:\Users\димон\Desktop\Я\РУСАЛ\SocialNet\SocialNetworkSystem\Goods.Social.Network\Goods.System.Social.Network.Microservice.Chats |url: |action: 
2024-05-15 21:06:30.0751|3|WARN|Microsoft.AspNetCore.HttpsPolicy.HttpsRedirectionMiddleware|Failed to determine the https port for redirect. |url: http://localhost/api/Message/all|action: 
2024-05-15 21:06:30.4464|0|INFO|Goods.System.Social.Network.Microservice.Chats.Controllers.MessageController|Вызван метод GetMessageByChat |url: http://localhost/api/Message/all|action: GetMessageByChat
2024-05-15 21:06:30.4464|0|TRACE|DomainServices.Chat.Realization.ChatService|Вызван метод GetMessagesAsync с параметрами: chatId: 1, number: 0 |url: http://localhost/api/Message/all|action: GetMessageByChat
2024-05-15 21:06:30.4726|0|TRACE|Goods.System.Social.Network.DAL.Repository.Realization.MessageRepository|Вызван метод GetAllByChatAsync с параметрами: chatId : 1 |url: http://localhost/api/Message/all|action: GetMessageByChat
2024-05-15 21:06:31.0823|10400|WARN|Microsoft.EntityFrameworkCore.Model.Validation|Sensitive data logging is enabled. Log entries and exception messages may include sensitive application data; this mode should only be enabled during development. |url: http://localhost/api/Message/all|action: GetMessageByChat
2024-05-15 21:06:32.1837|0|TRACE|Goods.System.Social.Network.DomainServices.Interface.ReactionMessageService|Вызван метод GetAllByEntityAsync с параметрами: messageId: 18, number: -1 |url: http://localhost/api/Message/all|action: GetMessageByChat
2024-05-15 21:06:32.2089|0|TRACE|Goods.System.Social.Network.DomainServices.Interface.ReactionMessageService|Вызван метод GetAllByEntityAsync с параметрами: messageId: 20, number: -1 |url: http://localhost/api/Message/all|action: GetMessageByChat
2024-05-15 21:06:32.2548|0|TRACE|Goods.System.Social.Network.DomainServices.Interface.ReactionMessageService|Вызван метод GetAllByEntityAsync с параметрами: messageId: 21, number: -1 |url: http://localhost/api/Message/all|action: GetMessageByChat
2024-05-15 21:06:32.2548|0|TRACE|Goods.System.Social.Network.DomainServices.Interface.ReactionMessageService|Вызван метод GetAllByEntityAsync с параметрами: messageId: 22, number: -1 |url: http://localhost/api/Message/all|action: GetMessageByChat
2024-05-15 21:06:32.2548|0|TRACE|Goods.System.Social.Network.DomainServices.Interface.ReactionMessageService|Вызван метод GetAllByEntityAsync с параметрами: messageId: 23, number: -1 |url: http://localhost/api/Message/all|action: GetMessageByChat
2024-05-15 21:06:32.2932|0|TRACE|Goods.System.Social.Network.DomainServices.Interface.ReactionMessageService|Вызван метод GetAllByEntityAsync с параметрами: messageId: 24, number: -1 |url: http://localhost/api/Message/all|action: GetMessageByChat
2024-05-15 21:06:32.3003|0|TRACE|Goods.System.Social.Network.DomainServices.Interface.ReactionMessageService|Вызван метод GetAllByEntityAsync с параметрами: messageId: 25, number: -1 |url: http://localhost/api/Message/all|action: GetMessageByChat
2024-05-15 21:06:32.3290|0|TRACE|Goods.System.Social.Network.DomainServices.Interface.ReactionMessageService|Вызван метод GetAllByEntityAsync с параметрами: messageId: 26, number: -1 |url: http://localhost/api/Message/all|action: GetMessageByChat
2024-05-15 21:06:32.3373|0|TRACE|Goods.System.Social.Network.DomainServices.Interface.ReactionMessageService|Вызван метод GetAllByEntityAsync с параметрами: messageId: 27, number: -1 |url: http://localhost/api/Message/all|action: GetMessageByChat
2024-05-15 21:06:32.3373|0|TRACE|Goods.System.Social.Network.DomainServices.Interface.ReactionMessageService|Вызван метод GetAllByEntityAsync с параметрами: messageId: 28, number: -1 |url: http://localhost/api/Message/all|action: GetMessageByChat
2024-05-15 21:06:32.3520|0|TRACE|Goods.System.Social.Network.DomainServices.Interface.ReactionMessageService|Вызван метод GetAllByEntityAsync с параметрами: messageId: 29, number: -1 |url: http://localhost/api/Message/all|action: GetMessageByChat
2024-05-15 21:06:32.3520|0|TRACE|Goods.System.Social.Network.DomainServices.Interface.ReactionMessageService|Вызван метод GetAllByEntityAsync с параметрами: messageId: 30, number: -1 |url: http://localhost/api/Message/all|action: GetMessageByChat
2024-05-15 21:06:32.3520|0|TRACE|Goods.System.Social.Network.DomainServices.Interface.ReactionMessageService|Вызван метод GetAllByEntityAsync с параметрами: messageId: 31, number: -1 |url: http://localhost/api/Message/all|action: GetMessageByChat
2024-05-15 21:06:32.3520|0|TRACE|Goods.System.Social.Network.DomainServices.Interface.ReactionMessageService|Вызван метод GetAllByEntityAsync с параметрами: messageId: 32, number: -1 |url: http://localhost/api/Message/all|action: GetMessageByChat
2024-05-15 21:06:32.3520|0|TRACE|Goods.System.Social.Network.DomainServices.Interface.ReactionMessageService|Вызван метод GetAllByEntityAsync с параметрами: messageId: 33, number: -1 |url: http://localhost/api/Message/all|action: GetMessageByChat
2024-05-15 21:06:32.3627|0|TRACE|Goods.System.Social.Network.DomainServices.Interface.ReactionMessageService|Вызван метод GetAllByEntityAsync с параметрами: messageId: 34, number: -1 |url: http://localhost/api/Message/all|action: GetMessageByChat
2024-05-15 21:06:32.3627|0|TRACE|Goods.System.Social.Network.DomainServices.Interface.ReactionMessageService|Вызван метод GetAllByEntityAsync с параметрами: messageId: 35, number: -1 |url: http://localhost/api/Message/all|action: GetMessageByChat
2024-05-15 21:06:32.3627|0|TRACE|Goods.System.Social.Network.DomainServices.Interface.ReactionMessageService|Вызван метод GetAllByEntityAsync с параметрами: messageId: 36, number: -1 |url: http://localhost/api/Message/all|action: GetMessageByChat
2024-05-15 21:06:32.3627|0|TRACE|Goods.System.Social.Network.DomainServices.Interface.ReactionMessageService|Вызван метод GetAllByEntityAsync с параметрами: messageId: 37, number: -1 |url: http://localhost/api/Message/all|action: GetMessageByChat
2024-05-15 21:06:32.3627|0|TRACE|Goods.System.Social.Network.DomainServices.Interface.ReactionMessageService|Вызван метод GetAllByEntityAsync с параметрами: messageId: 38, number: -1 |url: http://localhost/api/Message/all|action: GetMessageByChat
2024-05-15 21:07:41.5480|0|INFO|Goods.System.Social.Network.Microservice.Chats.Controllers.MessageController|Вызван метод GetMessageByChat |url: http://localhost/api/Message/all|action: GetMessageByChat
2024-05-15 21:07:41.5480|0|TRACE|DomainServices.Chat.Realization.ChatService|Вызван метод GetMessagesAsync с параметрами: chatId: 1, number: 0 |url: http://localhost/api/Message/all|action: GetMessageByChat
2024-05-15 21:07:41.5480|0|TRACE|Goods.System.Social.Network.DAL.Repository.Realization.MessageRepository|Вызван метод GetAllByChatAsync с параметрами: chatId : 1 |url: http://localhost/api/Message/all|action: GetMessageByChat
2024-05-15 21:07:41.5509|0|TRACE|Goods.System.Social.Network.DomainServices.Interface.ReactionMessageService|Вызван метод GetAllByEntityAsync с параметрами: messageId: 18, number: -1 |url: http://localhost/api/Message/all|action: GetMessageByChat
2024-05-15 21:07:41.5509|0|TRACE|Goods.System.Social.Network.DomainServices.Interface.ReactionMessageService|Вызван метод GetAllByEntityAsync с параметрами: messageId: 20, number: -1 |url: http://localhost/api/Message/all|action: GetMessageByChat
2024-05-15 21:07:41.5509|0|TRACE|Goods.System.Social.Network.DomainServices.Interface.ReactionMessageService|Вызван метод GetAllByEntityAsync с параметрами: messageId: 21, number: -1 |url: http://localhost/api/Message/all|action: GetMessageByChat
2024-05-15 21:07:41.5509|0|TRACE|Goods.System.Social.Network.DomainServices.Interface.ReactionMessageService|Вызван метод GetAllByEntityAsync с параметрами: messageId: 22, number: -1 |url: http://localhost/api/Message/all|action: GetMessageByChat
2024-05-15 21:07:41.5664|0|TRACE|Goods.System.Social.Network.DomainServices.Interface.ReactionMessageService|Вызван метод GetAllByEntityAsync с параметрами: messageId: 23, number: -1 |url: http://localhost/api/Message/all|action: GetMessageByChat
2024-05-15 21:07:41.9156|0|TRACE|Goods.System.Social.Network.DomainServices.Interface.ReactionMessageService|Вызван метод GetAllByEntityAsync с параметрами: messageId: 24, number: -1 |url: http://localhost/api/Message/all|action: GetMessageByChat
2024-05-15 21:07:41.9156|0|TRACE|Goods.System.Social.Network.DomainServices.Interface.ReactionMessageService|Вызван метод GetAllByEntityAsync с параметрами: messageId: 25, number: -1 |url: http://localhost/api/Message/all|action: GetMessageByChat
2024-05-15 21:07:41.9305|0|TRACE|Goods.System.Social.Network.DomainServices.Interface.ReactionMessageService|Вызван метод GetAllByEntityAsync с параметрами: messageId: 26, number: -1 |url: http://localhost/api/Message/all|action: GetMessageByChat
2024-05-15 21:07:41.9419|0|TRACE|Goods.System.Social.Network.DomainServices.Interface.ReactionMessageService|Вызван метод GetAllByEntityAsync с параметрами: messageId: 27, number: -1 |url: http://localhost/api/Message/all|action: GetMessageByChat
2024-05-15 21:07:41.9652|0|TRACE|Goods.System.Social.Network.DomainServices.Interface.ReactionMessageService|Вызван метод GetAllByEntityAsync с параметрами: messageId: 28, number: -1 |url: http://localhost/api/Message/all|action: GetMessageByChat
2024-05-15 21:07:41.9652|0|TRACE|Goods.System.Social.Network.DomainServices.Interface.ReactionMessageService|Вызван метод GetAllByEntityAsync с параметрами: messageId: 29, number: -1 |url: http://localhost/api/Message/all|action: GetMessageByChat
2024-05-15 21:07:41.9920|0|TRACE|Goods.System.Social.Network.DomainServices.Interface.ReactionMessageService|Вызван метод GetAllByEntityAsync с параметрами: messageId: 30, number: -1 |url: http://localhost/api/Message/all|action: GetMessageByChat
2024-05-15 21:07:41.9920|0|TRACE|Goods.System.Social.Network.DomainServices.Interface.ReactionMessageService|Вызван метод GetAllByEntityAsync с параметрами: messageId: 31, number: -1 |url: http://localhost/api/Message/all|action: GetMessageByChat
2024-05-15 21:07:42.0043|0|TRACE|Goods.System.Social.Network.DomainServices.Interface.ReactionMessageService|Вызван метод GetAllByEntityAsync с параметрами: messageId: 32, number: -1 |url: http://localhost/api/Message/all|action: GetMessageByChat
2024-05-15 21:07:42.0043|0|TRACE|Goods.System.Social.Network.DomainServices.Interface.ReactionMessageService|Вызван метод GetAllByEntityAsync с параметрами: messageId: 33, number: -1 |url: http://localhost/api/Message/all|action: GetMessageByChat
2024-05-15 21:07:42.0391|0|TRACE|Goods.System.Social.Network.DomainServices.Interface.ReactionMessageService|Вызван метод GetAllByEntityAsync с параметрами: messageId: 34, number: -1 |url: http://localhost/api/Message/all|action: GetMessageByChat
2024-05-15 21:07:42.0391|0|TRACE|Goods.System.Social.Network.DomainServices.Interface.ReactionMessageService|Вызван метод GetAllByEntityAsync с параметрами: messageId: 35, number: -1 |url: http://localhost/api/Message/all|action: GetMessageByChat
2024-05-15 21:07:42.0515|0|TRACE|Goods.System.Social.Network.DomainServices.Interface.ReactionMessageService|Вызван метод GetAllByEntityAsync с параметрами: messageId: 36, number: -1 |url: http://localhost/api/Message/all|action: GetMessageByChat
2024-05-15 21:07:42.0515|0|TRACE|Goods.System.Social.Network.DomainServices.Interface.ReactionMessageService|Вызван метод GetAllByEntityAsync с параметрами: messageId: 37, number: -1 |url: http://localhost/api/Message/all|action: GetMessageByChat
2024-05-15 21:07:42.0745|0|TRACE|Goods.System.Social.Network.DomainServices.Interface.ReactionMessageService|Вызван метод GetAllByEntityAsync с параметрами: messageId: 38, number: -1 |url: http://localhost/api/Message/all|action: GetMessageByChat
2024-05-15 21:11:27.2229|0|INFO|Goods.System.Social.Network.Microservice.Chats.Controllers.MessageController|Вызван метод GetMessageByChat |url: http://localhost/api/Message/all|action: GetMessageByChat
2024-05-15 21:11:27.2229|0|TRACE|DomainServices.Chat.Realization.ChatService|Вызван метод GetMessagesAsync с параметрами: chatId: 1, number: 0 |url: http://localhost/api/Message/all|action: GetMessageByChat
2024-05-15 21:11:27.2229|0|TRACE|Goods.System.Social.Network.DAL.Repository.Realization.MessageRepository|Вызван метод GetAllByChatAsync с параметрами: chatId : 1 |url: http://localhost/api/Message/all|action: GetMessageByChat
2024-05-15 21:11:27.2564|0|TRACE|Goods.System.Social.Network.DomainServices.Interface.ReactionMessageService|Вызван метод GetAllByEntityAsync с параметрами: messageId: 18, number: -1 |url: http://localhost/api/Message/all|action: GetMessageByChat
2024-05-15 21:11:27.2564|0|TRACE|Goods.System.Social.Network.DomainServices.Interface.ReactionMessageService|Вызван метод GetAllByEntityAsync с параметрами: messageId: 20, number: -1 |url: http://localhost/api/Message/all|action: GetMessageByChat
2024-05-15 21:11:27.2710|0|TRACE|Goods.System.Social.Network.DomainServices.Interface.ReactionMessageService|Вызван метод GetAllByEntityAsync с параметрами: messageId: 21, number: -1 |url: http://localhost/api/Message/all|action: GetMessageByChat
2024-05-15 21:11:27.3043|0|TRACE|Goods.System.Social.Network.DomainServices.Interface.ReactionMessageService|Вызван метод GetAllByEntityAsync с параметрами: messageId: 22, number: -1 |url: http://localhost/api/Message/all|action: GetMessageByChat
2024-05-15 21:11:27.3161|0|TRACE|Goods.System.Social.Network.DomainServices.Interface.ReactionMessageService|Вызван метод GetAllByEntityAsync с параметрами: messageId: 23, number: -1 |url: http://localhost/api/Message/all|action: GetMessageByChat
2024-05-15 21:11:27.3366|0|TRACE|Goods.System.Social.Network.DomainServices.Interface.ReactionMessageService|Вызван метод GetAllByEntityAsync с параметрами: messageId: 24, number: -1 |url: http://localhost/api/Message/all|action: GetMessageByChat
2024-05-15 21:11:27.3486|0|TRACE|Goods.System.Social.Network.DomainServices.Interface.ReactionMessageService|Вызван метод GetAllByEntityAsync с параметрами: messageId: 25, number: -1 |url: http://localhost/api/Message/all|action: GetMessageByChat
2024-05-15 21:11:27.3486|0|TRACE|Goods.System.Social.Network.DomainServices.Interface.ReactionMessageService|Вызван метод GetAllByEntityAsync с параметрами: messageId: 26, number: -1 |url: http://localhost/api/Message/all|action: GetMessageByChat
2024-05-15 21:11:27.3630|0|TRACE|Goods.System.Social.Network.DomainServices.Interface.ReactionMessageService|Вызван метод GetAllByEntityAsync с параметрами: messageId: 27, number: -1 |url: http://localhost/api/Message/all|action: GetMessageByChat
2024-05-15 21:11:27.3842|0|TRACE|Goods.System.Social.Network.DomainServices.Interface.ReactionMessageService|Вызван метод GetAllByEntityAsync с параметрами: messageId: 28, number: -1 |url: http://localhost/api/Message/all|action: GetMessageByChat
2024-05-15 21:11:27.3950|0|TRACE|Goods.System.Social.Network.DomainServices.Interface.ReactionMessageService|Вызван метод GetAllByEntityAsync с параметрами: messageId: 29, number: -1 |url: http://localhost/api/Message/all|action: GetMessageByChat
2024-05-15 21:11:27.3950|0|TRACE|Goods.System.Social.Network.DomainServices.Interface.ReactionMessageService|Вызван метод GetAllByEntityAsync с параметрами: messageId: 30, number: -1 |url: http://localhost/api/Message/all|action: GetMessageByChat
2024-05-15 21:11:27.4099|0|TRACE|Goods.System.Social.Network.DomainServices.Interface.ReactionMessageService|Вызван метод GetAllByEntityAsync с параметрами: messageId: 31, number: -1 |url: http://localhost/api/Message/all|action: GetMessageByChat
2024-05-15 21:11:27.4301|0|TRACE|Goods.System.Social.Network.DomainServices.Interface.ReactionMessageService|Вызван метод GetAllByEntityAsync с параметрами: messageId: 32, number: -1 |url: http://localhost/api/Message/all|action: GetMessageByChat
2024-05-15 21:11:27.4417|0|TRACE|Goods.System.Social.Network.DomainServices.Interface.ReactionMessageService|Вызван метод GetAllByEntityAsync с параметрами: messageId: 33, number: -1 |url: http://localhost/api/Message/all|action: GetMessageByChat
2024-05-15 21:11:27.4417|0|TRACE|Goods.System.Social.Network.DomainServices.Interface.ReactionMessageService|Вызван метод GetAllByEntityAsync с параметрами: messageId: 34, number: -1 |url: http://localhost/api/Message/all|action: GetMessageByChat
2024-05-15 21:11:27.4574|0|TRACE|Goods.System.Social.Network.DomainServices.Interface.ReactionMessageService|Вызван метод GetAllByEntityAsync с параметрами: messageId: 35, number: -1 |url: http://localhost/api/Message/all|action: GetMessageByChat
2024-05-15 21:11:27.4777|0|TRACE|Goods.System.Social.Network.DomainServices.Interface.ReactionMessageService|Вызван метод GetAllByEntityAsync с параметрами: messageId: 36, number: -1 |url: http://localhost/api/Message/all|action: GetMessageByChat
2024-05-15 21:11:27.4891|0|TRACE|Goods.System.Social.Network.DomainServices.Interface.ReactionMessageService|Вызван метод GetAllByEntityAsync с параметрами: messageId: 37, number: -1 |url: http://localhost/api/Message/all|action: GetMessageByChat
2024-05-15 21:11:35.4222|0|TRACE|Goods.System.Social.Network.DomainServices.Interface.ReactionMessageService|Вызван метод GetAllByEntityAsync с параметрами: messageId: 38, number: -1 |url: http://localhost/api/Message/all|action: GetMessageByChat
2024-05-15 21:14:45.1230|0|INFO|Goods.System.Social.Network.Microservice.Chats.Controllers.MessageController|Вызван метод GetMessageByChat |url: http://localhost/api/Message/all|action: GetMessageByChat
2024-05-15 21:14:45.1230|0|TRACE|DomainServices.Chat.Realization.ChatService|Вызван метод GetMessagesAsync с параметрами: chatId: 1, number: 0 |url: http://localhost/api/Message/all|action: GetMessageByChat
2024-05-15 21:14:45.1230|0|TRACE|Goods.System.Social.Network.DAL.Repository.Realization.MessageRepository|Вызван метод GetAllByChatAsync с параметрами: chatId : 1 |url: http://localhost/api/Message/all|action: GetMessageByChat
2024-05-15 21:14:45.1297|0|TRACE|Goods.System.Social.Network.DomainServices.Interface.ReactionMessageService|Вызван метод GetAllByEntityAsync с параметрами: messageId: 18, number: -1 |url: http://localhost/api/Message/all|action: GetMessageByChat
2024-05-15 21:14:45.1297|0|TRACE|Goods.System.Social.Network.DomainServices.Interface.ReactionMessageService|Вызван метод GetAllByEntityAsync с параметрами: messageId: 20, number: -1 |url: http://localhost/api/Message/all|action: GetMessageByChat
2024-05-15 21:14:45.1297|0|TRACE|Goods.System.Social.Network.DomainServices.Interface.ReactionMessageService|Вызван метод GetAllByEntityAsync с параметрами: messageId: 21, number: -1 |url: http://localhost/api/Message/all|action: GetMessageByChat
2024-05-15 21:14:45.1448|0|TRACE|Goods.System.Social.Network.DomainServices.Interface.ReactionMessageService|Вызван метод GetAllByEntityAsync с параметрами: messageId: 22, number: -1 |url: http://localhost/api/Message/all|action: GetMessageByChat
2024-05-15 21:14:45.1932|0|TRACE|Goods.System.Social.Network.DomainServices.Interface.ReactionMessageService|Вызван метод GetAllByEntityAsync с параметрами: messageId: 23, number: -1 |url: http://localhost/api/Message/all|action: GetMessageByChat
2024-05-15 21:14:45.2305|0|TRACE|Goods.System.Social.Network.DomainServices.Interface.ReactionMessageService|Вызван метод GetAllByEntityAsync с параметрами: messageId: 24, number: -1 |url: http://localhost/api/Message/all|action: GetMessageByChat
2024-05-15 21:14:45.2382|0|TRACE|Goods.System.Social.Network.DomainServices.Interface.ReactionMessageService|Вызван метод GetAllByEntityAsync с параметрами: messageId: 25, number: -1 |url: http://localhost/api/Message/all|action: GetMessageByChat
2024-05-15 21:14:45.2726|0|TRACE|Goods.System.Social.Network.DomainServices.Interface.ReactionMessageService|Вызван метод GetAllByEntityAsync с параметрами: messageId: 26, number: -1 |url: http://localhost/api/Message/all|action: GetMessageByChat
2024-05-15 21:14:45.2726|0|TRACE|Goods.System.Social.Network.DomainServices.Interface.ReactionMessageService|Вызван метод GetAllByEntityAsync с параметрами: messageId: 27, number: -1 |url: http://localhost/api/Message/all|action: GetMessageByChat
2024-05-15 21:14:45.2867|0|TRACE|Goods.System.Social.Network.DomainServices.Interface.ReactionMessageService|Вызван метод GetAllByEntityAsync с параметрами: messageId: 28, number: -1 |url: http://localhost/api/Message/all|action: GetMessageByChat
2024-05-15 21:14:45.3007|0|TRACE|Goods.System.Social.Network.DomainServices.Interface.ReactionMessageService|Вызван метод GetAllByEntityAsync с параметрами: messageId: 29, number: -1 |url: http://localhost/api/Message/all|action: GetMessageByChat
2024-05-15 21:14:45.3007|0|TRACE|Goods.System.Social.Network.DomainServices.Interface.ReactionMessageService|Вызван метод GetAllByEntityAsync с параметрами: messageId: 30, number: -1 |url: http://localhost/api/Message/all|action: GetMessageByChat
2024-05-15 21:14:45.3241|0|TRACE|Goods.System.Social.Network.DomainServices.Interface.ReactionMessageService|Вызван метод GetAllByEntityAsync с параметрами: messageId: 31, number: -1 |url: http://localhost/api/Message/all|action: GetMessageByChat
2024-05-15 21:14:45.3369|0|TRACE|Goods.System.Social.Network.DomainServices.Interface.ReactionMessageService|Вызван метод GetAllByEntityAsync с параметрами: messageId: 32, number: -1 |url: http://localhost/api/Message/all|action: GetMessageByChat
2024-05-15 21:14:45.3493|0|TRACE|Goods.System.Social.Network.DomainServices.Interface.ReactionMessageService|Вызван метод GetAllByEntityAsync с параметрами: messageId: 33, number: -1 |url: http://localhost/api/Message/all|action: GetMessageByChat
2024-05-15 21:14:45.3716|0|TRACE|Goods.System.Social.Network.DomainServices.Interface.ReactionMessageService|Вызван метод GetAllByEntityAsync с параметрами: messageId: 34, number: -1 |url: http://localhost/api/Message/all|action: GetMessageByChat
2024-05-15 21:14:45.3716|0|TRACE|Goods.System.Social.Network.DomainServices.Interface.ReactionMessageService|Вызван метод GetAllByEntityAsync с параметрами: messageId: 35, number: -1 |url: http://localhost/api/Message/all|action: GetMessageByChat
2024-05-15 21:14:45.3955|0|TRACE|Goods.System.Social.Network.DomainServices.Interface.ReactionMessageService|Вызван метод GetAllByEntityAsync с параметрами: messageId: 36, number: -1 |url: http://localhost/api/Message/all|action: GetMessageByChat
2024-05-15 21:14:45.3955|0|TRACE|Goods.System.Social.Network.DomainServices.Interface.ReactionMessageService|Вызван метод GetAllByEntityAsync с параметрами: messageId: 37, number: -1 |url: http://localhost/api/Message/all|action: GetMessageByChat
2024-05-15 21:14:45.4175|0|TRACE|Goods.System.Social.Network.DomainServices.Interface.ReactionMessageService|Вызван метод GetAllByEntityAsync с параметрами: messageId: 38, number: -1 |url: http://localhost/api/Message/all|action: GetMessageByChat
2024-05-15 21:17:56.5970|0|DEBUG|Program|init main |url: |action: 
2024-05-15 21:17:58.1426|14|INFO|Microsoft.Hosting.Lifetime|Now listening on: http://localhost:5289 |url: |action: 
2024-05-15 21:17:58.1599|0|INFO|Microsoft.Hosting.Lifetime|Application started. Press Ctrl+C to shut down. |url: |action: 
2024-05-15 21:17:58.1599|0|INFO|Microsoft.Hosting.Lifetime|Hosting environment: Development |url: |action: 
2024-05-15 21:17:58.1599|0|INFO|Microsoft.Hosting.Lifetime|Content root path: C:\Users\димон\Desktop\Я\РУСАЛ\SocialNet\SocialNetworkSystem\Goods.Social.Network\Goods.System.Social.Network.Microservice.Chats |url: |action: 
2024-05-15 21:18:07.5997|3|WARN|Microsoft.AspNetCore.HttpsPolicy.HttpsRedirectionMiddleware|Failed to determine the https port for redirect. |url: http://localhost/api/Message/all|action: 
2024-05-15 21:18:07.9507|0|INFO|Goods.System.Social.Network.Microservice.Chats.Controllers.MessageController|Вызван метод GetMessageByChat |url: http://localhost/api/Message/all|action: GetMessageByChat
2024-05-15 21:18:07.9507|0|TRACE|DomainServices.Chat.Realization.ChatService|Вызван метод GetMessagesAsync с параметрами: chatId: 1, number: 0 |url: http://localhost/api/Message/all|action: GetMessageByChat
2024-05-15 21:18:07.9756|0|TRACE|Goods.System.Social.Network.DAL.Repository.Realization.MessageRepository|Вызван метод GetAllByChatAsync с параметрами: chatId : 1 |url: http://localhost/api/Message/all|action: GetMessageByChat
2024-05-15 21:18:08.6189|10400|WARN|Microsoft.EntityFrameworkCore.Model.Validation|Sensitive data logging is enabled. Log entries and exception messages may include sensitive application data; this mode should only be enabled during development. |url: http://localhost/api/Message/all|action: GetMessageByChat
2024-05-15 21:18:09.7252|0|TRACE|Goods.System.Social.Network.DomainServices.Interface.ReactionMessageService|Вызван метод GetAllByEntityAsync с параметрами: messageId: 18, number: -1 |url: http://localhost/api/Message/all|action: GetMessageByChat
2024-05-15 21:18:09.8327|0|TRACE|Goods.System.Social.Network.DomainServices.Interface.ReactionMessageService|Вызван метод GetAllByEntityAsync с параметрами: messageId: 20, number: -1 |url: http://localhost/api/Message/all|action: GetMessageByChat
2024-05-15 21:18:09.8327|0|TRACE|Goods.System.Social.Network.DomainServices.Interface.ReactionMessageService|Вызван метод GetAllByEntityAsync с параметрами: messageId: 21, number: -1 |url: http://localhost/api/Message/all|action: GetMessageByChat
2024-05-15 21:18:09.8327|0|TRACE|Goods.System.Social.Network.DomainServices.Interface.ReactionMessageService|Вызван метод GetAllByEntityAsync с параметрами: messageId: 22, number: -1 |url: http://localhost/api/Message/all|action: GetMessageByChat
2024-05-15 21:18:09.8327|0|TRACE|Goods.System.Social.Network.DomainServices.Interface.ReactionMessageService|Вызван метод GetAllByEntityAsync с параметрами: messageId: 23, number: -1 |url: http://localhost/api/Message/all|action: GetMessageByChat
2024-05-15 21:18:09.8483|0|TRACE|Goods.System.Social.Network.DomainServices.Interface.ReactionMessageService|Вызван метод GetAllByEntityAsync с параметрами: messageId: 24, number: -1 |url: http://localhost/api/Message/all|action: GetMessageByChat
2024-05-15 21:18:09.8483|0|TRACE|Goods.System.Social.Network.DomainServices.Interface.ReactionMessageService|Вызван метод GetAllByEntityAsync с параметрами: messageId: 25, number: -1 |url: http://localhost/api/Message/all|action: GetMessageByChat
2024-05-15 21:18:09.8483|0|TRACE|Goods.System.Social.Network.DomainServices.Interface.ReactionMessageService|Вызван метод GetAllByEntityAsync с параметрами: messageId: 26, number: -1 |url: http://localhost/api/Message/all|action: GetMessageByChat
2024-05-15 21:18:09.8483|0|TRACE|Goods.System.Social.Network.DomainServices.Interface.ReactionMessageService|Вызван метод GetAllByEntityAsync с параметрами: messageId: 27, number: -1 |url: http://localhost/api/Message/all|action: GetMessageByChat
2024-05-15 21:18:09.8640|0|TRACE|Goods.System.Social.Network.DomainServices.Interface.ReactionMessageService|Вызван метод GetAllByEntityAsync с параметрами: messageId: 28, number: -1 |url: http://localhost/api/Message/all|action: GetMessageByChat
2024-05-15 21:18:09.8640|0|TRACE|Goods.System.Social.Network.DomainServices.Interface.ReactionMessageService|Вызван метод GetAllByEntityAsync с параметрами: messageId: 29, number: -1 |url: http://localhost/api/Message/all|action: GetMessageByChat
2024-05-15 21:18:09.8640|0|TRACE|Goods.System.Social.Network.DomainServices.Interface.ReactionMessageService|Вызван метод GetAllByEntityAsync с параметрами: messageId: 30, number: -1 |url: http://localhost/api/Message/all|action: GetMessageByChat
2024-05-15 21:18:09.8640|0|TRACE|Goods.System.Social.Network.DomainServices.Interface.ReactionMessageService|Вызван метод GetAllByEntityAsync с параметрами: messageId: 31, number: -1 |url: http://localhost/api/Message/all|action: GetMessageByChat
2024-05-15 21:18:09.8797|0|TRACE|Goods.System.Social.Network.DomainServices.Interface.ReactionMessageService|Вызван метод GetAllByEntityAsync с параметрами: messageId: 32, number: -1 |url: http://localhost/api/Message/all|action: GetMessageByChat
2024-05-15 21:18:09.8797|0|TRACE|Goods.System.Social.Network.DomainServices.Interface.ReactionMessageService|Вызван метод GetAllByEntityAsync с параметрами: messageId: 33, number: -1 |url: http://localhost/api/Message/all|action: GetMessageByChat
2024-05-15 21:18:09.8797|0|TRACE|Goods.System.Social.Network.DomainServices.Interface.ReactionMessageService|Вызван метод GetAllByEntityAsync с параметрами: messageId: 34, number: -1 |url: http://localhost/api/Message/all|action: GetMessageByChat
2024-05-15 21:18:09.8797|0|TRACE|Goods.System.Social.Network.DomainServices.Interface.ReactionMessageService|Вызван метод GetAllByEntityAsync с параметрами: messageId: 35, number: -1 |url: http://localhost/api/Message/all|action: GetMessageByChat
2024-05-15 21:18:09.8797|0|TRACE|Goods.System.Social.Network.DomainServices.Interface.ReactionMessageService|Вызван метод GetAllByEntityAsync с параметрами: messageId: 36, number: -1 |url: http://localhost/api/Message/all|action: GetMessageByChat
2024-05-15 21:18:09.8950|0|TRACE|Goods.System.Social.Network.DomainServices.Interface.ReactionMessageService|Вызван метод GetAllByEntityAsync с параметрами: messageId: 37, number: -1 |url: http://localhost/api/Message/all|action: GetMessageByChat
2024-05-15 21:18:09.8950|0|TRACE|Goods.System.Social.Network.DomainServices.Interface.ReactionMessageService|Вызван метод GetAllByEntityAsync с параметрами: messageId: 38, number: -1 |url: http://localhost/api/Message/all|action: GetMessageByChat
2024-05-15 21:25:15.1599|0|DEBUG|Program|init main |url: |action: 
