2024-07-04 18:59:31.0679|0|TRACE|DomainServices.Chat.Realization.ChatService|Вызван метод CreateAsync с параметрами: message: Goods.System.Social.Network.DomainModel.Entities.Message |url: http://localhost/api/Message|action: AddNewMessage
2024-07-04 18:59:31.1071|0|TRACE|Goods.System.Social.Network.DAL.Repository.Realization.ChatRepository|Вызван метод GetAsync с параметрами: id : 1 |url: http://localhost/api/Message|action: AddNewMessage
2024-07-04 18:59:34.6606|0|TRACE|Goods.System.Social.Network.DAL.Repository.Realization.ChatRepository|Вызван метод Update с параметрами: chatRoom : Goods.System.Social.Network.DomainModel.Entities.ChatRoom |url: http://localhost/api/Message|action: AddNewMessage
2024-07-04 18:59:34.9619|0|TRACE|Goods.System.Social.Network.DAL.Repository.Realization.MessageRepository|Вызван метод Create с параметрами: message : Goods.System.Social.Network.DomainModel.Entities.Message |url: http://localhost/api/Message|action: AddNewMessage
2024-07-04 18:59:35.1824|0|TRACE|DomainServices.Chat.Realization.InviteService|Вызван метод GetUsersInChatAsync с параметрами: chatId: 1 |url: http://localhost/api/Message|action: AddNewMessage
2024-07-04 18:59:35.2416|0|TRACE|Goods.System.Social.Network.DAL.Repository.Realization.UserRepository|Вызван метод GetAsync с параметрами: id : 5 |url: http://localhost/api/Message|action: AddNewMessage
2024-07-04 18:59:35.3340|0|TRACE|Goods.System.Social.Network.DAL.Repository.Realization.UserRepository|Вызван метод GetAsync с параметрами: id : 6 |url: http://localhost/api/Message|action: AddNewMessage
2024-07-04 18:59:50.2940|0|TRACE|DomainServices.Chat.Realization.ChatService|Вызван метод CreateAsync с параметрами: message: Goods.System.Social.Network.DomainModel.Entities.Message |url: http://localhost/api/Message|action: AddNewMessage
2024-07-04 18:59:50.2940|0|TRACE|Goods.System.Social.Network.DAL.Repository.Realization.ChatRepository|Вызван метод GetAsync с параметрами: id : 1 |url: http://localhost/api/Message|action: AddNewMessage
2024-07-04 18:59:50.3018|0|TRACE|Goods.System.Social.Network.DAL.Repository.Realization.ChatRepository|Вызван метод Update с параметрами: chatRoom : Goods.System.Social.Network.DomainModel.Entities.ChatRoom |url: http://localhost/api/Message|action: AddNewMessage
2024-07-04 18:59:50.3018|0|TRACE|Goods.System.Social.Network.DAL.Repository.Realization.MessageRepository|Вызван метод Create с параметрами: message : Goods.System.Social.Network.DomainModel.Entities.Message |url: http://localhost/api/Message|action: AddNewMessage
2024-07-04 18:59:50.3018|0|TRACE|DomainServices.Chat.Realization.InviteService|Вызван метод GetUsersInChatAsync с параметрами: chatId: 1 |url: http://localhost/api/Message|action: AddNewMessage
2024-07-04 18:59:50.3164|0|TRACE|Goods.System.Social.Network.DAL.Repository.Realization.UserRepository|Вызван метод GetAsync с параметрами: id : 5 |url: http://localhost/api/Message|action: AddNewMessage
2024-07-04 18:59:50.3164|0|TRACE|Goods.System.Social.Network.DAL.Repository.Realization.UserRepository|Вызван метод GetAsync с параметрами: id : 6 |url: http://localhost/api/Message|action: AddNewMessage
2024-07-04 19:17:24.3759|0|TRACE|DomainServices.Chat.Realization.ChatService|Вызван метод CreateAsync с параметрами: message: Goods.System.Social.Network.DomainModel.Entities.Message |url: http://localhost/api/Message|action: AddNewMessage
2024-07-04 19:17:24.3759|0|TRACE|Goods.System.Social.Network.DAL.Repository.Realization.ChatRepository|Вызван метод GetAsync с параметрами: id : 1 |url: http://localhost/api/Message|action: AddNewMessage
2024-07-04 19:17:24.3985|0|TRACE|Goods.System.Social.Network.DAL.Repository.Realization.ChatRepository|Вызван метод Update с параметрами: chatRoom : Goods.System.Social.Network.DomainModel.Entities.ChatRoom |url: http://localhost/api/Message|action: AddNewMessage
2024-07-04 19:17:24.3985|0|TRACE|Goods.System.Social.Network.DAL.Repository.Realization.MessageRepository|Вызван метод Create с параметрами: message : Goods.System.Social.Network.DomainModel.Entities.Message |url: http://localhost/api/Message|action: AddNewMessage
2024-07-04 19:17:24.4104|0|TRACE|DomainServices.Chat.Realization.InviteService|Вызван метод GetUsersInChatAsync с параметрами: chatId: 1 |url: http://localhost/api/Message|action: AddNewMessage
2024-07-04 19:17:24.4104|0|TRACE|Goods.System.Social.Network.DAL.Repository.Realization.UserRepository|Вызван метод GetAsync с параметрами: id : 5 |url: http://localhost/api/Message|action: AddNewMessage
2024-07-04 19:17:24.4255|0|TRACE|Goods.System.Social.Network.DAL.Repository.Realization.UserRepository|Вызван метод GetAsync с параметрами: id : 6 |url: http://localhost/api/Message|action: AddNewMessage
2024-07-04 19:17:25.1939|0|TRACE|DomainServices.Chat.Realization.ChatService|Вызван метод CreateAsync с параметрами: message: Goods.System.Social.Network.DomainModel.Entities.Message |url: http://localhost/api/Message|action: AddNewMessage
2024-07-04 19:17:25.1939|0|TRACE|Goods.System.Social.Network.DAL.Repository.Realization.ChatRepository|Вызван метод GetAsync с параметрами: id : 1 |url: http://localhost/api/Message|action: AddNewMessage
2024-07-04 19:17:25.1939|0|TRACE|Goods.System.Social.Network.DAL.Repository.Realization.ChatRepository|Вызван метод Update с параметрами: chatRoom : Goods.System.Social.Network.DomainModel.Entities.ChatRoom |url: http://localhost/api/Message|action: AddNewMessage
2024-07-04 19:17:25.1939|0|TRACE|Goods.System.Social.Network.DAL.Repository.Realization.MessageRepository|Вызван метод Create с параметрами: message : Goods.System.Social.Network.DomainModel.Entities.Message |url: http://localhost/api/Message|action: AddNewMessage
2024-07-04 19:17:25.1939|0|TRACE|DomainServices.Chat.Realization.InviteService|Вызван метод GetUsersInChatAsync с параметрами: chatId: 1 |url: http://localhost/api/Message|action: AddNewMessage
2024-07-04 19:17:25.2067|0|TRACE|Goods.System.Social.Network.DAL.Repository.Realization.UserRepository|Вызван метод GetAsync с параметрами: id : 5 |url: http://localhost/api/Message|action: AddNewMessage
2024-07-04 19:17:25.2067|0|TRACE|Goods.System.Social.Network.DAL.Repository.Realization.UserRepository|Вызван метод GetAsync с параметрами: id : 6 |url: http://localhost/api/Message|action: AddNewMessage
2024-07-04 19:17:43.5202|0|TRACE|DomainServices.Chat.Realization.ChatService|Вызван метод CreateAsync с параметрами: message: Goods.System.Social.Network.DomainModel.Entities.Message |url: http://localhost/api/Message|action: AddNewMessage
2024-07-04 19:17:43.5202|0|TRACE|Goods.System.Social.Network.DAL.Repository.Realization.ChatRepository|Вызван метод GetAsync с параметрами: id : 1 |url: http://localhost/api/Message|action: AddNewMessage
2024-07-04 19:17:43.5202|0|TRACE|Goods.System.Social.Network.DAL.Repository.Realization.ChatRepository|Вызван метод Update с параметрами: chatRoom : Goods.System.Social.Network.DomainModel.Entities.ChatRoom |url: http://localhost/api/Message|action: AddNewMessage
2024-07-04 19:17:43.5202|0|TRACE|Goods.System.Social.Network.DAL.Repository.Realization.MessageRepository|Вызван метод Create с параметрами: message : Goods.System.Social.Network.DomainModel.Entities.Message |url: http://localhost/api/Message|action: AddNewMessage
2024-07-04 19:17:43.5202|0|TRACE|DomainServices.Chat.Realization.InviteService|Вызван метод GetUsersInChatAsync с параметрами: chatId: 1 |url: http://localhost/api/Message|action: AddNewMessage
2024-07-04 19:17:43.5347|0|TRACE|Goods.System.Social.Network.DAL.Repository.Realization.UserRepository|Вызван метод GetAsync с параметрами: id : 5 |url: http://localhost/api/Message|action: AddNewMessage
2024-07-04 19:17:43.5347|0|TRACE|Goods.System.Social.Network.DAL.Repository.Realization.UserRepository|Вызван метод GetAsync с параметрами: id : 6 |url: http://localhost/api/Message|action: AddNewMessage
2024-07-04 19:28:39.4754|0|TRACE|DomainServices.Chat.Realization.ChatService|Вызван метод CreateAsync с параметрами: message: Goods.System.Social.Network.DomainModel.Entities.Message |url: http://localhost/api/Message|action: AddNewMessage
2024-07-04 19:28:39.5036|0|TRACE|Goods.System.Social.Network.DAL.Repository.Realization.ChatRepository|Вызван метод GetAsync с параметрами: id : 1 |url: http://localhost/api/Message|action: AddNewMessage
2024-07-04 19:28:41.6136|0|TRACE|Goods.System.Social.Network.DAL.Repository.Realization.ChatRepository|Вызван метод Update с параметрами: chatRoom : Goods.System.Social.Network.DomainModel.Entities.ChatRoom |url: http://localhost/api/Message|action: AddNewMessage
2024-07-04 19:28:41.7873|0|TRACE|Goods.System.Social.Network.DAL.Repository.Realization.MessageRepository|Вызван метод Create с параметрами: message : Goods.System.Social.Network.DomainModel.Entities.Message |url: http://localhost/api/Message|action: AddNewMessage
2024-07-04 19:28:41.9144|0|TRACE|DomainServices.Chat.Realization.InviteService|Вызван метод GetUsersInChatAsync с параметрами: chatId: 1 |url: http://localhost/api/Message|action: AddNewMessage
2024-07-04 19:28:41.9478|0|TRACE|Goods.System.Social.Network.DAL.Repository.Realization.UserRepository|Вызван метод GetAsync с параметрами: id : 5 |url: http://localhost/api/Message|action: AddNewMessage
2024-07-04 19:28:41.9994|0|TRACE|Goods.System.Social.Network.DAL.Repository.Realization.UserRepository|Вызван метод GetAsync с параметрами: id : 6 |url: http://localhost/api/Message|action: AddNewMessage
2024-07-04 19:34:53.2021|0|TRACE|DomainServices.Chat.Realization.ChatService|Вызван метод CreateAsync с параметрами: message: Goods.System.Social.Network.DomainModel.Entities.Message |url: http://localhost/api/Message|action: AddNewMessage
2024-07-04 19:34:53.2230|0|TRACE|Goods.System.Social.Network.DAL.Repository.Realization.ChatRepository|Вызван метод GetAsync с параметрами: id : 1 |url: http://localhost/api/Message|action: AddNewMessage
2024-07-04 19:34:55.3498|0|TRACE|Goods.System.Social.Network.DAL.Repository.Realization.ChatRepository|Вызван метод Update с параметрами: chatRoom : Goods.System.Social.Network.DomainModel.Entities.ChatRoom |url: http://localhost/api/Message|action: AddNewMessage
2024-07-04 19:34:55.5352|0|TRACE|Goods.System.Social.Network.DAL.Repository.Realization.MessageRepository|Вызван метод Create с параметрами: message : Goods.System.Social.Network.DomainModel.Entities.Message |url: http://localhost/api/Message|action: AddNewMessage
2024-07-04 19:34:55.6909|0|TRACE|DomainServices.Chat.Realization.InviteService|Вызван метод GetUsersInChatAsync с параметрами: chatId: 1 |url: http://localhost/api/Message|action: AddNewMessage
2024-07-04 19:34:55.7388|0|TRACE|Goods.System.Social.Network.DAL.Repository.Realization.UserRepository|Вызван метод GetAsync с параметрами: id : 5 |url: http://localhost/api/Message|action: AddNewMessage
2024-07-04 19:34:55.7841|0|TRACE|Goods.System.Social.Network.DAL.Repository.Realization.UserRepository|Вызван метод GetAsync с параметрами: id : 6 |url: http://localhost/api/Message|action: AddNewMessage
2024-07-04 20:36:20.1165|0|TRACE|DomainServices.Chat.Realization.ChatService|Вызван метод CreateAsync с параметрами: message: Goods.System.Social.Network.DomainModel.Entities.Message |url: http://localhost/api/Message|action: AddNewMessage
2024-07-04 20:36:20.1165|0|TRACE|Goods.System.Social.Network.DAL.Repository.Realization.ChatRepository|Вызван метод GetAsync с параметрами: id : 1 |url: http://localhost/api/Message|action: AddNewMessage
2024-07-04 20:36:20.1481|0|TRACE|Goods.System.Social.Network.DAL.Repository.Realization.ChatRepository|Вызван метод Update с параметрами: chatRoom : Goods.System.Social.Network.DomainModel.Entities.ChatRoom |url: http://localhost/api/Message|action: AddNewMessage
2024-07-04 20:36:20.1604|0|TRACE|Goods.System.Social.Network.DAL.Repository.Realization.MessageRepository|Вызван метод Create с параметрами: message : Goods.System.Social.Network.DomainModel.Entities.Message |url: http://localhost/api/Message|action: AddNewMessage
2024-07-04 20:36:20.1756|0|TRACE|DomainServices.Chat.Realization.InviteService|Вызван метод GetUsersInChatAsync с параметрами: chatId: 1 |url: http://localhost/api/Message|action: AddNewMessage
2024-07-04 20:36:20.1756|0|TRACE|Goods.System.Social.Network.DAL.Repository.Realization.UserRepository|Вызван метод GetAsync с параметрами: id : 5 |url: http://localhost/api/Message|action: AddNewMessage
2024-07-04 20:36:20.1756|0|TRACE|Goods.System.Social.Network.DAL.Repository.Realization.UserRepository|Вызван метод GetAsync с параметрами: id : 6 |url: http://localhost/api/Message|action: AddNewMessage
