2024-06-06 21:34:02.6284|0|TRACE|DomainServices.Chat.Realization.ChatService|Вызван метод GetAsync с параметрами: messageId: 5 |url: http://localhost/api/Message|action: Get
2024-06-06 21:34:02.6518|0|TRACE|Goods.System.Social.Network.DAL.Repository.Realization.MessageRepository|Вызван метод GetAsync с параметрами: id : 5 |url: http://localhost/api/Message|action: Get
2024-06-06 23:24:56.8777|0|TRACE|DomainServices.Chat.Realization.ChatService|Вызван метод CreateAsync с параметрами: message: Goods.System.Social.Network.DomainModel.Entities.Message |url: http://localhost/api/Message|action: AddNewMessage
2024-06-06 23:24:56.9093|0|TRACE|Goods.System.Social.Network.DAL.Repository.Realization.ChatRepository|Вызван метод GetAsync с параметрами: id : 1 |url: http://localhost/api/Message|action: AddNewMessage
2024-06-06 23:24:59.3935|0|TRACE|Goods.System.Social.Network.DAL.Repository.Realization.ChatRepository|Вызван метод Update с параметрами: chatRoom : Goods.System.Social.Network.DomainModel.Entities.ChatRoom |url: http://localhost/api/Message|action: AddNewMessage
2024-06-06 23:24:59.5803|0|TRACE|Goods.System.Social.Network.DAL.Repository.Realization.MessageRepository|Вызван метод Create с параметрами: message : Goods.System.Social.Network.DomainModel.Entities.Message |url: http://localhost/api/Message|action: AddNewMessage
2024-06-06 23:28:00.8267|0|TRACE|DomainServices.Chat.Realization.ChatService|Вызван метод CreateAsync с параметрами: message: Goods.System.Social.Network.DomainModel.Entities.Message |url: http://localhost/api/Message|action: AddNewMessage
2024-06-06 23:28:00.8521|0|TRACE|Goods.System.Social.Network.DAL.Repository.Realization.ChatRepository|Вызван метод GetAsync с параметрами: id : 1 |url: http://localhost/api/Message|action: AddNewMessage
2024-06-06 23:28:03.1286|0|TRACE|Goods.System.Social.Network.DAL.Repository.Realization.ChatRepository|Вызван метод Update с параметрами: chatRoom : Goods.System.Social.Network.DomainModel.Entities.ChatRoom |url: http://localhost/api/Message|action: AddNewMessage
2024-06-06 23:28:03.3949|0|TRACE|Goods.System.Social.Network.DAL.Repository.Realization.MessageRepository|Вызван метод Create с параметрами: message : Goods.System.Social.Network.DomainModel.Entities.Message |url: http://localhost/api/Message|action: AddNewMessage
2024-06-06 23:28:03.5664|0|TRACE|DomainServices.Chat.Realization.InviteService|Вызван метод GetUsersInChatAsync с параметрами: chatId: 1 |url: http://localhost/api/Message|action: AddNewMessage
2024-06-06 23:28:03.5959|0|TRACE|Goods.System.Social.Network.DAL.Repository.Realization.UserRepository|Вызван метод GetAsync с параметрами: id : 5 |url: http://localhost/api/Message|action: AddNewMessage
2024-06-06 23:28:03.6571|0|TRACE|Goods.System.Social.Network.DAL.Repository.Realization.UserRepository|Вызван метод GetAsync с параметрами: id : 6 |url: http://localhost/api/Message|action: AddNewMessage
2024-06-06 23:28:14.6068|0|TRACE|DomainServices.Chat.Realization.ChatService|Вызван метод CreateAsync с параметрами: message: Goods.System.Social.Network.DomainModel.Entities.Message |url: http://localhost/api/Message|action: AddNewMessage
2024-06-06 23:28:14.6068|0|TRACE|Goods.System.Social.Network.DAL.Repository.Realization.ChatRepository|Вызван метод GetAsync с параметрами: id : 1 |url: http://localhost/api/Message|action: AddNewMessage
2024-06-06 23:28:14.6150|0|TRACE|Goods.System.Social.Network.DAL.Repository.Realization.ChatRepository|Вызван метод Update с параметрами: chatRoom : Goods.System.Social.Network.DomainModel.Entities.ChatRoom |url: http://localhost/api/Message|action: AddNewMessage
2024-06-06 23:28:14.6150|0|TRACE|Goods.System.Social.Network.DAL.Repository.Realization.MessageRepository|Вызван метод Create с параметрами: message : Goods.System.Social.Network.DomainModel.Entities.Message |url: http://localhost/api/Message|action: AddNewMessage
2024-06-06 23:28:14.6270|0|TRACE|DomainServices.Chat.Realization.InviteService|Вызван метод GetUsersInChatAsync с параметрами: chatId: 1 |url: http://localhost/api/Message|action: AddNewMessage
2024-06-06 23:28:14.6270|0|TRACE|Goods.System.Social.Network.DAL.Repository.Realization.UserRepository|Вызван метод GetAsync с параметрами: id : 5 |url: http://localhost/api/Message|action: AddNewMessage
2024-06-06 23:28:14.6434|0|TRACE|Goods.System.Social.Network.DAL.Repository.Realization.UserRepository|Вызван метод GetAsync с параметрами: id : 6 |url: http://localhost/api/Message|action: AddNewMessage
2024-06-06 23:29:37.0225|0|TRACE|DomainServices.Chat.Realization.ChatService|Вызван метод CreateAsync с параметрами: message: Goods.System.Social.Network.DomainModel.Entities.Message |url: http://localhost/api/Message|action: AddNewMessage
2024-06-06 23:29:37.0225|0|TRACE|Goods.System.Social.Network.DAL.Repository.Realization.ChatRepository|Вызван метод GetAsync с параметрами: id : 1 |url: http://localhost/api/Message|action: AddNewMessage
2024-06-06 23:29:37.0330|0|TRACE|Goods.System.Social.Network.DAL.Repository.Realization.ChatRepository|Вызван метод Update с параметрами: chatRoom : Goods.System.Social.Network.DomainModel.Entities.ChatRoom |url: http://localhost/api/Message|action: AddNewMessage
2024-06-06 23:29:37.0330|0|TRACE|Goods.System.Social.Network.DAL.Repository.Realization.MessageRepository|Вызван метод Create с параметрами: message : Goods.System.Social.Network.DomainModel.Entities.Message |url: http://localhost/api/Message|action: AddNewMessage
2024-06-06 23:30:21.6901|0|TRACE|DomainServices.Chat.Realization.InviteService|Вызван метод GetUsersInChatAsync с параметрами: chatId: 1 |url: http://localhost/api/Message|action: AddNewMessage
2024-06-06 23:30:21.7093|0|TRACE|Goods.System.Social.Network.DAL.Repository.Realization.UserRepository|Вызван метод GetAsync с параметрами: id : 5 |url: http://localhost/api/Message|action: AddNewMessage
2024-06-06 23:30:21.7093|0|TRACE|Goods.System.Social.Network.DAL.Repository.Realization.UserRepository|Вызван метод GetAsync с параметрами: id : 6 |url: http://localhost/api/Message|action: AddNewMessage
2024-06-06 23:31:51.2678|0|TRACE|DomainServices.Chat.Realization.ChatService|Вызван метод CreateAsync с параметрами: message: Goods.System.Social.Network.DomainModel.Entities.Message |url: http://localhost/api/Message|action: AddNewMessage
2024-06-06 23:31:51.2855|0|TRACE|Goods.System.Social.Network.DAL.Repository.Realization.ChatRepository|Вызван метод GetAsync с параметрами: id : 1 |url: http://localhost/api/Message|action: AddNewMessage
2024-06-06 23:31:53.4714|0|TRACE|Goods.System.Social.Network.DAL.Repository.Realization.ChatRepository|Вызван метод Update с параметрами: chatRoom : Goods.System.Social.Network.DomainModel.Entities.ChatRoom |url: http://localhost/api/Message|action: AddNewMessage
2024-06-06 23:31:53.6453|0|TRACE|Goods.System.Social.Network.DAL.Repository.Realization.MessageRepository|Вызван метод Create с параметрами: message : Goods.System.Social.Network.DomainModel.Entities.Message |url: http://localhost/api/Message|action: AddNewMessage
2024-06-06 23:31:58.2854|0|TRACE|DomainServices.Chat.Realization.InviteService|Вызван метод GetUsersInChatAsync с параметрами: chatId: 1 |url: http://localhost/api/Message|action: AddNewMessage
2024-06-06 23:33:27.5971|0|TRACE|DomainServices.Chat.Realization.ChatService|Вызван метод CreateAsync с параметрами: message: Goods.System.Social.Network.DomainModel.Entities.Message |url: http://localhost/api/Message|action: AddNewMessage
2024-06-06 23:33:27.6284|0|TRACE|Goods.System.Social.Network.DAL.Repository.Realization.ChatRepository|Вызван метод GetAsync с параметрами: id : 1 |url: http://localhost/api/Message|action: AddNewMessage
2024-06-06 23:33:30.0530|0|TRACE|Goods.System.Social.Network.DAL.Repository.Realization.ChatRepository|Вызван метод Update с параметрами: chatRoom : Goods.System.Social.Network.DomainModel.Entities.ChatRoom |url: http://localhost/api/Message|action: AddNewMessage
2024-06-06 23:33:30.2396|0|TRACE|Goods.System.Social.Network.DAL.Repository.Realization.MessageRepository|Вызван метод Create с параметрами: message : Goods.System.Social.Network.DomainModel.Entities.Message |url: http://localhost/api/Message|action: AddNewMessage
2024-06-06 23:33:30.4240|0|TRACE|DomainServices.Chat.Realization.InviteService|Вызван метод GetUsersInChatAsync с параметрами: chatId: 1 |url: http://localhost/api/Message|action: AddNewMessage
2024-06-06 23:33:37.5220|0|TRACE|Goods.System.Social.Network.DAL.Repository.Realization.UserRepository|Вызван метод GetAsync с параметрами: id : 5 |url: http://localhost/api/Message|action: AddNewMessage
2024-06-06 23:33:38.6944|0|TRACE|Goods.System.Social.Network.DAL.Repository.Realization.UserRepository|Вызван метод GetAsync с параметрами: id : 6 |url: http://localhost/api/Message|action: AddNewMessage
2024-06-06 23:34:03.3212|0|TRACE|DomainServices.Chat.Realization.ChatService|Вызван метод CreateAsync с параметрами: message: Goods.System.Social.Network.DomainModel.Entities.Message |url: http://localhost/api/Message|action: AddNewMessage
2024-06-06 23:34:03.3346|0|TRACE|Goods.System.Social.Network.DAL.Repository.Realization.ChatRepository|Вызван метод GetAsync с параметрами: id : 1 |url: http://localhost/api/Message|action: AddNewMessage
2024-06-06 23:34:05.2391|0|TRACE|Goods.System.Social.Network.DAL.Repository.Realization.ChatRepository|Вызван метод Update с параметрами: chatRoom : Goods.System.Social.Network.DomainModel.Entities.ChatRoom |url: http://localhost/api/Message|action: AddNewMessage
2024-06-06 23:34:05.4444|0|TRACE|Goods.System.Social.Network.DAL.Repository.Realization.MessageRepository|Вызван метод Create с параметрами: message : Goods.System.Social.Network.DomainModel.Entities.Message |url: http://localhost/api/Message|action: AddNewMessage
2024-06-06 23:34:05.6136|0|TRACE|DomainServices.Chat.Realization.InviteService|Вызван метод GetUsersInChatAsync с параметрами: chatId: 1 |url: http://localhost/api/Message|action: AddNewMessage
2024-06-06 23:35:34.5000|0|TRACE|Goods.System.Social.Network.DAL.Repository.Realization.UserRepository|Вызван метод GetAsync с параметрами: id : 5 |url: http://localhost/api/Message|action: AddNewMessage
2024-06-06 23:35:35.9808|0|TRACE|Goods.System.Social.Network.DAL.Repository.Realization.UserRepository|Вызван метод GetAsync с параметрами: id : 6 |url: http://localhost/api/Message|action: AddNewMessage
2024-06-06 23:48:08.3150|0|TRACE|DomainServices.Chat.Realization.ChatService|Вызван метод CreateAsync с параметрами: message: Goods.System.Social.Network.DomainModel.Entities.Message |url: http://localhost/api/Message|action: AddNewMessage
2024-06-06 23:48:08.3589|0|TRACE|Goods.System.Social.Network.DAL.Repository.Realization.ChatRepository|Вызван метод GetAsync с параметрами: id : 1 |url: http://localhost/api/Message|action: AddNewMessage
2024-06-06 23:48:11.4404|0|TRACE|Goods.System.Social.Network.DAL.Repository.Realization.ChatRepository|Вызван метод Update с параметрами: chatRoom : Goods.System.Social.Network.DomainModel.Entities.ChatRoom |url: http://localhost/api/Message|action: AddNewMessage
2024-06-06 23:48:11.6584|0|TRACE|Goods.System.Social.Network.DAL.Repository.Realization.MessageRepository|Вызван метод Create с параметрами: message : Goods.System.Social.Network.DomainModel.Entities.Message |url: http://localhost/api/Message|action: AddNewMessage
2024-06-06 23:48:11.8612|0|TRACE|DomainServices.Chat.Realization.InviteService|Вызван метод GetUsersInChatAsync с параметрами: chatId: 1 |url: http://localhost/api/Message|action: AddNewMessage
2024-06-06 23:48:16.1567|0|TRACE|Goods.System.Social.Network.DAL.Repository.Realization.UserRepository|Вызван метод GetAsync с параметрами: id : 5 |url: http://localhost/api/Message|action: AddNewMessage
2024-06-06 23:48:16.2430|0|TRACE|Goods.System.Social.Network.DAL.Repository.Realization.UserRepository|Вызван метод GetAsync с параметрами: id : 6 |url: http://localhost/api/Message|action: AddNewMessage
2024-06-06 23:50:20.6464|0|TRACE|DomainServices.Chat.Realization.ChatService|Вызван метод CreateAsync с параметрами: message: Goods.System.Social.Network.DomainModel.Entities.Message |url: http://localhost/api/Message|action: AddNewMessage
2024-06-06 23:50:20.6792|0|TRACE|Goods.System.Social.Network.DAL.Repository.Realization.ChatRepository|Вызван метод GetAsync с параметрами: id : 1 |url: http://localhost/api/Message|action: AddNewMessage
2024-06-06 23:50:23.5958|0|TRACE|Goods.System.Social.Network.DAL.Repository.Realization.ChatRepository|Вызван метод Update с параметрами: chatRoom : Goods.System.Social.Network.DomainModel.Entities.ChatRoom |url: http://localhost/api/Message|action: AddNewMessage
2024-06-06 23:50:23.8843|0|TRACE|Goods.System.Social.Network.DAL.Repository.Realization.MessageRepository|Вызван метод Create с параметрами: message : Goods.System.Social.Network.DomainModel.Entities.Message |url: http://localhost/api/Message|action: AddNewMessage
2024-06-06 23:50:24.0822|0|TRACE|DomainServices.Chat.Realization.InviteService|Вызван метод GetUsersInChatAsync с параметрами: chatId: 1 |url: http://localhost/api/Message|action: AddNewMessage
2024-06-06 23:50:24.1136|0|TRACE|Goods.System.Social.Network.DAL.Repository.Realization.UserRepository|Вызван метод GetAsync с параметрами: id : 5 |url: http://localhost/api/Message|action: AddNewMessage
2024-06-06 23:50:24.1712|0|TRACE|Goods.System.Social.Network.DAL.Repository.Realization.UserRepository|Вызван метод GetAsync с параметрами: id : 6 |url: http://localhost/api/Message|action: AddNewMessage
2024-06-06 23:50:33.0985|0|TRACE|DomainServices.Chat.Realization.ChatService|Вызван метод CreateAsync с параметрами: message: Goods.System.Social.Network.DomainModel.Entities.Message |url: http://localhost/api/Message|action: AddNewMessage
2024-06-06 23:50:33.0985|0|TRACE|Goods.System.Social.Network.DAL.Repository.Realization.ChatRepository|Вызван метод GetAsync с параметрами: id : 1 |url: http://localhost/api/Message|action: AddNewMessage
2024-06-06 23:50:33.0985|0|TRACE|Goods.System.Social.Network.DAL.Repository.Realization.ChatRepository|Вызван метод Update с параметрами: chatRoom : Goods.System.Social.Network.DomainModel.Entities.ChatRoom |url: http://localhost/api/Message|action: AddNewMessage
2024-06-06 23:50:33.1166|0|TRACE|Goods.System.Social.Network.DAL.Repository.Realization.MessageRepository|Вызван метод Create с параметрами: message : Goods.System.Social.Network.DomainModel.Entities.Message |url: http://localhost/api/Message|action: AddNewMessage
2024-06-06 23:50:33.1268|0|TRACE|DomainServices.Chat.Realization.InviteService|Вызван метод GetUsersInChatAsync с параметрами: chatId: 1 |url: http://localhost/api/Message|action: AddNewMessage
2024-06-06 23:50:33.1268|0|TRACE|Goods.System.Social.Network.DAL.Repository.Realization.UserRepository|Вызван метод GetAsync с параметрами: id : 5 |url: http://localhost/api/Message|action: AddNewMessage
2024-06-06 23:50:33.1268|0|TRACE|Goods.System.Social.Network.DAL.Repository.Realization.UserRepository|Вызван метод GetAsync с параметрами: id : 6 |url: http://localhost/api/Message|action: AddNewMessage
2024-06-06 23:50:52.5356|0|TRACE|DomainServices.Chat.Realization.ChatService|Вызван метод CreateAsync с параметрами: message: Goods.System.Social.Network.DomainModel.Entities.Message |url: http://localhost/api/Message|action: AddNewMessage
2024-06-06 23:50:52.5356|0|TRACE|Goods.System.Social.Network.DAL.Repository.Realization.ChatRepository|Вызван метод GetAsync с параметрами: id : 1 |url: http://localhost/api/Message|action: AddNewMessage
2024-06-06 23:50:52.5356|0|TRACE|Goods.System.Social.Network.DAL.Repository.Realization.ChatRepository|Вызван метод Update с параметрами: chatRoom : Goods.System.Social.Network.DomainModel.Entities.ChatRoom |url: http://localhost/api/Message|action: AddNewMessage
2024-06-06 23:50:52.5502|0|TRACE|Goods.System.Social.Network.DAL.Repository.Realization.MessageRepository|Вызван метод Create с параметрами: message : Goods.System.Social.Network.DomainModel.Entities.Message |url: http://localhost/api/Message|action: AddNewMessage
2024-06-06 23:50:52.5502|0|TRACE|DomainServices.Chat.Realization.InviteService|Вызван метод GetUsersInChatAsync с параметрами: chatId: 1 |url: http://localhost/api/Message|action: AddNewMessage
2024-06-06 23:50:52.5502|0|TRACE|Goods.System.Social.Network.DAL.Repository.Realization.UserRepository|Вызван метод GetAsync с параметрами: id : 5 |url: http://localhost/api/Message|action: AddNewMessage
2024-06-06 23:50:52.5502|0|TRACE|Goods.System.Social.Network.DAL.Repository.Realization.UserRepository|Вызван метод GetAsync с параметрами: id : 6 |url: http://localhost/api/Message|action: AddNewMessage
2024-06-06 23:51:20.6426|0|TRACE|DomainServices.Chat.Realization.ChatService|Вызван метод CreateAsync с параметрами: message: Goods.System.Social.Network.DomainModel.Entities.Message |url: http://localhost/api/Message|action: AddNewMessage
2024-06-06 23:51:20.6426|0|TRACE|Goods.System.Social.Network.DAL.Repository.Realization.ChatRepository|Вызван метод GetAsync с параметрами: id : 1 |url: http://localhost/api/Message|action: AddNewMessage
2024-06-06 23:51:20.6426|0|TRACE|Goods.System.Social.Network.DAL.Repository.Realization.ChatRepository|Вызван метод Update с параметрами: chatRoom : Goods.System.Social.Network.DomainModel.Entities.ChatRoom |url: http://localhost/api/Message|action: AddNewMessage
2024-06-06 23:51:20.6426|0|TRACE|Goods.System.Social.Network.DAL.Repository.Realization.MessageRepository|Вызван метод Create с параметрами: message : Goods.System.Social.Network.DomainModel.Entities.Message |url: http://localhost/api/Message|action: AddNewMessage
2024-06-06 23:51:20.6426|0|TRACE|DomainServices.Chat.Realization.InviteService|Вызван метод GetUsersInChatAsync с параметрами: chatId: 1 |url: http://localhost/api/Message|action: AddNewMessage
2024-06-06 23:51:20.6583|0|TRACE|Goods.System.Social.Network.DAL.Repository.Realization.UserRepository|Вызван метод GetAsync с параметрами: id : 5 |url: http://localhost/api/Message|action: AddNewMessage
2024-06-06 23:51:20.6583|0|TRACE|Goods.System.Social.Network.DAL.Repository.Realization.UserRepository|Вызван метод GetAsync с параметрами: id : 6 |url: http://localhost/api/Message|action: AddNewMessage
2024-06-06 23:52:34.3652|0|TRACE|DomainServices.Chat.Realization.ChatService|Вызван метод CreateAsync с параметрами: message: Goods.System.Social.Network.DomainModel.Entities.Message |url: http://localhost/api/Message|action: AddNewMessage
2024-06-06 23:52:34.3792|0|TRACE|Goods.System.Social.Network.DAL.Repository.Realization.ChatRepository|Вызван метод GetAsync с параметрами: id : 1 |url: http://localhost/api/Message|action: AddNewMessage
2024-06-06 23:52:36.2524|0|TRACE|Goods.System.Social.Network.DAL.Repository.Realization.ChatRepository|Вызван метод Update с параметрами: chatRoom : Goods.System.Social.Network.DomainModel.Entities.ChatRoom |url: http://localhost/api/Message|action: AddNewMessage
2024-06-06 23:52:36.3925|0|TRACE|Goods.System.Social.Network.DAL.Repository.Realization.MessageRepository|Вызван метод Create с параметрами: message : Goods.System.Social.Network.DomainModel.Entities.Message |url: http://localhost/api/Message|action: AddNewMessage
2024-06-06 23:52:36.5040|0|TRACE|DomainServices.Chat.Realization.InviteService|Вызван метод GetUsersInChatAsync с параметрами: chatId: 1 |url: http://localhost/api/Message|action: AddNewMessage
2024-06-06 23:52:36.5339|0|TRACE|Goods.System.Social.Network.DAL.Repository.Realization.UserRepository|Вызван метод GetAsync с параметрами: id : 5 |url: http://localhost/api/Message|action: AddNewMessage
2024-06-06 23:52:36.5759|0|TRACE|Goods.System.Social.Network.DAL.Repository.Realization.UserRepository|Вызван метод GetAsync с параметрами: id : 6 |url: http://localhost/api/Message|action: AddNewMessage
2024-06-06 23:53:11.7442|0|TRACE|DomainServices.Chat.Realization.ChatService|Вызван метод CreateAsync с параметрами: message: Goods.System.Social.Network.DomainModel.Entities.Message |url: http://localhost/api/Message|action: AddNewMessage
2024-06-06 23:53:11.7442|0|TRACE|Goods.System.Social.Network.DAL.Repository.Realization.ChatRepository|Вызван метод GetAsync с параметрами: id : 1 |url: http://localhost/api/Message|action: AddNewMessage
2024-06-06 23:53:11.7526|0|TRACE|Goods.System.Social.Network.DAL.Repository.Realization.ChatRepository|Вызван метод Update с параметрами: chatRoom : Goods.System.Social.Network.DomainModel.Entities.ChatRoom |url: http://localhost/api/Message|action: AddNewMessage
2024-06-06 23:53:11.7526|0|TRACE|Goods.System.Social.Network.DAL.Repository.Realization.MessageRepository|Вызван метод Create с параметрами: message : Goods.System.Social.Network.DomainModel.Entities.Message |url: http://localhost/api/Message|action: AddNewMessage
2024-06-06 23:53:11.7526|0|TRACE|DomainServices.Chat.Realization.InviteService|Вызван метод GetUsersInChatAsync с параметрами: chatId: 1 |url: http://localhost/api/Message|action: AddNewMessage
2024-06-06 23:53:11.7677|0|TRACE|Goods.System.Social.Network.DAL.Repository.Realization.UserRepository|Вызван метод GetAsync с параметрами: id : 5 |url: http://localhost/api/Message|action: AddNewMessage
2024-06-06 23:53:11.7677|0|TRACE|Goods.System.Social.Network.DAL.Repository.Realization.UserRepository|Вызван метод GetAsync с параметрами: id : 6 |url: http://localhost/api/Message|action: AddNewMessage
