2024-07-17 00:15:40.5575|0|TRACE|DomainServices.Chat.Realization.ChatService|Вызван метод GetChatsAsync с параметрами: userId: 8, number: 0, search: |url: http://localhost/api/Chat/all|action: GetChats
2024-07-17 00:15:40.5915|0|TRACE|Goods.System.Social.Network.DAL.Repository.Realization.ChatRepository|Вызван метод GetAllAsync |url: http://localhost/api/Chat/all|action: GetChats
2024-07-17 00:29:46.5011|0|TRACE|DomainServices.Chat.Realization.ChatService|Вызван метод GetChatsAsync с параметрами: userId: 8, number: 0, search: |url: http://localhost/api/Chat/all|action: GetChats
2024-07-17 00:29:46.5253|0|TRACE|Goods.System.Social.Network.DAL.Repository.Realization.ChatRepository|Вызван метод GetAllAsync |url: http://localhost/api/Chat/all|action: GetChats
2024-07-17 00:32:43.5759|0|TRACE|DomainServices.Chat.Realization.ChatService|Вызван метод GetChatsAsync с параметрами: userId: 8, number: 0, search: |url: http://localhost/api/Chat/all|action: GetChats
2024-07-17 00:32:43.5990|0|TRACE|Goods.System.Social.Network.DAL.Repository.Realization.ChatRepository|Вызван метод GetAllAsync |url: http://localhost/api/Chat/all|action: GetChats
2024-07-17 00:34:01.8551|0|TRACE|DomainServices.Chat.Realization.ChatService|Вызван метод GetChatsAsync с параметрами: userId: 8, number: 0, search: |url: http://localhost/api/Chat/all|action: GetChats
2024-07-17 00:34:01.8782|0|TRACE|Goods.System.Social.Network.DAL.Repository.Realization.ChatRepository|Вызван метод GetAllAsync |url: http://localhost/api/Chat/all|action: GetChats
2024-07-17 00:34:20.8967|0|TRACE|DomainServices.Chat.Realization.ChatService|Вызван метод GetChatsAsync с параметрами: userId: 8, number: 0, search: |url: http://localhost/api/Chat/all|action: GetChats
2024-07-17 00:34:20.8967|0|TRACE|Goods.System.Social.Network.DAL.Repository.Realization.ChatRepository|Вызван метод GetAllAsync |url: http://localhost/api/Chat/all|action: GetChats
2024-07-17 00:37:33.3540|0|TRACE|DomainServices.Chat.Realization.ChatService|Вызван метод GetChatsAsync с параметрами: userId: 8, number: 0, search: |url: http://localhost/api/Chat/all|action: GetChats
2024-07-17 00:37:33.3790|0|TRACE|Goods.System.Social.Network.DAL.Repository.Realization.ChatRepository|Вызван метод GetAllAsync |url: http://localhost/api/Chat/all|action: GetChats
2024-07-17 00:37:43.1539|0|TRACE|DomainServices.Chat.Realization.ChatService|Вызван метод GetChatsAsync с параметрами: userId: 8, number: 0, search: |url: http://localhost/api/Chat/all|action: GetChats
2024-07-17 00:37:43.1539|0|TRACE|Goods.System.Social.Network.DAL.Repository.Realization.ChatRepository|Вызван метод GetAllAsync |url: http://localhost/api/Chat/all|action: GetChats
2024-07-17 00:37:57.9577|0|TRACE|DomainServices.Chat.Realization.ChatService|Вызван метод GetChatsAsync с параметрами: userId: 8, number: 0, search: |url: http://localhost/api/Chat/all|action: GetChats
2024-07-17 00:37:57.9577|0|TRACE|Goods.System.Social.Network.DAL.Repository.Realization.ChatRepository|Вызван метод GetAllAsync |url: http://localhost/api/Chat/all|action: GetChats
2024-07-17 00:39:37.8732|0|TRACE|DomainServices.Chat.Realization.ChatService|Вызван метод GetChatsAsync с параметрами: userId: 8, number: 0, search: |url: http://localhost/api/Chat/all|action: GetChats
2024-07-17 00:39:37.8980|0|TRACE|Goods.System.Social.Network.DAL.Repository.Realization.ChatRepository|Вызван метод GetAllAsync |url: http://localhost/api/Chat/all|action: GetChats
2024-07-17 00:40:15.3181|0|TRACE|DomainServices.Chat.Realization.ChatService|Вызван метод GetChatsAsync с параметрами: userId: 8, number: 0, search: |url: http://localhost/api/Chat/all|action: GetChats
2024-07-17 00:40:15.3181|0|TRACE|Goods.System.Social.Network.DAL.Repository.Realization.ChatRepository|Вызван метод GetAllAsync |url: http://localhost/api/Chat/all|action: GetChats
2024-07-17 00:40:30.6621|0|TRACE|DomainServices.Chat.Realization.ChatService|Вызван метод GetChatsAsync с параметрами: userId: 8, number: 0, search: |url: http://localhost/api/Chat/all|action: GetChats
2024-07-17 00:40:30.6867|0|TRACE|Goods.System.Social.Network.DAL.Repository.Realization.ChatRepository|Вызван метод GetAllAsync |url: http://localhost/api/Chat/all|action: GetChats
2024-07-17 00:40:57.7438|0|TRACE|DomainServices.Chat.Realization.ChatService|Вызван метод GetChatsAsync с параметрами: userId: 8, number: 0, search: |url: http://localhost/api/Chat/all|action: GetChats
2024-07-17 00:40:57.7438|0|TRACE|Goods.System.Social.Network.DAL.Repository.Realization.ChatRepository|Вызван метод GetAllAsync |url: http://localhost/api/Chat/all|action: GetChats
2024-07-17 00:41:39.6868|0|TRACE|DomainServices.Chat.Realization.ChatService|Вызван метод GetChatsAsync с параметрами: userId: 8, number: 0, search: |url: http://localhost/api/Chat/all|action: GetChats
2024-07-17 00:41:39.7140|0|TRACE|Goods.System.Social.Network.DAL.Repository.Realization.ChatRepository|Вызван метод GetAllAsync |url: http://localhost/api/Chat/all|action: GetChats
2024-07-17 00:42:49.5306|0|TRACE|DomainServices.Chat.Realization.ChatService|Вызван метод GetChatsAsync с параметрами: userId: 8, number: 0, search: |url: http://localhost/api/Chat/all|action: GetChats
2024-07-17 00:42:49.5536|0|TRACE|Goods.System.Social.Network.DAL.Repository.Realization.ChatRepository|Вызван метод GetAllAsync |url: http://localhost/api/Chat/all|action: GetChats
2024-07-17 00:44:01.1083|0|TRACE|DomainServices.Chat.Realization.ChatService|Вызван метод GetChatsAsync с параметрами: userId: 8, number: 0, search: |url: http://localhost/api/Chat/all|action: GetChats
2024-07-17 00:44:01.1324|0|TRACE|Goods.System.Social.Network.DAL.Repository.Realization.ChatRepository|Вызван метод GetAllAsync |url: http://localhost/api/Chat/all|action: GetChats
2024-07-17 00:44:56.6982|0|TRACE|DomainServices.Chat.Realization.ChatService|Вызван метод GetChatsAsync с параметрами: userId: 8, number: 0, search: |url: http://localhost/api/Chat/all|action: GetChats
2024-07-17 00:44:56.7215|0|TRACE|Goods.System.Social.Network.DAL.Repository.Realization.ChatRepository|Вызван метод GetAllAsync |url: http://localhost/api/Chat/all|action: GetChats
2024-07-17 00:45:24.5207|0|TRACE|DomainServices.Chat.Realization.ChatService|Вызван метод GetChatsAsync с параметрами: userId: 8, number: 0, search: |url: http://localhost/api/Chat/all|action: GetChats
2024-07-17 00:45:24.5475|0|TRACE|Goods.System.Social.Network.DAL.Repository.Realization.ChatRepository|Вызван метод GetAllAsync |url: http://localhost/api/Chat/all|action: GetChats
2024-07-17 00:46:39.7120|0|TRACE|DomainServices.Chat.Realization.ChatService|Вызван метод GetChatsAsync с параметрами: userId: 8, number: 0, search: |url: http://localhost/api/Chat/all|action: GetChats
2024-07-17 00:46:39.7361|0|TRACE|Goods.System.Social.Network.DAL.Repository.Realization.ChatRepository|Вызван метод GetAllAsync |url: http://localhost/api/Chat/all|action: GetChats
2024-07-17 02:42:08.4973|0|TRACE|DomainServices.Chat.Realization.ChatService|Вызван метод Create с параметрами: chatRoom: Goods.System.Social.Network.Microservice.Chats.Entities.ViewModels.ChatRoomViewModel, userId: 5 |url: http://localhost/api/Chat|action: AddNewChat
2024-07-17 02:42:08.5352|0|TRACE|Goods.System.Social.Network.DAL.Repository.Realization.ChatRepository|Вызван метод Create с параметрами: chatRoom : 5 |url: http://localhost/api/Chat|action: AddNewChat
2024-07-17 02:42:12.8247|0|TRACE|DomainServices.Chat.Realization.ChatService|Вызван метод CreateAsync с параметрами: message: Goods.System.Social.Network.DomainModel.Entities.Message |url: http://localhost/api/Chat|action: AddNewChat
2024-07-17 02:42:12.8247|0|TRACE|Goods.System.Social.Network.DAL.Repository.Realization.ChatRepository|Вызван метод GetAsync с параметрами: id : 19 |url: http://localhost/api/Chat|action: AddNewChat
2024-07-17 02:42:12.8883|0|TRACE|Goods.System.Social.Network.DAL.Repository.Realization.ChatRepository|Вызван метод Update с параметрами: chatRoom : Goods.System.Social.Network.DomainModel.Entities.ChatRoom |url: http://localhost/api/Chat|action: AddNewChat
2024-07-17 02:42:12.8981|0|TRACE|Goods.System.Social.Network.DAL.Repository.Realization.MessageRepository|Вызван метод Create с параметрами: message : Goods.System.Social.Network.DomainModel.Entities.Message |url: http://localhost/api/Chat|action: AddNewChat
2024-07-17 02:42:44.0134|0|TRACE|DomainServices.Chat.Realization.InviteService|Вызван метод InvateUserInChatAsync с параметрами: chatRoomUser: Goods.System.Social.Network.DomainModel.Entities.ChatRoomUser |url: http://localhost/api/Chat|action: AddNewChat
2024-07-17 02:42:44.0224|0|TRACE|Goods.System.Social.Network.DAL.Repository.Realization.ChatRepository|Вызван метод GetAsync с параметрами: id : 19 |url: http://localhost/api/Chat|action: AddNewChat
